0.744699
0.190123
0.0485384
0.0123918
0.00316362
0.000807667
0.000206195
5.26408e-05
1.34389e-05
3.43089e-06
8.75884e-07
2.23607e-07
5.7085e-08
1.45733e-08
3.72042e-09
9.49783e-10
2.42469e-10
6.18992e-11
1.58021e-11
4.03404e-12
1.02983e-12
2.62899e-13
6.71138e-14
1.7133e-14
4.37373e-15
1.11653e-15
2.85027e-16
7.27614e-17
1.85744e-17
4.74162e-18
1.21042e-18
3.08991e-19
7.88777e-20
2.01354e-20
5.14002e-21
1.3121e-21
3.34942e-22
8.55008e-23
2.18257e-23
5.57142e-24
1.4222e-24
3.63042e-25
20.6853103794
