 COLOCANDO 0 Q EH Liraandherbestf
 COLOCANDO 0 Q EH iraandherbestfr
 COLOCANDO 0 Q EH raandherbestfri
 COLOCANDO 0 Q EH aandherbestfrie
 COLOCANDO 0 Q EH andherbestfrien
 COLOCANDO 0 Q EH ndherbestfriend
 COLOCANDO 0 Q EH dherbestfrienda
 COLOCANDO 0 Q EH herbestfriendar
 COLOCANDO 0 Q EH erbestfriendare
 COLOCANDO 0 Q EH rbestfriendaren
 COLOCANDO 0 Q EH bestfriendareno
 COLOCANDO 0 Q EH estfriendarenow
 COLOCANDO 0 Q EH stfriendarenowe
 COLOCANDO 0 Q EH tfriendarenowen
 COLOCANDO 0 Q EH friendarenowend
 COLOCANDO 0 Q EH riendarenowendi
 COLOCANDO 0 Q EH iendarenowendin
 COLOCANDO 0 Q EH endarenowending
 COLOCANDO 0 Q EH ndarenowendingh
 COLOCANDO 0 Q EH darenowendinghi
 COLOCANDO 0 Q EH arenowendinghig
 COLOCANDO 0 Q EH renowendinghigh
 COLOCANDO 0 Q EH enowendinghighs
 COLOCANDO 0 Q EH nowendinghighsc
 COLOCANDO 0 Q EH owendinghighsch
 COLOCANDO 0 Q EH wendinghighscho
 COLOCANDO 0 Q EH endinghighschoo
 COLOCANDO 0 Q EH ndinghighschool
 COLOCANDO 0 Q EH dinghighschoola
 COLOCANDO 0 Q EH inghighschoolan
 COLOCANDO 0 Q EH nghighschooland
 COLOCANDO 0 Q EH ghighschoolands
 COLOCANDO 0 Q EH highschoolandso
 COLOCANDO 0 Q EH ighschoolandsoo
 COLOCANDO 0 Q EH ghschoolandsoon
 COLOCANDO 0 Q EH hschoolandsoont
 COLOCANDO 0 Q EH schoolandsoonth
 COLOCANDO 0 Q EH choolandsoonthe
 COLOCANDO 0 Q EH hoolandsoonthey
 COLOCANDO 0 Q EH oolandsoontheyb
 COLOCANDO 0 Q EH olandsoontheybo
 COLOCANDO 0 Q EH landsoontheybot
 COLOCANDO 0 Q EH andsoontheyboth
 COLOCANDO 0 Q EH ndsoontheybothw
 COLOCANDO 0 Q EH dsoontheybothwi
 COLOCANDO 0 Q EH soontheybothwil
 COLOCANDO 0 Q EH oontheybothwill
 COLOCANDO 0 Q EH ontheybothwillh
 COLOCANDO 0 Q EH ntheybothwillhe
 COLOCANDO 0 Q EH theybothwillhea
 COLOCANDO 0 Q EH heybothwillhead
 COLOCANDO 0 Q EH eybothwillheads
 COLOCANDO 0 Q EH ybothwillheadse
 COLOCANDO 0 Q EH bothwillheadsep
 COLOCANDO 0 Q EH othwillheadsepa
 COLOCANDO 0 Q EH thwillheadsepar
 COLOCANDO 0 Q EH hwillheadsepara
 COLOCANDO 0 Q EH willheadseparat
 COLOCANDO 0 Q EH illheadseparate
 COLOCANDO 0 Q EH llheadseparatew
 COLOCANDO 0 Q EH lheadseparatewa
 COLOCANDO 0 Q EH headseparateway
 COLOCANDO 0 Q EH eadseparateways
 COLOCANDO 0 Q EH adseparatewaysL
 COLOCANDO 0 Q EH dseparatewaysLi
 COLOCANDO 0 Q EH separatewaysLir
 COLOCANDO 0 Q EH eparatewaysLira
 COLOCANDO 0 Q EH paratewaysLiraw
 COLOCANDO 0 Q EH aratewaysLirawi
 COLOCANDO 0 Q EH ratewaysLirawil
 COLOCANDO 0 Q EH atewaysLirawill
 COLOCANDO 0 Q EH tewaysLirawillo
 COLOCANDO 0 Q EH ewaysLirawillob
 COLOCANDO 0 Q EH waysLirawillobv
 COLOCANDO 0 Q EH aysLirawillobvi
 COLOCANDO 0 Q EH ysLirawillobvio
 COLOCANDO 0 Q EH sLirawillobviou
 COLOCANDO 0 Q EH Lirawillobvious
 COLOCANDO 0 Q EH irawillobviousl
 COLOCANDO 0 Q EH rawillobviously
 COLOCANDO 0 Q EH awillobviouslys
 COLOCANDO 0 Q EH willobviouslyst
 COLOCANDO 0 Q EH illobviouslystu
 COLOCANDO 0 Q EH llobviouslystud
 COLOCANDO 0 Q EH lobviouslystudy
 COLOCANDO 0 Q EH obviouslystudyC
 COLOCANDO 0 Q EH bviouslystudyCo
 COLOCANDO 0 Q EH viouslystudyCom
 COLOCANDO 0 Q EH iouslystudyComp
 COLOCANDO 0 Q EH ouslystudyCompu
 COLOCANDO 0 Q EH uslystudyComput
 COLOCANDO 0 Q EH slystudyCompute
 COLOCANDO 0 Q EH lystudyComputer
 COLOCANDO 0 Q EH ystudyComputerS
 COLOCANDO 0 Q EH studyComputerSc
 COLOCANDO 0 Q EH tudyComputerSci
 COLOCANDO 0 Q EH udyComputerScie
 COLOCANDO 0 Q EH dyComputerScien
 COLOCANDO 0 Q EH yComputerScienc
 COLOCANDO 0 Q EH ComputerScience
 COLOCANDO 0 Q EH omputerSciencew
 COLOCANDO 0 Q EH mputerSciencewh
 COLOCANDO 0 Q EH puterSciencewhi
 COLOCANDO 0 Q EH uterSciencewhil
 COLOCANDO 0 Q EH terSciencewhile
 COLOCANDO 0 Q EH erSciencewhileh
 COLOCANDO 0 Q EH rSciencewhilehe
 COLOCANDO 0 Q EH Sciencewhileher
 COLOCANDO 0 Q EH ciencewhileherb
 COLOCANDO 0 Q EH iencewhileherbe
 COLOCANDO 0 Q EH encewhileherbes
 COLOCANDO 0 Q EH ncewhileherbest
 COLOCANDO 0 Q EH cewhileherbestf
 COLOCANDO 0 Q EH ewhileherbestfr
 COLOCANDO 0 Q EH whileherbestfri
 COLOCANDO 0 Q EH hileherbestfrie
 COLOCANDO 0 Q EH ileherbestfrien
 COLOCANDO 0 Q EH leherbestfriend
 COLOCANDO 0 Q EH eherbestfriendw
 COLOCANDO 0 Q EH herbestfriendwi
 COLOCANDO 0 Q EH erbestfriendwil
 COLOCANDO 0 Q EH rbestfriendwill
 COLOCANDO 0 Q EH bestfriendwills
 COLOCANDO 0 Q EH estfriendwillst
 COLOCANDO 0 Q EH stfriendwillstu
 COLOCANDO 0 Q EH tfriendwillstud
 COLOCANDO 0 Q EH friendwillstudy
 COLOCANDO 0 Q EH riendwillstudyA
 COLOCANDO 0 Q EH iendwillstudyAr
 COLOCANDO 0 Q EH endwillstudyArt
 COLOCANDO 0 Q EH ndwillstudyArts
 COLOCANDO 0 Q EH dwillstudyArts$
ACHEI 0 Q EH However,Compute
However,Compute
15
