Case #1: 15 25
Case #2: 0 0
Case #3: 81 567
Case #4: 181 244
Case #5: 0 0
Case #6: 500 500
Case #7: 100 900
Case #8: 61 136
Case #9: 101 204
Case #10: 124 247
Case #11: 111 291
Case #12: 147 457
Case #13: 153 412
Case #14: 172 496
Case #15: 145 301
Case #16: 211 377
Case #17: 152 321
Case #18: 139 435
Case #19: 236 510
Case #20: 205 570
Case #21: 155 296
Case #22: 118 223
Case #23: 223 531
Case #24: 147 433
Case #25: 237 365
Case #26: 110 278
Case #27: 128 345
Case #28: 140 297
Case #29: 150 445
Case #30: 101 242
Case #31: 164 261
Case #32: 165 321
Case #33: 125 358
Case #34: 152 380
Case #35: 144 404
Case #36: 264 505
Case #37: 80 226
Case #38: 118 336
Case #39: 133 436
Case #40: 156 384
Case #41: 289 452
Case #42: 161 341
Case #43: 158 339
Case #44: 112 364
Case #45: 160 370
Case #46: 91 431
Case #47: 206 510
Case #48: 109 254
Case #49: 107 445
Case #50: 101 409
Case #51: 116 384
Case #52: 115 306
Case #53: 206 511
Case #54: 126 399
Case #55: 143 384
Case #56: 206 446
Case #57: 123 315
Case #58: 170 446
Case #59: 178 491
Case #60: 177 377
Case #61: 157 454
Case #62: 179 433
Case #63: 85 196
Case #64: 224 383
Case #65: 163 400
Case #66: 149 396
Case #67: 86 257
Case #68: 63 169
Case #69: 125 316
Case #70: 79 223
Case #71: 133 270
Case #72: 149 417
Case #73: 123 386
Case #74: 158 375
Case #75: 137 426
Case #76: 243 353
Case #77: 106 254
Case #78: 114 360
Case #79: 163 288
Case #80: 214 374
Case #81: 168 525
Case #82: 123 321
Case #83: 185 441
Case #84: 66 247
Case #85: 163 359
Case #86: 153 374
Case #87: 83 182
Case #88: 65 359
Case #89: 195 430
Case #90: 195 340
Case #91: 139 378
Case #92: 97 363
Case #93: 116 343
Case #94: 172 332
Case #95: 124 220
Case #96: 163 358
Case #97: 221 496
Case #98: 138 408
Case #99: 66 187
Case #100: 129 287
