BN 1 0
BN 2000 0
BN 1.999e+06 0
BN 1.33133e+09 0
BN 6.64668e+11 0
BN 2.65336e+14 0
BN 8.82241e+16 0
BN 2.51313e+19 0
BN 6.26083e+21 0
BN 1.38573e+24 0
BN 2.75899e+26 0
BN 4.99126e+28 0
BN 8.27301e+30 0
BN 1.26513e+33 0
BN 1.79559e+35 0
BN 2.37736e+37 0
BN 2.94941e+39 0
BN 3.44213e+41 0
BN 3.79208e+43 0
BN 3.95574e+45 0
BN 3.91816e+47 0
BN 3.69427e+49 0
BN 3.32316e+51 0
BN 2.85792e+53 0
BN 2.35421e+55 0
BN 1.86077e+57 0
BN 1.41347e+59 0
BN 1.0334e+61 0
BN 7.2818e+62 0
BN 4.95162e+64 0
BN 3.25322e+66 0
BN 2.06737e+68 0
BN 1.27208e+70 0
BN 7.5862e+71 0
BN 4.38884e+73 0
BN 2.46527e+75 0
BN 1.34563e+77 0
BN 7.14274e+78 0
BN 3.68979e+80 0
BN 1.85625e+82 0
BN 9.10026e+83 0
BN 4.35037e+85 0
BN 2.02914e+87 0
BN 9.23965e+88 0
BN 4.10954e+90 0
BN 1.78628e+92 0
BN 7.59169e+93 0
BN 3.15621e+95 0
BN 1.28418e+97 0
BN 5.11576e+98 0
BN 1.99617e+100 0
BN 7.63241e+101 0
BN 2.86069e+103 0
BN 1.05144e+105 0
BN 3.79102e+106 0
BN 1.34133e+108 0
BN 4.65873e+109 0
BN 1.58887e+111 0
BN 5.32272e+112 0
BN 1.75199e+114 0
BN 5.66768e+115 0
BN 1.80251e+117 0
BN 5.6372e+118 0
BN 1.73411e+120 0
BN 5.24839e+121 0
BN 1.56321e+123 0
BN 4.58305e+124 0
BN 1.32293e+126 0
BN 3.76062e+127 0
BN 1.05297e+129 0
BN 2.9047e+130 0
BN 7.89589e+131 0
BN 2.11544e+133 0
BN 5.58708e+134 0
BN 1.45491e+136 0
BN 3.7362e+137 0
BN 9.46339e+138 0
BN 2.36462e+140 0
BN 5.8297e+141 0
BN 1.41831e+143 0
BN 3.40572e+144 0
BN 8.07283e+145 0
BN 1.88924e+147 0
BN 4.36574e+148 0
BN 9.96323e+149 0
BN 2.24583e+151 0
BN 5.00089e+152 0
BN 1.1002e+154 0
BN 2.39167e+155 0
BN 5.13807e+156 0
BN 1.09098e+158 0
BN 2.28987e+159 0
BN 4.75147e+160 0
BN 9.74818e+161 0
BN 1.97764e+163 0
BN 3.96776e+164 0
BN 7.87353e+165 0
BN 1.54548e+167 0
BN 3.00108e+168 0
BN 5.76571e+169 0
BN 1.09606e+171 0
BN 2.0619e+172 0
BN 3.83877e+173 0
BN 7.07377e+174 0
BN 1.29028e+176 0
BN 2.32988e+177 0
BN 4.16521e+178 0
BN 7.37282e+179 0
BN 1.29229e+181 0
BN 2.24313e+182 0
BN 3.85615e+183 0
BN 6.56588e+184 0
BN 1.10741e+186 0
BN 1.85025e+187 0
BN 3.06265e+188 0
BN 5.02274e+189 0
BN 8.16196e+190 0
BN 1.31428e+192 0
BN 2.09729e+193 0
BN 3.31688e+194 0
BN 5.19922e+195 0
BN 8.07812e+196 0
BN 1.24416e+198 0
BN 1.89962e+199 0
BN 2.87548e+200 0
BN 4.31552e+201 0
BN 6.42191e+202 0
BN 9.4761e+203 0
BN 1.38662e+205 0
BN 2.01221e+206 0
BN 2.89604e+207 0
BN 4.13404e+208 0
BN 5.85342e+209 0
BN 8.2212e+210 0
BN 1.14545e+212 0
BN 1.58326e+213 0
BN 2.17116e+214 0
BN 2.95405e+215 0
BN 3.98797e+216 0
BN 5.34215e+217 0
BN 7.10125e+218 0
BN 9.36761e+219 0
BN 1.22636e+221 0
BN 1.59342e+222 0
BN 2.05484e+223 0
BN 2.6302e+224 0
BN 3.34179e+225 0
BN 4.21475e+226 0
BN 5.27699e+227 0
BN 6.55904e+228 0
BN 8.09386e+229 0
BN 9.91632e+230 0
BN 1.20627e+232 0
BN 1.45698e+233 0
BN 1.74743e+234 0
BN 2.08114e+235 0
BN 2.46134e+236 0
BN 2.8909e+237 0
BN 3.37211e+238 0
BN 3.90656e+239 0
BN 4.49498e+240 0
BN 5.13712e+241 0
BN 5.83159e+242 0
BN 6.57574e+243 0
BN 7.36563e+244 0
BN 8.19594e+245 0
BN 9.05997e+246 0
BN 9.94969e+247 0
BN 1.08558e+249 0
BN 1.1768e+250 0
BN 1.26748e+251 0
BN 1.35643e+252 0
BN 1.44239e+253 0
BN 1.52409e+254 0
BN 1.6003e+255 0
BN 1.6698e+256 0
BN 1.73146e+257 0
BN 1.78429e+258 0
BN 1.82739e+259 0
BN 1.86006e+260 0
BN 1.88176e+261 0
BN 1.89216e+262 0
BN 1.89112e+263 0
BN 1.87872e+264 0
BN 1.85523e+265 0
BN 1.82114e+266 0
BN 1.77708e+267 0
BN 1.72386e+268 0
BN 1.66242e+269 0
BN 1.59382e+270 0
BN 1.51916e+271 0
BN 1.43962e+272 0
BN 1.35639e+273 0
BN 1.27065e+274 0
BN 1.18354e+275 0
BN 1.09614e+276 0
BN 1.00946e+277 0
BN 9.24396e+277 0
BN 8.4176e+278 0
BN 7.62237e+279 0
BN 6.86395e+280 0
BN 6.14682e+281 0
BN 5.47432e+282 0
BN 4.84868e+283 0
BN 4.27112e+284 0
BN 3.74192e+285 0
BN 3.26055e+286 0
BN 2.82581e+287 0
BN 2.43591e+288 0
BN 2.08858e+289 0
BN 1.78126e+290 0
BN 1.51112e+291 0
BN 1.27519e+292 0
BN 1.07044e+293 0
BN 8.93865e+293 0
BN 7.42532e+294 0
BN 6.1362e+295 0
BN 5.04469e+296 0
BN 4.126e+297 0
BN 3.35732e+298 0
BN 2.71791e+299 0
BN 2.18908e+300 0
BN 1.75422e+301 0
BN 1.39866e+302 0
BN 1.10956e+303 0
BN 8.75814e+303 0
BN 6.87863e+304 0
BN 5.37563e+305 0
BN inf -nan
BN inf -nan
BN inf -nan
BN inf -nan
BN inf -nan
BN inf -nan
BN inf -nan
BN inf -nan
BN inf -nan
BN inf -nan
BN inf -nan
BN inf -nan
BN inf -nan
BN inf -nan
BN inf -nan
BN inf -nan
BN inf -nan
BN inf -nan
BN inf -nan
BN inf -nan
BN inf -nan
BN inf -nan
BN inf -nan
BN inf -nan
BN inf -nan
BN inf -nan
BN inf -nan
BN inf -nan
BN inf -nan
BN inf -nan
BN inf -nan
BN inf -nan
BN inf -nan
BN inf -nan
BN inf -nan
BN inf -nan
BN inf -nan
BN inf -nan
BN inf -nan
BN inf -nan
BN inf -nan
BN inf -nan
BN inf -nan
BN inf -nan
BN inf -nan
BN inf -nan
BN inf -nan
BN inf -nan
BN inf -nan
BN inf -nan
BN inf -nan
BN inf -nan
BN inf -nan
BN inf -nan
BN inf -nan
BN inf -nan
BN inf -nan
BN inf -nan
BN inf -nan
BN inf -nan
BN inf -nan
BN inf -nan
BN inf -nan
BN inf -nan
BN inf -nan
BN inf -nan
BN inf -nan
BN inf -nan
BN inf -nan
BN inf -nan
BN inf -nan
BN inf -nan
BN inf -nan
BN inf -nan
BN inf -nan
BN inf -nan
BN inf -nan
BN inf -nan
BN inf -nan
BN inf -nan
BN inf -nan
BN inf -nan
BN inf -nan
BN inf -nan
BN inf -nan
BN inf -nan
BN inf -nan
BN inf -nan
BN inf -nan
BN inf -nan
BN inf -nan
BN inf -nan
BN inf -nan
BN inf -nan
BN inf -nan
BN inf -nan
BN inf -nan
BN inf -nan
BN inf -nan
BN inf -nan
BN inf -nan
BN inf -nan
BN inf -nan
BN inf -nan
BN inf -nan
BN inf -nan
BN inf -nan
BN inf -nan
BN inf -nan
BN inf -nan
BN inf -nan
BN inf -nan
BN inf -nan
BN inf -nan
BN inf -nan
BN inf -nan
BN inf -nan
BN inf -nan
BN inf -nan
BN inf -nan
BN inf -nan
BN inf -nan
BN inf -nan
BN inf -nan
BN inf -nan
BN inf -nan
BN inf -nan
BN inf -nan
BN inf -nan
BN inf -nan
BN inf -nan
BN inf -nan
BN inf -nan
BN inf -nan
BN inf -nan
BN inf -nan
BN inf -nan
BN inf -nan
BN inf -nan
BN inf -nan
BN inf -nan
BN inf -nan
BN inf -nan
BN inf -nan
BN inf -nan
BN inf -nan
BN inf -nan
BN inf -nan
BN inf -nan
BN inf -nan
BN inf -nan
BN inf -nan
BN inf -nan
BN inf -nan
BN inf -nan
BN inf -nan
BN inf -nan
BN inf -nan
BN inf -nan
BN inf -nan
BN inf -nan
BN inf -nan
BN inf -nan
BN inf -nan
BN inf -nan
BN inf -nan
BN inf -nan
BN inf -nan
BN inf -nan
BN inf -nan
BN inf -nan
BN inf -nan
BN inf -nan
BN inf -nan
BN inf -nan
BN inf -nan
BN inf -nan
BN inf -nan
BN inf -nan
BN inf -nan
BN inf -nan
BN inf -nan
BN inf -nan
BN inf -nan
BN inf -nan
BN inf -nan
BN inf -nan
BN inf -nan
BN inf -nan
BN inf -nan
BN inf -nan
BN inf -nan
BN inf -nan
BN inf -nan
BN inf -nan
BN inf -nan
BN inf -nan
BN inf -nan
BN inf -nan
BN inf -nan
BN inf -nan
BN inf -nan
BN inf -nan
BN inf -nan
BN inf -nan
BN inf -nan
BN inf -nan
BN inf -nan
BN inf -nan
BN inf -nan
BN inf -nan
BN inf -nan
BN inf -nan
BN inf -nan
BN inf -nan
BN inf -nan
BN inf -nan
BN inf -nan
BN inf -nan
BN inf -nan
BN inf -nan
BN inf -nan
BN inf -nan
BN inf -nan
BN inf -nan
BN inf -nan
BN inf -nan
BN inf -nan
BN inf -nan
BN inf -nan
BN inf -nan
BN inf -nan
BN inf -nan
BN inf -nan
BN inf -nan
BN inf -nan
BN inf -nan
BN inf -nan
BN inf -nan
BN inf -nan
BN inf -nan
BN inf -nan
BN inf -nan
BN inf -nan
BN inf -nan
BN inf -nan
BN inf -nan
BN inf -nan
BN inf -nan
BN inf -nan
BN inf -nan
BN inf -nan
BN inf -nan
BN inf -nan
BN inf -nan
BN inf -nan
BN inf -nan
BN inf -nan
BN inf -nan
BN inf -nan
BN inf -nan
BN inf -nan
BN inf -nan
BN inf -nan
BN inf -nan
BN inf -nan
BN inf -nan
BN inf -nan
BN inf -nan
BN inf -nan
BN inf -nan
BN inf -nan
BN inf -nan
BN inf -nan
BN inf -nan
BN inf -nan
BN inf -nan
BN inf -nan
BN inf -nan
BN inf -nan
BN inf -nan
BN inf -nan
BN inf -nan
BN inf -nan
BN inf -nan
BN inf -nan
BN inf -nan
BN inf -nan
BN inf -nan
BN inf -nan
BN inf -nan
BN inf -nan
BN inf -nan
BN inf -nan
BN inf -nan
BN inf -nan
BN inf -nan
BN inf -nan
BN inf -nan
BN inf -nan
BN inf -nan
BN inf -nan
BN inf -nan
BN inf -nan
BN inf -nan
BN inf -nan
BN inf -nan
BN inf -nan
BN inf -nan
BN inf -nan
BN inf -nan
BN inf -nan
BN inf -nan
BN inf -nan
BN inf -nan
BN inf -nan
BN inf -nan
BN inf -nan
BN inf -nan
BN inf -nan
BN inf -nan
BN inf -nan
BN inf -nan
BN inf -nan
BN inf -nan
BN inf -nan
BN inf -nan
BN inf -nan
BN inf -nan
BN inf -nan
BN inf -nan
BN inf -nan
BN inf -nan
BN inf -nan
BN inf -nan
BN inf -nan
BN inf -nan
BN inf -nan
BN inf -nan
BN inf -nan
BN inf -nan
BN inf -nan
BN inf -nan
BN inf -nan
BN inf -nan
BN inf -nan
BN inf -nan
BN inf -nan
BN inf -nan
BN inf -nan
BN inf -nan
BN inf -nan
BN inf -nan
BN inf -nan
BN inf -nan
BN inf -nan
BN inf -nan
BN inf -nan
BN inf -nan
BN inf -nan
BN inf -nan
BN inf -nan
BN inf -nan
BN inf -nan
BN inf -nan
BN inf -nan
BN inf -nan
BN inf -nan
BN inf -nan
BN inf -nan
BN inf -nan
BN inf -nan
BN inf -nan
BN inf -nan
BN inf -nan
BN inf -nan
BN inf -nan
BN inf -nan
BN inf -nan
BN inf -nan
BN inf -nan
BN inf -nan
BN inf -nan
BN inf -nan
BN inf -nan
BN inf -nan
BN inf -nan
BN inf -nan
BN inf -nan
BN inf -nan
BN inf -nan
BN inf -nan
BN inf -nan
BN inf -nan
BN inf -nan
BN inf -nan
BN inf -nan
BN inf -nan
BN inf -nan
BN inf -nan
BN inf -nan
BN inf -nan
BN inf -nan
BN inf -nan
BN inf -nan
BN inf -nan
BN inf -nan
BN inf -nan
BN inf -nan
BN inf -nan
BN inf -nan
BN inf -nan
BN inf -nan
BN inf -nan
BN inf -nan
BN inf -nan
BN inf -nan
BN inf -nan
BN inf -nan
BN inf -nan
BN inf -nan
BN inf -nan
BN inf -nan
BN inf -nan
BN inf -nan
BN inf -nan
BN inf -nan
BN inf -nan
BN inf -nan
BN inf -nan
BN inf -nan
BN inf -nan
BN inf -nan
BN inf -nan
BN inf -nan
BN inf -nan
BN inf -nan
BN inf -nan
BN inf -nan
BN inf -nan
BN inf -nan
BN inf -nan
BN inf -nan
BN inf -nan
BN inf -nan
BN inf -nan
BN inf -nan
BN inf -nan
BN inf -nan
BN inf -nan
BN inf -nan
BN inf -nan
BN inf -nan
BN inf -nan
BN inf -nan
BN inf -nan
BN inf -nan
BN inf -nan
BN inf -nan
BN inf -nan
BN inf -nan
BN inf -nan
BN inf -nan
BN inf -nan
BN inf -nan
BN inf -nan
BN inf -nan
BN inf -nan
BN inf -nan
BN inf -nan
BN inf -nan
BN inf -nan
BN inf -nan
BN inf -nan
BN inf -nan
BN inf -nan
BN inf -nan
BN inf -nan
BN inf -nan
BN inf -nan
BN inf -nan
BN inf -nan
BN inf -nan
BN inf -nan
BN inf -nan
BN inf -nan
BN inf -nan
BN inf -nan
BN inf -nan
BN inf -nan
BN inf -nan
BN inf -nan
BN inf -nan
BN inf -nan
BN inf -nan
BN inf -nan
BN inf -nan
BN inf -nan
BN inf -nan
BN inf -nan
BN inf -nan
BN inf -nan
BN inf -nan
BN inf -nan
BN inf -nan
BN inf -nan
BN inf -nan
BN inf -nan
BN inf -nan
BN inf -nan
BN inf -nan
BN inf -nan
BN inf -nan
BN inf -nan
BN inf -nan
BN inf -nan
BN inf -nan
BN inf -nan
BN inf -nan
BN inf -nan
BN inf -nan
BN inf -nan
BN inf -nan
BN inf -nan
BN inf -nan
BN inf -nan
BN inf -nan
BN inf -nan
BN inf -nan
BN inf -nan
BN inf -nan
BN inf -nan
BN inf -nan
BN inf -nan
BN inf -nan
BN inf -nan
BN inf -nan
BN inf -nan
BN inf -nan
BN inf -nan
BN inf -nan
BN inf -nan
BN inf -nan
BN inf -nan
BN inf -nan
BN inf -nan
BN inf -nan
BN inf -nan
BN inf -nan
BN inf -nan
BN inf -nan
BN inf -nan
BN inf -nan
BN inf -nan
BN inf -nan
BN inf -nan
BN inf -nan
BN inf -nan
BN inf -nan
BN inf -nan
BN inf -nan
BN inf -nan
BN inf -nan
BN inf -nan
BN inf -nan
BN inf -nan
BN inf -nan
BN inf -nan
BN inf -nan
BN inf -nan
BN inf -nan
BN inf -nan
BN inf -nan
BN inf -nan
BN inf -nan
BN inf -nan
BN inf -nan
BN inf -nan
BN inf -nan
BN inf -nan
BN inf -nan
BN inf -nan
BN inf -nan
BN inf -nan
BN inf -nan
BN inf -nan
BN inf -nan
BN inf -nan
BN inf -nan
BN inf -nan
BN inf -nan
BN inf -nan
BN inf -nan
BN inf -nan
BN inf -nan
BN inf -nan
BN inf -nan
BN inf -nan
BN inf -nan
BN inf -nan
BN inf -nan
BN inf -nan
BN inf -nan
BN inf -nan
BN inf -nan
BN inf -nan
BN inf -nan
BN inf -nan
BN inf -nan
BN inf -nan
BN inf -nan
BN inf -nan
BN inf -nan
BN inf -nan
BN inf -nan
BN inf -nan
BN inf -nan
BN inf -nan
BN inf -nan
BN inf -nan
BN inf -nan
BN inf -nan
BN inf -nan
BN inf -nan
BN inf -nan
BN inf -nan
BN inf -nan
BN inf -nan
BN inf -nan
BN inf -nan
BN inf -nan
BN inf -nan
BN inf -nan
BN inf -nan
BN inf -nan
BN inf -nan
BN inf -nan
BN inf -nan
BN inf -nan
BN inf -nan
BN inf -nan
BN inf -nan
BN inf -nan
BN inf -nan
BN inf -nan
BN inf -nan
BN inf -nan
BN inf -nan
BN inf -nan
BN inf -nan
BN inf -nan
BN inf -nan
BN inf -nan
BN inf -nan
BN inf -nan
BN inf -nan
BN inf -nan
BN inf -nan
BN inf -nan
BN inf -nan
BN inf -nan
BN inf -nan
BN inf -nan
BN inf -nan
BN inf -nan
BN inf -nan
BN inf -nan
BN inf -nan
BN inf -nan
BN inf -nan
BN inf -nan
BN inf -nan
BN inf -nan
BN inf -nan
BN inf -nan
BN inf -nan
BN inf -nan
BN inf -nan
BN inf -nan
BN inf -nan
BN inf -nan
BN inf -nan
BN inf -nan
BN inf -nan
BN inf -nan
BN inf -nan
BN inf -nan
BN inf -nan
BN inf -nan
BN inf -nan
BN inf -nan
BN inf -nan
BN inf -nan
BN inf -nan
BN inf -nan
BN inf -nan
BN inf -nan
BN inf -nan
BN inf -nan
BN inf -nan
BN inf -nan
BN inf -nan
BN inf -nan
BN inf -nan
BN inf -nan
BN inf -nan
BN inf -nan
BN inf -nan
BN inf -nan
BN inf -nan
BN inf -nan
BN inf -nan
BN inf -nan
BN inf -nan
BN inf -nan
BN inf -nan
BN inf -nan
BN inf -nan
BN inf -nan
BN inf -nan
BN inf -nan
BN inf -nan
BN inf -nan
BN inf -nan
BN inf -nan
BN inf -nan
BN inf -nan
BN inf -nan
BN inf -nan
BN inf -nan
BN inf -nan
BN inf -nan
BN inf -nan
BN inf -nan
BN inf -nan
BN inf -nan
BN inf -nan
BN inf -nan
BN inf -nan
BN inf -nan
BN inf -nan
BN inf -nan
BN inf -nan
BN inf -nan
BN inf -nan
BN inf -nan
BN inf -nan
BN inf -nan
BN inf -nan
BN inf -nan
BN inf -nan
BN inf -nan
BN inf -nan
BN inf -nan
BN inf -nan
BN inf -nan
BN inf -nan
BN inf -nan
BN inf -nan
BN inf -nan
BN inf -nan
BN inf -nan
BN inf -nan
BN inf -nan
BN inf -nan
BN inf -nan
BN inf -nan
BN inf -nan
BN inf -nan
BN inf -nan
BN inf -nan
BN inf -nan
BN inf -nan
BN inf -nan
BN inf -nan
BN inf -nan
BN inf -nan
BN inf -nan
BN inf -nan
BN inf -nan
BN inf -nan
BN inf -nan
BN inf -nan
BN inf -nan
BN inf -nan
BN inf -nan
BN inf -nan
BN inf -nan
BN inf -nan
BN inf -nan
BN inf -nan
BN inf -nan
BN inf -nan
BN inf -nan
BN inf -nan
BN inf -nan
BN inf -nan
BN inf -nan
BN inf -nan
BN inf -nan
BN inf -nan
BN inf -nan
BN inf -nan
BN inf -nan
BN inf -nan
BN inf -nan
BN inf -nan
BN inf -nan
BN inf -nan
BN inf -nan
BN inf -nan
BN inf -nan
BN inf -nan
BN inf -nan
BN inf -nan
BN inf -nan
BN inf -nan
BN inf -nan
BN inf -nan
BN inf -nan
BN inf -nan
BN inf -nan
BN inf -nan
BN inf -nan
BN inf -nan
BN inf -nan
BN inf -nan
BN inf -nan
BN inf -nan
BN inf -nan
BN inf -nan
BN inf -nan
BN inf -nan
BN inf -nan
BN inf -nan
BN inf -nan
BN inf -nan
BN inf -nan
BN inf -nan
BN inf -nan
BN inf -nan
BN inf -nan
BN inf -nan
BN inf -nan
BN inf -nan
BN inf -nan
BN inf -nan
BN inf -nan
BN inf -nan
BN inf -nan
BN inf -nan
BN inf -nan
BN inf -nan
BN inf -nan
BN inf -nan
BN inf -nan
BN inf -nan
BN inf -nan
BN inf -nan
BN inf -nan
BN inf -nan
BN inf -nan
BN inf -nan
BN inf -nan
BN inf -nan
BN inf -nan
BN inf -nan
BN inf -nan
BN inf -nan
BN inf -nan
BN inf -nan
BN inf -nan
BN inf -nan
BN inf -nan
BN inf -nan
BN inf -nan
BN inf -nan
BN inf -nan
BN inf -nan
BN inf -nan
BN inf -nan
BN inf -nan
BN inf -nan
BN inf -nan
BN inf -nan
BN inf -nan
BN inf -nan
BN inf -nan
BN inf -nan
BN inf -nan
BN inf -nan
BN inf -nan
BN inf -nan
BN inf -nan
BN inf -nan
BN inf -nan
BN inf -nan
BN inf -nan
BN inf -nan
BN inf -nan
BN inf -nan
BN inf -nan
BN inf -nan
BN inf -nan
BN inf -nan
BN inf -nan
BN inf -nan
BN inf -nan
BN inf -nan
BN inf -nan
BN inf -nan
BN inf -nan
BN inf -nan
BN inf -nan
BN inf -nan
BN inf -nan
BN inf -nan
BN inf -nan
BN inf -nan
BN inf -nan
BN inf -nan
BN inf -nan
BN inf -nan
BN inf -nan
BN inf -nan
BN inf -nan
BN inf -nan
BN inf -nan
BN inf -nan
BN inf -nan
BN inf -nan
BN inf -nan
BN inf -nan
BN inf -nan
BN inf -nan
BN inf -nan
BN inf -nan
BN inf -nan
BN inf -nan
BN inf -nan
BN inf -nan
BN inf -nan
BN inf -nan
BN inf -nan
BN inf -nan
BN inf -nan
BN inf -nan
BN inf -nan
BN inf -nan
BN inf -nan
BN inf -nan
BN inf -nan
BN inf -nan
BN inf -nan
BN inf -nan
BN inf -nan
BN inf -nan
BN inf -nan
BN inf -nan
BN inf -nan
BN inf -nan
BN inf -nan
BN inf -nan
BN inf -nan
BN inf -nan
BN inf -nan
BN inf -nan
BN inf -nan
BN inf -nan
BN inf -nan
BN inf -nan
BN inf -nan
BN inf -nan
BN inf -nan
BN inf -nan
BN inf -nan
BN inf -nan
BN inf -nan
BN inf -nan
BN inf -nan
BN inf -nan
BN inf inf
BN inf inf
BN inf inf
BN inf inf
BN inf inf
BN inf inf
BN inf inf
BN inf inf
BN inf inf
BN inf inf
BN inf inf
BN inf inf
BN inf inf
BN inf inf
BN inf inf
BN inf inf
BN inf inf
BN inf inf
BN inf inf
BN inf inf
BN inf inf
BN inf inf
BN inf inf
BN inf inf
BN inf inf
BN inf inf
BN inf inf
BN inf inf
BN inf inf
BN inf inf
BN inf inf
BN inf inf
BN inf inf
BN inf inf
BN inf inf
BN inf inf
BN inf inf
BN inf inf
BN inf inf
BN inf inf
BN inf inf
BN inf inf
BN inf inf
BN inf inf
BN inf inf
BN inf inf
BN inf inf
BN inf inf
BN inf inf
BN inf inf
BN inf inf
BN inf inf
BN inf inf
BN inf inf
BN inf inf
BN inf inf
BN inf inf
BN inf inf
BN inf inf
BN inf inf
BN inf inf
BN inf inf
BN inf inf
BN inf inf
BN inf inf
BN inf inf
BN inf inf
BN inf inf
BN inf inf
BN inf inf
BN inf inf
BN inf inf
BN inf inf
BN inf inf
BN inf inf
BN inf inf
BN inf inf
BN inf inf
BN inf inf
BN inf inf
BN inf inf
BN inf inf
BN inf inf
BN inf inf
BN inf inf
BN inf inf
BN inf inf
BN inf inf
BN inf inf
BN inf inf
BN inf inf
BN inf inf
BN inf inf
BN inf inf
BN inf inf
BN inf inf
BN inf inf
BN inf inf
BN inf inf
BN inf inf
BN inf inf
BN inf inf
BN inf inf
BN inf inf
BN inf inf
BN inf inf
BN inf inf
BN inf inf
BN inf inf
BN inf inf
BN inf inf
BN inf inf
BN inf inf
BN inf inf
BN inf inf
BN inf inf
BN inf inf
BN inf inf
BN inf inf
BN inf inf
BN inf inf
BN inf inf
BN inf inf
BN inf inf
BN inf inf
BN inf inf
BN inf inf
BN inf inf
BN inf inf
BN inf inf
BN inf inf
BN inf inf
BN inf inf
BN inf inf
BN inf inf
BN inf inf
BN inf inf
BN inf inf
BN inf inf
BN inf inf
BN inf inf
BN inf inf
BN inf inf
BN inf inf
BN inf inf
BN inf inf
BN inf inf
BN inf inf
BN inf inf
BN inf inf
BN inf inf
BN inf inf
BN inf inf
BN inf inf
BN inf inf
BN inf inf
BN inf inf
BN inf inf
BN inf inf
BN inf inf
BN inf inf
BN inf inf
BN inf inf
BN inf inf
BN inf inf
BN inf inf
BN inf inf
BN inf inf
BN inf inf
BN inf inf
BN inf inf
BN inf inf
BN inf inf
BN inf inf
BN inf inf
BN inf inf
BN inf inf
BN inf inf
BN inf inf
BN inf inf
BN inf inf
BN inf inf
BN inf inf
BN inf inf
BN inf inf
BN inf inf
BN inf inf
BN inf inf
BN inf inf
BN inf inf
BN inf inf
BN inf inf
BN inf inf
BN inf inf
BN inf inf
BN inf inf
BN inf inf
BN inf inf
BN inf inf
BN inf inf
BN inf inf
BN inf inf
BN inf inf
BN inf inf
BN inf inf
BN inf inf
BN inf inf
BN inf inf
BN inf inf
BN inf inf
BN inf inf
BN inf inf
BN inf inf
BN inf inf
BN inf inf
BN inf inf
BN inf inf
BN inf inf
BN inf inf
BN inf inf
BN inf inf
BN inf inf
BN inf inf
BN inf inf
BN inf inf
BN inf inf
BN inf inf
BN inf inf
BN inf inf
BN inf inf
BN inf inf
BN inf inf
BN inf inf
BN inf inf
BN inf inf
BN inf inf
BN inf inf
BN inf inf
BN inf inf
BN inf inf
BN inf inf
BN inf inf
BN inf inf
BN inf inf
BN inf inf
BN inf inf
BN inf inf
BN inf inf
BN inf inf
BN inf inf
BN inf inf
BN inf inf
BN inf inf
BN inf inf
BN inf inf
BN inf inf
BN inf inf
BN inf inf
BN inf inf
BN inf inf
BN inf inf
BN inf inf
BN inf inf
BN inf inf
BN inf inf
BN inf inf
BN inf inf
BN inf inf
BN inf inf
BN inf inf
BN inf inf
BN inf inf
BN inf inf
BN inf inf
BN inf inf
BN inf inf
BN inf inf
BN inf inf
BN inf inf
BN inf inf
BN inf inf
BN inf inf
BN inf inf
BN inf inf
BN inf inf
BN inf inf
BN inf inf
BN inf inf
BN inf inf
BN inf inf
BN inf inf
BN inf inf
BN inf inf
BN inf inf
BN inf inf
BN inf inf
BN inf inf
BN inf inf
BN inf inf
BN inf inf
BN inf inf
BN inf inf
BN inf inf
BN inf inf
BN inf inf
BN inf inf
BN inf inf
BN inf inf
BN inf inf
BN inf inf
BN inf inf
BN inf inf
BN inf inf
BN inf inf
BN inf inf
BN inf inf
BN inf inf
BN inf inf
BN inf inf
BN inf inf
BN inf inf
BN inf inf
BN inf inf
BN inf inf
BN inf inf
BN inf inf
BN inf inf
BN inf inf
BN inf inf
BN inf inf
BN inf inf
BN inf inf
BN inf inf
BN inf inf
BN inf inf
BN inf inf
BN inf inf
BN inf inf
BN inf inf
BN inf inf
BN inf inf
BN inf inf
BN inf inf
BN inf inf
BN inf inf
BN inf inf
BN inf inf
BN inf inf
BN inf inf
BN inf inf
BN inf inf
BN inf inf
BN inf inf
BN inf inf
BN inf inf
BN inf inf
BN inf inf
BN inf inf
BN inf inf
BN inf inf
BN inf inf
BN inf inf
BN inf inf
BN inf inf
BN inf inf
BN inf inf
BN inf inf
BN inf inf
BN inf inf
BN inf inf
BN inf inf
BN inf inf
BN inf inf
BN inf inf
BN inf inf
BN inf inf
BN inf inf
BN inf inf
BN inf inf
BN inf inf
BN inf inf
BN inf inf
BN inf inf
BN inf inf
BN inf inf
BN inf inf
BN inf inf
BN inf inf
BN inf inf
BN inf inf
BN inf inf
BN inf inf
BN inf inf
BN inf inf
BN inf inf
BN inf inf
BN inf inf
BN inf inf
BN inf inf
BN inf inf
BN inf inf
BN inf inf
BN inf inf
BN inf inf
BN inf inf
BN inf inf
BN inf inf
BN inf inf
BN inf inf
BN inf inf
BN inf inf
BN inf inf
BN inf inf
BN inf inf
BN inf inf
BN inf inf
BN inf inf
BN inf inf
BN inf inf
BN inf inf
BN inf inf
BN inf inf
BN inf inf
BN inf inf
BN inf inf
BN inf inf
BN inf inf
BN inf inf
BN inf inf
BN inf inf
BN inf inf
BN inf inf
BN inf inf
BN inf inf
BN inf inf
BN inf inf
BN inf inf
BN inf inf
BN inf inf
BN inf inf
BN inf inf
BN inf inf
BN inf inf
BN inf inf
BN inf inf
BN inf inf
BN inf inf
BN inf inf
BN inf inf
BN inf inf
BN inf inf
BN inf inf
BN inf inf
BN inf inf
BN inf inf
BN inf inf
BN inf inf
BN inf inf
BN inf inf
BN inf inf
BN inf inf
BN inf inf
BN inf inf
BN inf inf
BN inf inf
BN inf inf
BN inf inf
BN inf inf
BN inf inf
BN inf inf
BN inf inf
BN inf inf
BN inf inf
BN inf inf
BN inf inf
BN inf inf
BN inf inf
BN inf inf
BN inf inf
BN inf inf
BN inf inf
BN inf inf
BN inf inf
BN inf inf
BN inf inf
BN inf inf
BN inf inf
BN inf inf
BN inf inf
BN inf inf
BN inf inf
BN inf inf
BN inf inf
BN inf inf
BN inf inf
BN inf inf
BN inf inf
BN inf inf
BN inf inf
BN inf inf
BN inf inf
BN inf inf
BN inf inf
BN inf inf
BN inf inf
BN inf inf
BN inf inf
BN inf inf
BN inf inf
BN inf inf
BN inf inf
BN inf inf
BN inf inf
BN inf inf
BN inf inf
BN inf inf
BN inf inf
BN inf inf
BN inf inf
BN inf inf
BN inf inf
BN inf inf
BN inf inf
BN inf inf
BN inf inf
BN inf inf
BN inf inf
BN inf inf
BN inf inf
BN inf inf
BN inf inf
BN inf inf
BN inf inf
BN inf inf
BN inf inf
BN inf inf
BN inf inf
BN inf inf
BN inf inf
BN inf inf
BN inf inf
BN inf inf
BN inf inf
BN inf inf
BN inf inf
BN inf inf
BN inf inf
BN inf inf
BN inf inf
BN inf inf
BN inf inf
BN inf inf
BN inf inf
BN inf inf
BN inf inf
BN inf inf
BN inf inf
BN inf inf
BN inf inf
BN inf inf
BN inf inf
BN inf inf
BN inf inf
BN inf inf
BN inf inf
BN inf inf
BN inf inf
BN inf inf
BN inf inf
BN inf inf
BN inf inf
BN inf inf
BN inf inf
BN inf inf
BN inf inf
BN inf inf
BN inf inf
BN inf inf
BN inf inf
BN inf inf
BN inf inf
BN inf inf
BN inf inf
BN inf inf
BN inf inf
BN inf inf
BN inf inf
BN inf inf
BN inf inf
BN inf inf
BN inf inf
BN inf inf
BN inf inf
BN inf inf
BN inf inf
BN inf inf
BN inf inf
BN inf inf
BN inf inf
BN inf inf
BN inf inf
BN inf inf
BN inf inf
BN inf inf
BN inf inf
BN inf inf
BN inf inf
BN inf inf
BN inf inf
BN inf inf
BN inf inf
BN inf inf
BN inf inf
BN inf inf
BN inf inf
BN inf inf
BN inf inf
BN inf inf
BN inf inf
BN inf inf
BN inf inf
BN inf inf
BN inf inf
BN inf inf
BN inf inf
BN inf inf
BN inf inf
BN inf inf
BN inf inf
BN inf inf
BN inf inf
BN inf inf
BN inf inf
BN inf inf
BN inf inf
BN inf inf
BN inf inf
BN inf inf
BN inf inf
BN inf inf
BN inf inf
BN inf inf
BN inf inf
BN inf inf
BN inf inf
BN inf inf
BN inf inf
BN inf inf
BN inf inf
BN inf inf
BN inf inf
BN inf inf
BN inf inf
BN inf inf
BN inf inf
BN inf inf
BN inf inf
BN inf inf
BN inf inf
BN inf inf
BN inf inf
BN inf inf
BN inf inf
BN inf inf
BN inf inf
BN inf inf
BN inf inf
BN inf inf
BN inf inf
BN inf inf
BN inf inf
BN inf inf
BN inf inf
BN inf inf
BN inf inf
BN inf inf
BN inf inf
BN inf inf
BN inf inf
BN inf inf
BN inf inf
BN inf inf
BN inf inf
BN inf inf
BN inf inf
BN inf inf
BN inf inf
BN inf inf
BN inf inf
BN inf inf
BN inf inf
BN inf inf
BN inf inf
BN inf inf
BN inf inf
BN inf inf
BN inf inf
BN inf inf
BN inf inf
BN inf inf
BN inf inf
BN inf inf
BN inf inf
BN inf inf
BN inf inf
BN inf inf
BN inf inf
BN inf inf
BN inf inf
BN inf inf
BN inf inf
BN inf inf
BN inf inf
BN inf inf
BN inf inf
BN inf inf
BN inf inf
BN inf inf
BN inf inf
BN inf inf
BN inf inf
BN inf inf
BN inf inf
BN inf inf
BN inf inf
BN inf inf
BN inf inf
BN inf inf
BN inf inf
BN inf inf
BN inf inf
BN inf inf
BN inf inf
BN inf inf
BN inf inf
BN inf inf
BN inf inf
BN inf inf
BN inf inf
BN inf inf
BN inf inf
BN inf inf
BN inf inf
BN inf inf
BN inf inf
BN inf inf
BN inf inf
BN inf inf
BN inf inf
BN inf inf
BN inf inf
BN inf inf
BN inf inf
BN inf inf
BN inf inf
BN inf inf
BN inf inf
BN inf inf
BN inf inf
BN inf inf
BN inf inf
BN inf inf
BN inf inf
BN inf inf
BN inf inf
BN inf inf
BN inf inf
BN inf inf
BN inf inf
BN inf inf
BN inf inf
BN inf inf
BN inf inf
BN inf inf
BN inf inf
BN inf inf
BN inf inf
BN inf inf
BN inf inf
BN inf inf
BN inf inf
BN inf inf
BN inf inf
BN inf inf
BN inf inf
BN inf inf
BN inf inf
BN inf inf
BN inf inf
BN inf inf
BN inf inf
BN inf inf
-nan
