Case #1: Philip Tom Wesley Zhen
Case #2: Aleksandar Andras Anshuman Erling Manohar Xiao
Case #3: Chirag Viswanath
Case #4: Amol Andrei Andrii Aravind David John Nima Paul Rudradev Vladislav
Case #5: Andrei Doan Ekansh Erling Fabien Zef
Case #6: Andriy Jan Lingjuan Wenjie Xiao Yingsheng
Case #7: Fabien Weiyan
Case #8: Purav Slawek Wai Weiyan
Case #9: Erling Zejia
Case #10: Andrei Wesley
Case #11: Lingjuan Zejia
Case #12: Doan Duc Gaurav John John Jordan Liang Rudradev Thomas Viswanath
Case #13: Anshuman Atol Paul Wai
Case #14: Anil Doan Duc Fabien Manohar Paul Rajat Yintao
Case #15: Anil Lin Phil Ranjeeth Song Torbjorn
Case #16: Atol Bhuwan Bhuwan Lin Nima Vladislav Voja Voja Yingsheng Zainab
Case #17: Anil Aravind Jan Jan Victor Viswanath
Case #18: Andras Anh Doan Lingjuan Meihong Saransh Torbjorn Vladislav Vladislav Yingsheng
Case #19: Aleksandar Aravind Bhuwan Igor
Case #20: Anshuman Manohar Meihong Nima
