Case #1:
10000000000000000100001111111111 5 2 5 2 43 2 5 2 11
10000100000000000000001111111111 5 2 5 2 43 2 5 2 11
10000000001000000100000111111111 5 2 5 2 43 2 5 2 11
10000000000001100000000111111111 5 2 5 2 43 2 5 2 11
11000000000000100000000111111111 5 2 5 2 43 2 5 2 11
10100000000001000000000111111111 5 2 5 2 43 2 5 2 11
10000100001000000000000111111111 5 2 5 2 43 2 5 2 11
11100000000000000000000111111111 5 2 5 2 43 2 5 2 11
10000000000100000100001011111111 5 2 5 2 43 2 5 2 11
10000100000100000000001011111111 5 2 5 2 43 2 5 2 11
10000000000000100101000011111111 5 2 5 2 43 2 5 2 11
10100000000000000101000011111111 5 2 5 2 43 2 5 2 11
10000100000000100001000011111111 5 2 5 2 43 2 5 2 11
10100100000000000001000011111111 5 2 5 2 43 2 5 2 11
10000001000000100100000011111111 5 2 5 2 43 2 5 2 11
10000000001100000100000011111111 5 2 5 2 43 2 5 2 11
10100001000000000100000011111111 5 2 5 2 43 2 5 2 11
10000000000101100000000011111111 5 2 5 2 43 2 5 2 11
11000000000100100000000011111111 5 2 5 2 43 2 5 2 11
10000101000000100000000011111111 5 2 5 2 43 2 5 2 11
10100000000101000000000011111111 5 2 5 2 43 2 5 2 11
10000100001100000000000011111111 5 2 5 2 43 2 5 2 11
11100000000100000000000011111111 5 2 5 2 43 2 5 2 11
10100101000000000000000011111111 5 2 5 2 43 2 5 2 11
10000000000000000000111101111111 5 2 5 2 43 2 5 2 11
10000000100000000000011101111111 5 2 5 2 43 2 5 2 11
10000000010000000000101101111111 5 2 5 2 43 2 5 2 11
10000000000010000100001101111111 5 2 5 2 43 2 5 2 11
10000100000010000000001101111111 5 2 5 2 43 2 5 2 11
10000000110000000000001101111111 5 2 5 2 43 2 5 2 11
10000000001000000000110101111111 5 2 5 2 43 2 5 2 11
10000000000000101000010101111111 5 2 5 2 43 2 5 2 11
10100000000000001000010101111111 5 2 5 2 43 2 5 2 11
10001000000000100000010101111111 5 2 5 2 43 2 5 2 11
10000000101000000000010101111111 5 2 5 2 43 2 5 2 11
10101000000000000000010101111111 5 2 5 2 43 2 5 2 11
10000000000001000010100101111111 5 2 5 2 43 2 5 2 11
11000000000000000010100101111111 5 2 5 2 43 2 5 2 11
10000010000001000000100101111111 5 2 5 2 43 2 5 2 11
10000000011000000000100101111111 5 2 5 2 43 2 5 2 11
11000010000000000000100101111111 5 2 5 2 43 2 5 2 11
10000000000000001110000101111111 5 2 5 2 43 2 5 2 11
10001000000000000110000101111111 5 2 5 2 43 2 5 2 11
10000100000000001010000101111111 5 2 5 2 43 2 5 2 11
10000000100001000010000101111111 5 2 5 2 43 2 5 2 11
11000000100000000010000101111111 5 2 5 2 43 2 5 2 11
10001100000000000010000101111111 5 2 5 2 43 2 5 2 11
10000010000000001100000101111111 5 2 5 2 43 2 5 2 11
10000000001010000100000101111111 5 2 5 2 43 2 5 2 11
10001010000000000100000101111111 5 2 5 2 43 2 5 2 11
10000000010000101000000101111111 5 2 5 2 43 2 5 2 11
10100000010000001000000101111111 5 2 5 2 43 2 5 2 11
10000110000000001000000101111111 5 2 5 2 43 2 5 2 11
10000000000011100000000101111111 5 2 5 2 43 2 5 2 11
11000000000010100000000101111111 5 2 5 2 43 2 5 2 11
10001000010000100000000101111111 5 2 5 2 43 2 5 2 11
10100000000011000000000101111111 5 2 5 2 43 2 5 2 11
10000010100001000000000101111111 5 2 5 2 43 2 5 2 11
10000100001010000000000101111111 5 2 5 2 43 2 5 2 11
11100000000010000000000101111111 5 2 5 2 43 2 5 2 11
10000000111000000000000101111111 5 2 5 2 43 2 5 2 11
10101000010000000000000101111111 5 2 5 2 43 2 5 2 11
11000010100000000000000101111111 5 2 5 2 43 2 5 2 11
10001110000000000000000101111111 5 2 5 2 43 2 5 2 11
10000000000100000000111001111111 5 2 5 2 43 2 5 2 11
10000000100100000000011001111111 5 2 5 2 43 2 5 2 11
10000000000000010100101001111111 5 2 5 2 43 2 5 2 11
10010000000000000100101001111111 5 2 5 2 43 2 5 2 11
10000100000000010000101001111111 5 2 5 2 43 2 5 2 11
10000000010100000000101001111111 5 2 5 2 43 2 5 2 11
10010100000000000000101001111111 5 2 5 2 43 2 5 2 11
10000000100000010100001001111111 5 2 5 2 43 2 5 2 11
10000000000110000100001001111111 5 2 5 2 43 2 5 2 11
10010000100000000100001001111111 5 2 5 2 43 2 5 2 11
10000100100000010000001001111111 5 2 5 2 43 2 5 2 11
10000100000110000000001001111111 5 2 5 2 43 2 5 2 11
10000000110100000000001001111111 5 2 5 2 43 2 5 2 11
10010100100000000000001001111111 5 2 5 2 43 2 5 2 11
10000000000000100001110001111111 5 2 5 2 43 2 5 2 11
10100000000000000001110001111111 5 2 5 2 43 2 5 2 11
10000001000000100000110001111111 5 2 5 2 43 2 5 2 11
10000000001100000000110001111111 5 2 5 2 43 2 5 2 11
10100001000000000000110001111111 5 2 5 2 43 2 5 2 11
10000000100000100001010001111111 5 2 5 2 43 2 5 2 11
10100000100000000001010001111111 5 2 5 2 43 2 5 2 11
10000000000100101000010001111111 5 2 5 2 43 2 5 2 11
10100000000100001000010001111111 5 2 5 2 43 2 5 2 11
10001000000100100000010001111111 5 2 5 2 43 2 5 2 11
10000001100000100000010001111111 5 2 5 2 43 2 5 2 11
10000000101100000000010001111111 5 2 5 2 43 2 5 2 11
10101000000100000000010001111111 5 2 5 2 43 2 5 2 11
10100001100000000000010001111111 5 2 5 2 43 2 5 2 11
10000000000000000111100001111111 5 2 5 2 43 2 5 2 11
10000100000000000011100001111111 5 2 5 2 43 2 5 2 11
10000010000000000101100001111111 5 2 5 2 43 2 5 2 11
10000000010000100001100001111111 5 2 5 2 43 2 5 2 11
10100000010000000001100001111111 5 2 5 2 43 2 5 2 11
10000110000000000001100001111111 5 2 5 2 43 2 5 2 11
10000001000000000110100001111111 5 2 5 2 43 2 5 2 11
10000000000101000010100001111111 5 2 5 2 43 2 5 2 11
11000000000100000010100001111111 5 2 5 2 43 2 5 2 11
10000101000000000010100001111111 5 2 5 2 43 2 5 2 11
10000000001000010100100001111111 5 2 5 2 43 2 5 2 11
10010000001000000100100001111111 5 2 5 2 43 2 5 2 11
10000011000000000100100001111111 5 2 5 2 43 2 5 2 11
10000000000001110000100001111111 5 2 5 2 43 2 5 2 11
11000000000000110000100001111111 5 2 5 2 43 2 5 2 11
10100000000001010000100001111111 5 2 5 2 43 2 5 2 11
10000100001000010000100001111111 5 2 5 2 43 2 5 2 11
11100000000000010000100001111111 5 2 5 2 43 2 5 2 11
10010000000001100000100001111111 5 2 5 2 43 2 5 2 11
10000001010000100000100001111111 5 2 5 2 43 2 5 2 11
11010000000000100000100001111111 5 2 5 2 43 2 5 2 11
10000010000101000000100001111111 5 2 5 2 43 2 5 2 11
10110000000001000000100001111111 5 2 5 2 43 2 5 2 11
10000000011100000000100001111111 5 2 5 2 43 2 5 2 11
11000010000100000000100001111111 5 2 5 2 43 2 5 2 11
10010100001000000000100001111111 5 2 5 2 43 2 5 2 11
10100001010000000000100001111111 5 2 5 2 43 2 5 2 11
10000111000000000000100001111111 5 2 5 2 43 2 5 2 11
11110000000000000000100001111111 5 2 5 2 43 2 5 2 11
10000000100000000111000001111111 5 2 5 2 43 2 5 2 11
10000100100000000011000001111111 5 2 5 2 43 2 5 2 11
10000000000010100101000001111111 5 2 5 2 43 2 5 2 11
10100000000010000101000001111111 5 2 5 2 43 2 5 2 11
10000010100000000101000001111111 5 2 5 2 43 2 5 2 11
10000100000010100001000001111111 5 2 5 2 43 2 5 2 11
10000000110000100001000001111111 5 2 5 2 43 2 5 2 11
10100100000010000001000001111111 5 2 5 2 43 2 5 2 11
10100000110000000001000001111111 5 2 5 2 43 2 5 2 11
10000110100000000001000001111111 5 2 5 2 43 2 5 2 11
10000000000100001110000001111111 5 2 5 2 43 2 5 2 11
10001000000100000110000001111111 5 2 5 2 43 2 5 2 11
10000001100000000110000001111111 5 2 5 2 43 2 5 2 11
10000100000100001010000001111111 5 2 5 2 43 2 5 2 11
10000000100101000010000001111111 5 2 5 2 43 2 5 2 11
11000000100100000010000001111111 5 2 5 2 43 2 5 2 11
10001100000100000010000001111111 5 2 5 2 43 2 5 2 11
10000101100000000010000001111111 5 2 5 2 43 2 5 2 11
10000000000000111100000001111111 5 2 5 2 43 2 5 2 11
10100000000000011100000001111111 5 2 5 2 43 2 5 2 11
10010000000000101100000001111111 5 2 5 2 43 2 5 2 11
10000010000100001100000001111111 5 2 5 2 43 2 5 2 11
10110000000000001100000001111111 5 2 5 2 43 2 5 2 11
10001000000000110100000001111111 5 2 5 2 43 2 5 2 11
10000000101000010100000001111111 5 2 5 2 43 2 5 2 11
10101000000000010100000001111111 5 2 5 2 43 2 5 2 11
10000001000010100100000001111111 5 2 5 2 43 2 5 2 11
10011000000000100100000001111111 5 2 5 2 43 2 5 2 11
10000000001110000100000001111111 5 2 5 2 43 2 5 2 11
10100001000010000100000001111111 5 2 5 2 43 2 5 2 11
10001010000100000100000001111111 5 2 5 2 43 2 5 2 11
10010000101000000100000001111111 5 2 5 2 43 2 5 2 11
10000011100000000100000001111111 5 2 5 2 43 2 5 2 11
10111000000000000100000001111111 5 2 5 2 43 2 5 2 11
10000100000000111000000001111111 5 2 5 2 43 2 5 2 11
10100100000000011000000001111111 5 2 5 2 43 2 5 2 11
10000000010100101000000001111111 5 2 5 2 43 2 5 2 11
10010100000000101000000001111111 5 2 5 2 43 2 5 2 11
10100000010100001000000001111111 5 2 5 2 43 2 5 2 11
10000110000100001000000001111111 5 2 5 2 43 2 5 2 11
10110100000000001000000001111111 5 2 5 2 43 2 5 2 11
10000000100001110000000001111111 5 2 5 2 43 2 5 2 11
11000000100000110000000001111111 5 2 5 2 43 2 5 2 11
10001100000000110000000001111111 5 2 5 2 43 2 5 2 11
10100000100001010000000001111111 5 2 5 2 43 2 5 2 11
10000100101000010000000001111111 5 2 5 2 43 2 5 2 11
11100000100000010000000001111111 5 2 5 2 43 2 5 2 11
10101100000000010000000001111111 5 2 5 2 43 2 5 2 11
10000000000111100000000001111111 5 2 5 2 43 2 5 2 11
10010000100001100000000001111111 5 2 5 2 43 2 5 2 11
11000000000110100000000001111111 5 2 5 2 43 2 5 2 11
10000101000010100000000001111111 5 2 5 2 43 2 5 2 11
10001000010100100000000001111111 5 2 5 2 43 2 5 2 11
10000001110000100000000001111111 5 2 5 2 43 2 5 2 11
11010000100000100000000001111111 5 2 5 2 43 2 5 2 11
10011100000000100000000001111111 5 2 5 2 43 2 5 2 11
10100000000111000000000001111111 5 2 5 2 43 2 5 2 11
10000010100101000000000001111111 5 2 5 2 43 2 5 2 11
10110000100001000000000001111111 5 2 5 2 43 2 5 2 11
10000100001110000000000001111111 5 2 5 2 43 2 5 2 11
11100000000110000000000001111111 5 2 5 2 43 2 5 2 11
10100101000010000000000001111111 5 2 5 2 43 2 5 2 11
10000000111100000000000001111111 5 2 5 2 43 2 5 2 11
10101000010100000000000001111111 5 2 5 2 43 2 5 2 11
11000010100100000000000001111111 5 2 5 2 43 2 5 2 11
10001110000100000000000001111111 5 2 5 2 43 2 5 2 11
10010100101000000000000001111111 5 2 5 2 43 2 5 2 11
10100001110000000000000001111111 5 2 5 2 43 2 5 2 11
10000111100000000000000001111111 5 2 5 2 43 2 5 2 11
11110000100000000000000001111111 5 2 5 2 43 2 5 2 11
10111100000000000000000001111111 5 2 5 2 43 2 5 2 11
10000000000001000100001110111111 5 2 5 2 43 2 5 2 11
11000000000000000100001110111111 5 2 5 2 43 2 5 2 11
10000100000001000000001110111111 5 2 5 2 43 2 5 2 11
11000100000000000000001110111111 5 2 5 2 43 2 5 2 11
10000000001001000100000110111111 5 2 5 2 43 2 5 2 11
11000000001000000100000110111111 5 2 5 2 43 2 5 2 11
11000000000001100000000110111111 5 2 5 2 43 2 5 2 11
10000100001001000000000110111111 5 2 5 2 43 2 5 2 11
11100000000001000000000110111111 5 2 5 2 43 2 5 2 11
11000100001000000000000110111111 5 2 5 2 43 2 5 2 11
10000100000000000101001010111111 5 2 5 2 43 2 5 2 11
10000000000101000100001010111111 5 2 5 2 43 2 5 2 11
11000000000100000100001010111111 5 2 5 2 43 2 5 2 11
10000101000000000100001010111111 5 2 5 2 43 2 5 2 11
10000100000101000000001010111111 5 2 5 2 43 2 5 2 11
11000100000100000000001010111111 5 2 5 2 43 2 5 2 11
10000000000001100101000010111111 5 2 5 2 43 2 5 2 11
11000000000000100101000010111111 5 2 5 2 43 2 5 2 11
10100000000001000101000010111111 5 2 5 2 43 2 5 2 11
10000100001000000101000010111111 5 2 5 2 43 2 5 2 11
11100000000000000101000010111111 5 2 5 2 43 2 5 2 11
10000100000001100001000010111111 5 2 5 2 43 2 5 2 11
11000100000000100001000010111111 5 2 5 2 43 2 5 2 11
10100100000001000001000010111111 5 2 5 2 43 2 5 2 11
11100100000000000001000010111111 5 2 5 2 43 2 5 2 11
10000001000001100100000010111111 5 2 5 2 43 2 5 2 11
11000001000000100100000010111111 5 2 5 2 43 2 5 2 11
10000000001101000100000010111111 5 2 5 2 43 2 5 2 11
10100001000001000100000010111111 5 2 5 2 43 2 5 2 11
11000000001100000100000010111111 5 2 5 2 43 2 5 2 11
10000101001000000100000010111111 5 2 5 2 43 2 5 2 11
11100001000000000100000010111111 5 2 5 2 43 2 5 2 11
11000000000101100000000010111111 5 2 5 2 43 2 5 2 11
10000101000001100000000010111111 5 2 5 2 43 2 5 2 11
11000101000000100000000010111111 5 2 5 2 43 2 5 2 11
10000100001101000000000010111111 5 2 5 2 43 2 5 2 11
11100000000101000000000010111111 5 2 5 2 43 2 5 2 11
10100101000001000000000010111111 5 2 5 2 43 2 5 2 11
11000100001100000000000010111111 5 2 5 2 43 2 5 2 11
11100101000000000000000010111111 5 2 5 2 43 2 5 2 11
10000000000001000000111100111111 5 2 5 2 43 2 5 2 11
11000000000000000000111100111111 5 2 5 2 43 2 5 2 11
10000000000000001100011100111111 5 2 5 2 43 2 5 2 11
10001000000000000100011100111111 5 2 5 2 43 2 5 2 11
10000100000000001000011100111111 5 2 5 2 43 2 5 2 11
10000000100001000000011100111111 5 2 5 2 43 2 5 2 11
11000000100000000000011100111111 5 2 5 2 43 2 5 2 11
10001100000000000000011100111111 5 2 5 2 43 2 5 2 11
10000000010001000000101100111111 5 2 5 2 43 2 5 2 11
11000000010000000000101100111111 5 2 5 2 43 2 5 2 11
10000000010000001100001100111111 5 2 5 2 43 2 5 2 11
10000000000011000100001100111111 5 2 5 2 43 2 5 2 11
11000000000010000100001100111111 5 2 5 2 43 2 5 2 11
10001000010000000100001100111111 5 2 5 2 43 2 5 2 11
10000100010000001000001100111111 5 2 5 2 43 2 5 2 11
10000100000011000000001100111111 5 2 5 2 43 2 5 2 11
10000000110001000000001100111111 5 2 5 2 43 2 5 2 11
11000100000010000000001100111111 5 2 5 2 43 2 5 2 11
11000000110000000000001100111111 5 2 5 2 43 2 5 2 11
10001100010000000000001100111111 5 2 5 2 43 2 5 2 11
10000000001001000000110100111111 5 2 5 2 43 2 5 2 11
11000000001000000000110100111111 5 2 5 2 43 2 5 2 11
10000000001000001100010100111111 5 2 5 2 43 2 5 2 11
10001000001000000100010100111111 5 2 5 2 43 2 5 2 11
10000000000001101000010100111111 5 2 5 2 43 2 5 2 11
11000000000000101000010100111111 5 2 5 2 43 2 5 2 11
10100000000001001000010100111111 5 2 5 2 43 2 5 2 11
10000100001000001000010100111111 5 2 5 2 43 2 5 2 11
11100000000000001000010100111111 5 2 5 2 43 2 5 2 11
10001000000001100000010100111111 5 2 5 2 43 2 5 2 11
11001000000000100000010100111111 5 2 5 2 43 2 5 2 11
10000000101001000000010100111111 5 2 5 2 43 2 5 2 11
10101000000001000000010100111111 5 2 5 2 43 2 5 2 11
11000000101000000000010100111111 5 2 5 2 43 2 5 2 11
10001100001000000000010100111111 5 2 5 2 43 2 5 2 11
11101000000000000000010100111111 5 2 5 2 43 2 5 2 11
11000000000001000010100100111111 5 2 5 2 43 2 5 2 11
10000000011001000000100100111111 5 2 5 2 43 2 5 2 11
11000010000001000000100100111111 5 2 5 2 43 2 5 2 11
11000000011000000000100100111111 5 2 5 2 43 2 5 2 11
10000000000001001110000100111111 5 2 5 2 43 2 5 2 11
11000000000000001110000100111111 5 2 5 2 43 2 5 2 11
10001000000001000110000100111111 5 2 5 2 43 2 5 2 11
11001000000000000110000100111111 5 2 5 2 43 2 5 2 11
10000100000001001010000100111111 5 2 5 2 43 2 5 2 11
11000100000000001010000100111111 5 2 5 2 43 2 5 2 11
11000000100001000010000100111111 5 2 5 2 43 2 5 2 11
10001100000001000010000100111111 5 2 5 2 43 2 5 2 11
11001100000000000010000100111111 5 2 5 2 43 2 5 2 11
10000010000001001100000100111111 5 2 5 2 43 2 5 2 11
10000000011000001100000100111111 5 2 5 2 43 2 5 2 11
11000010000000001100000100111111 5 2 5 2 43 2 5 2 11
10000000001011000100000100111111 5 2 5 2 43 2 5 2 11
10001010000001000100000100111111 5 2 5 2 43 2 5 2 11
11000000001010000100000100111111 5 2 5 2 43 2 5 2 11
10001000011000000100000100111111 5 2 5 2 43 2 5 2 11
11001010000000000100000100111111 5 2 5 2 43 2 5 2 11
10000000010001101000000100111111 5 2 5 2 43 2 5 2 11
11000000010000101000000100111111 5 2 5 2 43 2 5 2 11
10100000010001001000000100111111 5 2 5 2 43 2 5 2 11
10000110000001001000000100111111 5 2 5 2 43 2 5 2 11
10000100011000001000000100111111 5 2 5 2 43 2 5 2 11
11100000010000001000000100111111 5 2 5 2 43 2 5 2 11
11000110000000001000000100111111 5 2 5 2 43 2 5 2 11
11000000000011100000000100111111 5 2 5 2 43 2 5 2 11
10001000010001100000000100111111 5 2 5 2 43 2 5 2 11
11001000010000100000000100111111 5 2 5 2 43 2 5 2 11
10000100001011000000000100111111 5 2 5 2 43 2 5 2 11
11100000000011000000000100111111 5 2 5 2 43 2 5 2 11
10000000111001000000000100111111 5 2 5 2 43 2 5 2 11
10101000010001000000000100111111 5 2 5 2 43 2 5 2 11
11000010100001000000000100111111 5 2 5 2 43 2 5 2 11
10001110000001000000000100111111 5 2 5 2 43 2 5 2 11
11000100001010000000000100111111 5 2 5 2 43 2 5 2 11
11000000111000000000000100111111 5 2 5 2 43 2 5 2 11
10001100011000000000000100111111 5 2 5 2 43 2 5 2 11
11101000010000000000000100111111 5 2 5 2 43 2 5 2 11
11001110000000000000000100111111 5 2 5 2 43 2 5 2 11
10000000000000000101111000111111 5 2 5 2 43 2 5 2 11
10000100000000000001111000111111 5 2 5 2 43 2 5 2 11
10000001000000000100111000111111 5 2 5 2 43 2 5 2 11
10000000000101000000111000111111 5 2 5 2 43 2 5 2 11
11000000000100000000111000111111 5 2 5 2 43 2 5 2 11
10000101000000000000111000111111 5 2 5 2 43 2 5 2 11
10000000100000000101011000111111 5 2 5 2 43 2 5 2 11
10000100100000000001011000111111 5 2 5 2 43 2 5 2 11
10000000000100001100011000111111 5 2 5 2 43 2 5 2 11
10001000000100000100011000111111 5 2 5 2 43 2 5 2 11
10000001100000000100011000111111 5 2 5 2 43 2 5 2 11
10000100000100001000011000111111 5 2 5 2 43 2 5 2 11
10000000100101000000011000111111 5 2 5 2 43 2 5 2 11
11000000100100000000011000111111 5 2 5 2 43 2 5 2 11
10001100000100000000011000111111 5 2 5 2 43 2 5 2 11
10000101100000000000011000111111 5 2 5 2 43 2 5 2 11
10000000010000000101101000111111 5 2 5 2 43 2 5 2 11
10000100010000000001101000111111 5 2 5 2 43 2 5 2 11
10000000000001010100101000111111 5 2 5 2 43 2 5 2 11
11000000000000010100101000111111 5 2 5 2 43 2 5 2 11
10010000000001000100101000111111 5 2 5 2 43 2 5 2 11
10000001010000000100101000111111 5 2 5 2 43 2 5 2 11
11010000000000000100101000111111 5 2 5 2 43 2 5 2 11
10000100000001010000101000111111 5 2 5 2 43 2 5 2 11
11000100000000010000101000111111 5 2 5 2 43 2 5 2 11
10000000010101000000101000111111 5 2 5 2 43 2 5 2 11
10010100000001000000101000111111 5 2 5 2 43 2 5 2 11
11000000010100000000101000111111 5 2 5 2 43 2 5 2 11
10000101010000000000101000111111 5 2 5 2 43 2 5 2 11
11010100000000000000101000111111 5 2 5 2 43 2 5 2 11
10000100000010000101001000111111 5 2 5 2 43 2 5 2 11
10000000110000000101001000111111 5 2 5 2 43 2 5 2 11
10000100110000000001001000111111 5 2 5 2 43 2 5 2 11
10000100000000011100001000111111 5 2 5 2 43 2 5 2 11
10000000010100001100001000111111 5 2 5 2 43 2 5 2 11
10010100000000001100001000111111 5 2 5 2 43 2 5 2 11
10000000100001010100001000111111 5 2 5 2 43 2 5 2 11
11000000100000010100001000111111 5 2 5 2 43 2 5 2 11
10001100000000010100001000111111 5 2 5 2 43 2 5 2 11
10000000000111000100001000111111 5 2 5 2 43 2 5 2 11
10010000100001000100001000111111 5 2 5 2 43 2 5 2 11
11000000000110000100001000111111 5 2 5 2 43 2 5 2 11
10000101000010000100001000111111 5 2 5 2 43 2 5 2 11
10001000010100000100001000111111 5 2 5 2 43 2 5 2 11
10000001110000000100001000111111 5 2 5 2 43 2 5 2 11
11010000100000000100001000111111 5 2 5 2 43 2 5 2 11
10011100000000000100001000111111 5 2 5 2 43 2 5 2 11
10000100010100001000001000111111 5 2 5 2 43 2 5 2 11
10000100100001010000001000111111 5 2 5 2 43 2 5 2 11
11000100100000010000001000111111 5 2 5 2 43 2 5 2 11
10000100000111000000001000111111 5 2 5 2 43 2 5 2 11
10000000110101000000001000111111 5 2 5 2 43 2 5 2 11
10010100100001000000001000111111 5 2 5 2 43 2 5 2 11
11000100000110000000001000111111 5 2 5 2 43 2 5 2 11
11000000110100000000001000111111 5 2 5 2 43 2 5 2 11
10001100010100000000001000111111 5 2 5 2 43 2 5 2 11
10000101110000000000001000111111 5 2 5 2 43 2 5 2 11
11010100100000000000001000111111 5 2 5 2 43 2 5 2 11
10000000001000000101110000111111 5 2 5 2 43 2 5 2 11
10000000000001100001110000111111 5 2 5 2 43 2 5 2 11
11000000000000100001110000111111 5 2 5 2 43 2 5 2 11
10100000000001000001110000111111 5 2 5 2 43 2 5 2 11
10000100001000000001110000111111 5 2 5 2 43 2 5 2 11
11100000000000000001110000111111 5 2 5 2 43 2 5 2 11
10000001001000000100110000111111 5 2 5 2 43 2 5 2 11
10000001000001100000110000111111 5 2 5 2 43 2 5 2 11
11000001000000100000110000111111 5 2 5 2 43 2 5 2 11
10000000001101000000110000111111 5 2 5 2 43 2 5 2 11
10100001000001000000110000111111 5 2 5 2 43 2 5 2 11
11000000001100000000110000111111 5 2 5 2 43 2 5 2 11
10000101001000000000110000111111 5 2 5 2 43 2 5 2 11
11100001000000000000110000111111 5 2 5 2 43 2 5 2 11
10000000000000101101010000111111 5 2 5 2 43 2 5 2 11
10100000000000001101010000111111 5 2 5 2 43 2 5 2 11
10001000000000100101010000111111 5 2 5 2 43 2 5 2 11
10000000101000000101010000111111 5 2 5 2 43 2 5 2 11
10101000000000000101010000111111 5 2 5 2 43 2 5 2 11
10000100000000101001010000111111 5 2 5 2 43 2 5 2 11
10100100000000001001010000111111 5 2 5 2 43 2 5 2 11
10000000100001100001010000111111 5 2 5 2 43 2 5 2 11
11000000100000100001010000111111 5 2 5 2 43 2 5 2 11
10001100000000100001010000111111 5 2 5 2 43 2 5 2 11
10100000100001000001010000111111 5 2 5 2 43 2 5 2 11
10000100101000000001010000111111 5 2 5 2 43 2 5 2 11
11100000100000000001010000111111 5 2 5 2 43 2 5 2 11
10101100000000000001010000111111 5 2 5 2 43 2 5 2 11
10000001000000101100010000111111 5 2 5 2 43 2 5 2 11
10000000001100001100010000111111 5 2 5 2 43 2 5 2 11
10100001000000001100010000111111 5 2 5 2 43 2 5 2 11
10001001000000100100010000111111 5 2 5 2 43 2 5 2 11
10001000001100000100010000111111 5 2 5 2 43 2 5 2 11
10000001101000000100010000111111 5 2 5 2 43 2 5 2 11
10101001000000000100010000111111 5 2 5 2 43 2 5 2 11
10000000000101101000010000111111 5 2 5 2 43 2 5 2 11
11000000000100101000010000111111 5 2 5 2 43 2 5 2 11
10000101000000101000010000111111 5 2 5 2 43 2 5 2 11
10100000000101001000010000111111 5 2 5 2 43 2 5 2 11
10000100001100001000010000111111 5 2 5 2 43 2 5 2 11
11100000000100001000010000111111 5 2 5 2 43 2 5 2 11
10100101000000001000010000111111 5 2 5 2 43 2 5 2 11
10001000000101100000010000111111 5 2 5 2 43 2 5 2 11
10000001100001100000010000111111 5 2 5 2 43 2 5 2 11
11001000000100100000010000111111 5 2 5 2 43 2 5 2 11
11000001100000100000010000111111 5 2 5 2 43 2 5 2 11
10001101000000100000010000111111 5 2 5 2 43 2 5 2 11
10000000101101000000010000111111 5 2 5 2 43 2 5 2 11
10101000000101000000010000111111 5 2 5 2 43 2 5 2 11
10100001100001000000010000111111 5 2 5 2 43 2 5 2 11
11000000101100000000010000111111 5 2 5 2 43 2 5 2 11
10001100001100000000010000111111 5 2 5 2 43 2 5 2 11
11101000000100000000010000111111 5 2 5 2 43 2 5 2 11
10000101101000000000010000111111 5 2 5 2 43 2 5 2 11
11100001100000000000010000111111 5 2 5 2 43 2 5 2 11
10101101000000000000010000111111 5 2 5 2 43 2 5 2 11
10000000000001000111100000111111 5 2 5 2 43 2 5 2 11
11000000000000000111100000111111 5 2 5 2 43 2 5 2 11
10000100000001000011100000111111 5 2 5 2 43 2 5 2 11
11000100000000000011100000111111 5 2 5 2 43 2 5 2 11
10000010000001000101100000111111 5 2 5 2 43 2 5 2 11
10000000011000000101100000111111 5 2 5 2 43 2 5 2 11
11000010000000000101100000111111 5 2 5 2 43 2 5 2 11
10000000010001100001100000111111 5 2 5 2 43 2 5 2 11
11000000010000100001100000111111 5 2 5 2 43 2 5 2 11
10100000010001000001100000111111 5 2 5 2 43 2 5 2 11
10000110000001000001100000111111 5 2 5 2 43 2 5 2 11
10000100011000000001100000111111 5 2 5 2 43 2 5 2 11
11100000010000000001100000111111 5 2 5 2 43 2 5 2 11
11000110000000000001100000111111 5 2 5 2 43 2 5 2 11
10000001000001000110100000111111 5 2 5 2 43 2 5 2 11
11000001000000000110100000111111 5 2 5 2 43 2 5 2 11
11000000000101000010100000111111 5 2 5 2 43 2 5 2 11
10000101000001000010100000111111 5 2 5 2 43 2 5 2 11
11000101000000000010100000111111 5 2 5 2 43 2 5 2 11
10000000001001010100100000111111 5 2 5 2 43 2 5 2 11
11000000001000010100100000111111 5 2 5 2 43 2 5 2 11
10010000001001000100100000111111 5 2 5 2 43 2 5 2 11
10000011000001000100100000111111 5 2 5 2 43 2 5 2 11
10000001011000000100100000111111 5 2 5 2 43 2 5 2 11
11010000001000000100100000111111 5 2 5 2 43 2 5 2 11
11000011000000000100100000111111 5 2 5 2 43 2 5 2 11
11000000000001110000100000111111 5 2 5 2 43 2 5 2 11
10000100001001010000100000111111 5 2 5 2 43 2 5 2 11
11100000000001010000100000111111 5 2 5 2 43 2 5 2 11
11000100001000010000100000111111 5 2 5 2 43 2 5 2 11
10000001010001100000100000111111 5 2 5 2 43 2 5 2 11
11010000000001100000100000111111 5 2 5 2 43 2 5 2 11
11000001010000100000100000111111 5 2 5 2 43 2 5 2 11
10000000011101000000100000111111 5 2 5 2 43 2 5 2 11
11000010000101000000100000111111 5 2 5 2 43 2 5 2 11
10010100001001000000100000111111 5 2 5 2 43 2 5 2 11
10100001010001000000100000111111 5 2 5 2 43 2 5 2 11
10000111000001000000100000111111 5 2 5 2 43 2 5 2 11
11110000000001000000100000111111 5 2 5 2 43 2 5 2 11
11000000011100000000100000111111 5 2 5 2 43 2 5 2 11
10000101011000000000100000111111 5 2 5 2 43 2 5 2 11
11010100001000000000100000111111 5 2 5 2 43 2 5 2 11
11100001010000000000100000111111 5 2 5 2 43 2 5 2 11
11000111000000000000100000111111 5 2 5 2 43 2 5 2 11
10000100000000001111000000111111 5 2 5 2 43 2 5 2 11
10000000100001000111000000111111 5 2 5 2 43 2 5 2 11
11000000100000000111000000111111 5 2 5 2 43 2 5 2 11
10001100000000000111000000111111 5 2 5 2 43 2 5 2 11
10000100100001000011000000111111 5 2 5 2 43 2 5 2 11
11000100100000000011000000111111 5 2 5 2 43 2 5 2 11
10000000010000101101000000111111 5 2 5 2 43 2 5 2 11
10100000010000001101000000111111 5 2 5 2 43 2 5 2 11
10000110000000001101000000111111 5 2 5 2 43 2 5 2 11
10000000000011100101000000111111 5 2 5 2 43 2 5 2 11
11000000000010100101000000111111 5 2 5 2 43 2 5 2 11
10001000010000100101000000111111 5 2 5 2 43 2 5 2 11
10100000000011000101000000111111 5 2 5 2 43 2 5 2 11
10000010100001000101000000111111 5 2 5 2 43 2 5 2 11
10000100001010000101000000111111 5 2 5 2 43 2 5 2 11
11100000000010000101000000111111 5 2 5 2 43 2 5 2 11
10000000111000000101000000111111 5 2 5 2 43 2 5 2 11
10101000010000000101000000111111 5 2 5 2 43 2 5 2 11
11000010100000000101000000111111 5 2 5 2 43 2 5 2 11
10001110000000000101000000111111 5 2 5 2 43 2 5 2 11
10000100010000101001000000111111 5 2 5 2 43 2 5 2 11
10100100010000001001000000111111 5 2 5 2 43 2 5 2 11
10000100000011100001000000111111 5 2 5 2 43 2 5 2 11
10000000110001100001000000111111 5 2 5 2 43 2 5 2 11
11000100000010100001000000111111 5 2 5 2 43 2 5 2 11
11000000110000100001000000111111 5 2 5 2 43 2 5 2 11
10001100010000100001000000111111 5 2 5 2 43 2 5 2 11
10100100000011000001000000111111 5 2 5 2 43 2 5 2 11
10100000110001000001000000111111 5 2 5 2 43 2 5 2 11
10000110100001000001000000111111 5 2 5 2 43 2 5 2 11
11100100000010000001000000111111 5 2 5 2 43 2 5 2 11
10000100111000000001000000111111 5 2 5 2 43 2 5 2 11
