Case #1:
10000000000000000000011111111111 5 2 5 2 7 2 5 2 11
10000000000000000100001111111111 5 2 5 2 7 2 5 2 11
10000000000001000000001111111111 5 2 5 2 7 2 5 2 11
10000000010000000000001111111111 5 2 5 2 7 2 5 2 11
10000100000000000000001111111111 5 2 5 2 7 2 5 2 11
11000000000000000000001111111111 5 2 5 2 7 2 5 2 11
10000000000000000010010111111111 5 2 5 2 7 2 5 2 11
10000000000000100000010111111111 5 2 5 2 7 2 5 2 11
10000000001000000000010111111111 5 2 5 2 7 2 5 2 11
10000010000000000000010111111111 5 2 5 2 7 2 5 2 11
10100000000000000000010111111111 5 2 5 2 7 2 5 2 11
10000000000000000110000111111111 5 2 5 2 7 2 5 2 11
10000000000001000010000111111111 5 2 5 2 7 2 5 2 11
10000000010000000010000111111111 5 2 5 2 7 2 5 2 11
10000100000000000010000111111111 5 2 5 2 7 2 5 2 11
11000000000000000010000111111111 5 2 5 2 7 2 5 2 11
10000000000000100100000111111111 5 2 5 2 7 2 5 2 11
10000000001000000100000111111111 5 2 5 2 7 2 5 2 11
10000010000000000100000111111111 5 2 5 2 7 2 5 2 11
10100000000000000100000111111111 5 2 5 2 7 2 5 2 11
10000000000001100000000111111111 5 2 5 2 7 2 5 2 11
10000000010000100000000111111111 5 2 5 2 7 2 5 2 11
10000100000000100000000111111111 5 2 5 2 7 2 5 2 11
11000000000000100000000111111111 5 2 5 2 7 2 5 2 11
10000000001001000000000111111111 5 2 5 2 7 2 5 2 11
10000010000001000000000111111111 5 2 5 2 7 2 5 2 11
10100000000001000000000111111111 5 2 5 2 7 2 5 2 11
10000000011000000000000111111111 5 2 5 2 7 2 5 2 11
10000100001000000000000111111111 5 2 5 2 7 2 5 2 11
11000000001000000000000111111111 5 2 5 2 7 2 5 2 11
10000010010000000000000111111111 5 2 5 2 7 2 5 2 11
10100000010000000000000111111111 5 2 5 2 7 2 5 2 11
10000110000000000000000111111111 5 2 5 2 7 2 5 2 11
11000010000000000000000111111111 5 2 5 2 7 2 5 2 11
10100100000000000000000111111111 5 2 5 2 7 2 5 2 11
11100000000000000000000111111111 5 2 5 2 7 2 5 2 11
10000000000000000001011011111111 5 2 5 2 7 2 5 2 11
10000000000000010000011011111111 5 2 5 2 7 2 5 2 11
10000000000100000000011011111111 5 2 5 2 7 2 5 2 11
10000001000000000000011011111111 5 2 5 2 7 2 5 2 11
10010000000000000000011011111111 5 2 5 2 7 2 5 2 11
10000000000000000101001011111111 5 2 5 2 7 2 5 2 11
10000000000001000001001011111111 5 2 5 2 7 2 5 2 11
10000000010000000001001011111111 5 2 5 2 7 2 5 2 11
10000100000000000001001011111111 5 2 5 2 7 2 5 2 11
11000000000000000001001011111111 5 2 5 2 7 2 5 2 11
10000000000000010100001011111111 5 2 5 2 7 2 5 2 11
10000000000100000100001011111111 5 2 5 2 7 2 5 2 11
10000001000000000100001011111111 5 2 5 2 7 2 5 2 11
10010000000000000100001011111111 5 2 5 2 7 2 5 2 11
10000000000001010000001011111111 5 2 5 2 7 2 5 2 11
10000000010000010000001011111111 5 2 5 2 7 2 5 2 11
10000100000000010000001011111111 5 2 5 2 7 2 5 2 11
11000000000000010000001011111111 5 2 5 2 7 2 5 2 11
10000000000101000000001011111111 5 2 5 2 7 2 5 2 11
10000001000001000000001011111111 5 2 5 2 7 2 5 2 11
10010000000001000000001011111111 5 2 5 2 7 2 5 2 11
10000000010100000000001011111111 5 2 5 2 7 2 5 2 11
10000100000100000000001011111111 5 2 5 2 7 2 5 2 11
11000000000100000000001011111111 5 2 5 2 7 2 5 2 11
10000001010000000000001011111111 5 2 5 2 7 2 5 2 11
10010000010000000000001011111111 5 2 5 2 7 2 5 2 11
10000101000000000000001011111111 5 2 5 2 7 2 5 2 11
11000001000000000000001011111111 5 2 5 2 7 2 5 2 11
10010100000000000000001011111111 5 2 5 2 7 2 5 2 11
11010000000000000000001011111111 5 2 5 2 7 2 5 2 11
10000000000000000011010011111111 5 2 5 2 7 2 5 2 11
10000000000000100001010011111111 5 2 5 2 7 2 5 2 11
10000000001000000001010011111111 5 2 5 2 7 2 5 2 11
10000010000000000001010011111111 5 2 5 2 7 2 5 2 11
10100000000000000001010011111111 5 2 5 2 7 2 5 2 11
10000000000000010010010011111111 5 2 5 2 7 2 5 2 11
10000000000100000010010011111111 5 2 5 2 7 2 5 2 11
10000001000000000010010011111111 5 2 5 2 7 2 5 2 11
10010000000000000010010011111111 5 2 5 2 7 2 5 2 11
10000000000000110000010011111111 5 2 5 2 7 2 5 2 11
10000000001000010000010011111111 5 2 5 2 7 2 5 2 11
10000010000000010000010011111111 5 2 5 2 7 2 5 2 11
10100000000000010000010011111111 5 2 5 2 7 2 5 2 11
10000000000100100000010011111111 5 2 5 2 7 2 5 2 11
10000001000000100000010011111111 5 2 5 2 7 2 5 2 11
10010000000000100000010011111111 5 2 5 2 7 2 5 2 11
10000000001100000000010011111111 5 2 5 2 7 2 5 2 11
10000010000100000000010011111111 5 2 5 2 7 2 5 2 11
10100000000100000000010011111111 5 2 5 2 7 2 5 2 11
10000001001000000000010011111111 5 2 5 2 7 2 5 2 11
10010000001000000000010011111111 5 2 5 2 7 2 5 2 11
10000011000000000000010011111111 5 2 5 2 7 2 5 2 11
10100001000000000000010011111111 5 2 5 2 7 2 5 2 11
10010010000000000000010011111111 5 2 5 2 7 2 5 2 11
10110000000000000000010011111111 5 2 5 2 7 2 5 2 11
10000000000000000111000011111111 5 2 5 2 7 2 5 2 11
10000000000001000011000011111111 5 2 5 2 7 2 5 2 11
10000000010000000011000011111111 5 2 5 2 7 2 5 2 11
10000100000000000011000011111111 5 2 5 2 7 2 5 2 11
11000000000000000011000011111111 5 2 5 2 7 2 5 2 11
10000000000000100101000011111111 5 2 5 2 7 2 5 2 11
10000000001000000101000011111111 5 2 5 2 7 2 5 2 11
10000010000000000101000011111111 5 2 5 2 7 2 5 2 11
10100000000000000101000011111111 5 2 5 2 7 2 5 2 11
10000000000001100001000011111111 5 2 5 2 7 2 5 2 11
10000000010000100001000011111111 5 2 5 2 7 2 5 2 11
10000100000000100001000011111111 5 2 5 2 7 2 5 2 11
11000000000000100001000011111111 5 2 5 2 7 2 5 2 11
10000000001001000001000011111111 5 2 5 2 7 2 5 2 11
10000010000001000001000011111111 5 2 5 2 7 2 5 2 11
10100000000001000001000011111111 5 2 5 2 7 2 5 2 11
10000000011000000001000011111111 5 2 5 2 7 2 5 2 11
10000100001000000001000011111111 5 2 5 2 7 2 5 2 11
11000000001000000001000011111111 5 2 5 2 7 2 5 2 11
10000010010000000001000011111111 5 2 5 2 7 2 5 2 11
10100000010000000001000011111111 5 2 5 2 7 2 5 2 11
10000110000000000001000011111111 5 2 5 2 7 2 5 2 11
11000010000000000001000011111111 5 2 5 2 7 2 5 2 11
10100100000000000001000011111111 5 2 5 2 7 2 5 2 11
11100000000000000001000011111111 5 2 5 2 7 2 5 2 11
10000000000000010110000011111111 5 2 5 2 7 2 5 2 11
10000000000100000110000011111111 5 2 5 2 7 2 5 2 11
10000001000000000110000011111111 5 2 5 2 7 2 5 2 11
10010000000000000110000011111111 5 2 5 2 7 2 5 2 11
10000000000001010010000011111111 5 2 5 2 7 2 5 2 11
10000000010000010010000011111111 5 2 5 2 7 2 5 2 11
10000100000000010010000011111111 5 2 5 2 7 2 5 2 11
11000000000000010010000011111111 5 2 5 2 7 2 5 2 11
10000000000101000010000011111111 5 2 5 2 7 2 5 2 11
10000001000001000010000011111111 5 2 5 2 7 2 5 2 11
10010000000001000010000011111111 5 2 5 2 7 2 5 2 11
10000000010100000010000011111111 5 2 5 2 7 2 5 2 11
10000100000100000010000011111111 5 2 5 2 7 2 5 2 11
11000000000100000010000011111111 5 2 5 2 7 2 5 2 11
10000001010000000010000011111111 5 2 5 2 7 2 5 2 11
10010000010000000010000011111111 5 2 5 2 7 2 5 2 11
10000101000000000010000011111111 5 2 5 2 7 2 5 2 11
11000001000000000010000011111111 5 2 5 2 7 2 5 2 11
10010100000000000010000011111111 5 2 5 2 7 2 5 2 11
11010000000000000010000011111111 5 2 5 2 7 2 5 2 11
10000000000000110100000011111111 5 2 5 2 7 2 5 2 11
10000000001000010100000011111111 5 2 5 2 7 2 5 2 11
10000010000000010100000011111111 5 2 5 2 7 2 5 2 11
10100000000000010100000011111111 5 2 5 2 7 2 5 2 11
10000000000100100100000011111111 5 2 5 2 7 2 5 2 11
10000001000000100100000011111111 5 2 5 2 7 2 5 2 11
10010000000000100100000011111111 5 2 5 2 7 2 5 2 11
10000000001100000100000011111111 5 2 5 2 7 2 5 2 11
10000010000100000100000011111111 5 2 5 2 7 2 5 2 11
10100000000100000100000011111111 5 2 5 2 7 2 5 2 11
10000001001000000100000011111111 5 2 5 2 7 2 5 2 11
10010000001000000100000011111111 5 2 5 2 7 2 5 2 11
10000011000000000100000011111111 5 2 5 2 7 2 5 2 11
10100001000000000100000011111111 5 2 5 2 7 2 5 2 11
10010010000000000100000011111111 5 2 5 2 7 2 5 2 11
10110000000000000100000011111111 5 2 5 2 7 2 5 2 11
10000000000001110000000011111111 5 2 5 2 7 2 5 2 11
10000000010000110000000011111111 5 2 5 2 7 2 5 2 11
10000100000000110000000011111111 5 2 5 2 7 2 5 2 11
11000000000000110000000011111111 5 2 5 2 7 2 5 2 11
10000000001001010000000011111111 5 2 5 2 7 2 5 2 11
10000010000001010000000011111111 5 2 5 2 7 2 5 2 11
10100000000001010000000011111111 5 2 5 2 7 2 5 2 11
10000000011000010000000011111111 5 2 5 2 7 2 5 2 11
10000100001000010000000011111111 5 2 5 2 7 2 5 2 11
11000000001000010000000011111111 5 2 5 2 7 2 5 2 11
10000010010000010000000011111111 5 2 5 2 7 2 5 2 11
10100000010000010000000011111111 5 2 5 2 7 2 5 2 11
10000110000000010000000011111111 5 2 5 2 7 2 5 2 11
11000010000000010000000011111111 5 2 5 2 7 2 5 2 11
10100100000000010000000011111111 5 2 5 2 7 2 5 2 11
11100000000000010000000011111111 5 2 5 2 7 2 5 2 11
10000000000101100000000011111111 5 2 5 2 7 2 5 2 11
10000001000001100000000011111111 5 2 5 2 7 2 5 2 11
10010000000001100000000011111111 5 2 5 2 7 2 5 2 11
10000000010100100000000011111111 5 2 5 2 7 2 5 2 11
10000100000100100000000011111111 5 2 5 2 7 2 5 2 11
11000000000100100000000011111111 5 2 5 2 7 2 5 2 11
10000001010000100000000011111111 5 2 5 2 7 2 5 2 11
10010000010000100000000011111111 5 2 5 2 7 2 5 2 11
10000101000000100000000011111111 5 2 5 2 7 2 5 2 11
11000001000000100000000011111111 5 2 5 2 7 2 5 2 11
10010100000000100000000011111111 5 2 5 2 7 2 5 2 11
11010000000000100000000011111111 5 2 5 2 7 2 5 2 11
10000000001101000000000011111111 5 2 5 2 7 2 5 2 11
10000010000101000000000011111111 5 2 5 2 7 2 5 2 11
10100000000101000000000011111111 5 2 5 2 7 2 5 2 11
10000001001001000000000011111111 5 2 5 2 7 2 5 2 11
10010000001001000000000011111111 5 2 5 2 7 2 5 2 11
10000011000001000000000011111111 5 2 5 2 7 2 5 2 11
10100001000001000000000011111111 5 2 5 2 7 2 5 2 11
10010010000001000000000011111111 5 2 5 2 7 2 5 2 11
10110000000001000000000011111111 5 2 5 2 7 2 5 2 11
10000000011100000000000011111111 5 2 5 2 7 2 5 2 11
10000100001100000000000011111111 5 2 5 2 7 2 5 2 11
11000000001100000000000011111111 5 2 5 2 7 2 5 2 11
10000010010100000000000011111111 5 2 5 2 7 2 5 2 11
10100000010100000000000011111111 5 2 5 2 7 2 5 2 11
10000110000100000000000011111111 5 2 5 2 7 2 5 2 11
11000010000100000000000011111111 5 2 5 2 7 2 5 2 11
10100100000100000000000011111111 5 2 5 2 7 2 5 2 11
11100000000100000000000011111111 5 2 5 2 7 2 5 2 11
10000001011000000000000011111111 5 2 5 2 7 2 5 2 11
10010000011000000000000011111111 5 2 5 2 7 2 5 2 11
10000101001000000000000011111111 5 2 5 2 7 2 5 2 11
11000001001000000000000011111111 5 2 5 2 7 2 5 2 11
10010100001000000000000011111111 5 2 5 2 7 2 5 2 11
11010000001000000000000011111111 5 2 5 2 7 2 5 2 11
10000011010000000000000011111111 5 2 5 2 7 2 5 2 11
10100001010000000000000011111111 5 2 5 2 7 2 5 2 11
10010010010000000000000011111111 5 2 5 2 7 2 5 2 11
10110000010000000000000011111111 5 2 5 2 7 2 5 2 11
10000111000000000000000011111111 5 2 5 2 7 2 5 2 11
11000011000000000000000011111111 5 2 5 2 7 2 5 2 11
10100101000000000000000011111111 5 2 5 2 7 2 5 2 11
11100001000000000000000011111111 5 2 5 2 7 2 5 2 11
10010110000000000000000011111111 5 2 5 2 7 2 5 2 11
11010010000000000000000011111111 5 2 5 2 7 2 5 2 11
10110100000000000000000011111111 5 2 5 2 7 2 5 2 11
11110000000000000000000011111111 5 2 5 2 7 2 5 2 11
10000000000000000000111101111111 5 2 5 2 7 2 5 2 11
10000000000000001000011101111111 5 2 5 2 7 2 5 2 11
10000000000010000000011101111111 5 2 5 2 7 2 5 2 11
10000000100000000000011101111111 5 2 5 2 7 2 5 2 11
10001000000000000000011101111111 5 2 5 2 7 2 5 2 11
10000000000000000100101101111111 5 2 5 2 7 2 5 2 11
10000000000001000000101101111111 5 2 5 2 7 2 5 2 11
10000000010000000000101101111111 5 2 5 2 7 2 5 2 11
10000100000000000000101101111111 5 2 5 2 7 2 5 2 11
11000000000000000000101101111111 5 2 5 2 7 2 5 2 11
10000000000000001100001101111111 5 2 5 2 7 2 5 2 11
10000000000010000100001101111111 5 2 5 2 7 2 5 2 11
10000000100000000100001101111111 5 2 5 2 7 2 5 2 11
10001000000000000100001101111111 5 2 5 2 7 2 5 2 11
10000000000001001000001101111111 5 2 5 2 7 2 5 2 11
10000000010000001000001101111111 5 2 5 2 7 2 5 2 11
10000100000000001000001101111111 5 2 5 2 7 2 5 2 11
11000000000000001000001101111111 5 2 5 2 7 2 5 2 11
10000000000011000000001101111111 5 2 5 2 7 2 5 2 11
10000000100001000000001101111111 5 2 5 2 7 2 5 2 11
10001000000001000000001101111111 5 2 5 2 7 2 5 2 11
10000000010010000000001101111111 5 2 5 2 7 2 5 2 11
10000100000010000000001101111111 5 2 5 2 7 2 5 2 11
11000000000010000000001101111111 5 2 5 2 7 2 5 2 11
10000000110000000000001101111111 5 2 5 2 7 2 5 2 11
10001000010000000000001101111111 5 2 5 2 7 2 5 2 11
10000100100000000000001101111111 5 2 5 2 7 2 5 2 11
11000000100000000000001101111111 5 2 5 2 7 2 5 2 11
10001100000000000000001101111111 5 2 5 2 7 2 5 2 11
11001000000000000000001101111111 5 2 5 2 7 2 5 2 11
10000000000000000010110101111111 5 2 5 2 7 2 5 2 11
10000000000000100000110101111111 5 2 5 2 7 2 5 2 11
10000000001000000000110101111111 5 2 5 2 7 2 5 2 11
10000010000000000000110101111111 5 2 5 2 7 2 5 2 11
10100000000000000000110101111111 5 2 5 2 7 2 5 2 11
10000000000000001010010101111111 5 2 5 2 7 2 5 2 11
10000000000010000010010101111111 5 2 5 2 7 2 5 2 11
10000000100000000010010101111111 5 2 5 2 7 2 5 2 11
10001000000000000010010101111111 5 2 5 2 7 2 5 2 11
10000000000000101000010101111111 5 2 5 2 7 2 5 2 11
10000000001000001000010101111111 5 2 5 2 7 2 5 2 11
10000010000000001000010101111111 5 2 5 2 7 2 5 2 11
10100000000000001000010101111111 5 2 5 2 7 2 5 2 11
10000000000010100000010101111111 5 2 5 2 7 2 5 2 11
10000000100000100000010101111111 5 2 5 2 7 2 5 2 11
10001000000000100000010101111111 5 2 5 2 7 2 5 2 11
10000000001010000000010101111111 5 2 5 2 7 2 5 2 11
10000010000010000000010101111111 5 2 5 2 7 2 5 2 11
10100000000010000000010101111111 5 2 5 2 7 2 5 2 11
10000000101000000000010101111111 5 2 5 2 7 2 5 2 11
10001000001000000000010101111111 5 2 5 2 7 2 5 2 11
10000010100000000000010101111111 5 2 5 2 7 2 5 2 11
10100000100000000000010101111111 5 2 5 2 7 2 5 2 11
10001010000000000000010101111111 5 2 5 2 7 2 5 2 11
10101000000000000000010101111111 5 2 5 2 7 2 5 2 11
10000000000000000110100101111111 5 2 5 2 7 2 5 2 11
10000000000001000010100101111111 5 2 5 2 7 2 5 2 11
10000000010000000010100101111111 5 2 5 2 7 2 5 2 11
10000100000000000010100101111111 5 2 5 2 7 2 5 2 11
11000000000000000010100101111111 5 2 5 2 7 2 5 2 11
10000000000000100100100101111111 5 2 5 2 7 2 5 2 11
10000000001000000100100101111111 5 2 5 2 7 2 5 2 11
10000010000000000100100101111111 5 2 5 2 7 2 5 2 11
10100000000000000100100101111111 5 2 5 2 7 2 5 2 11
10000000000001100000100101111111 5 2 5 2 7 2 5 2 11
10000000010000100000100101111111 5 2 5 2 7 2 5 2 11
10000100000000100000100101111111 5 2 5 2 7 2 5 2 11
11000000000000100000100101111111 5 2 5 2 7 2 5 2 11
10000000001001000000100101111111 5 2 5 2 7 2 5 2 11
10000010000001000000100101111111 5 2 5 2 7 2 5 2 11
10100000000001000000100101111111 5 2 5 2 7 2 5 2 11
10000000011000000000100101111111 5 2 5 2 7 2 5 2 11
10000100001000000000100101111111 5 2 5 2 7 2 5 2 11
11000000001000000000100101111111 5 2 5 2 7 2 5 2 11
10000010010000000000100101111111 5 2 5 2 7 2 5 2 11
10100000010000000000100101111111 5 2 5 2 7 2 5 2 11
10000110000000000000100101111111 5 2 5 2 7 2 5 2 11
11000010000000000000100101111111 5 2 5 2 7 2 5 2 11
10100100000000000000100101111111 5 2 5 2 7 2 5 2 11
11100000000000000000100101111111 5 2 5 2 7 2 5 2 11
10000000000000001110000101111111 5 2 5 2 7 2 5 2 11
10000000000010000110000101111111 5 2 5 2 7 2 5 2 11
10000000100000000110000101111111 5 2 5 2 7 2 5 2 11
10001000000000000110000101111111 5 2 5 2 7 2 5 2 11
10000000000001001010000101111111 5 2 5 2 7 2 5 2 11
10000000010000001010000101111111 5 2 5 2 7 2 5 2 11
10000100000000001010000101111111 5 2 5 2 7 2 5 2 11
11000000000000001010000101111111 5 2 5 2 7 2 5 2 11
10000000000011000010000101111111 5 2 5 2 7 2 5 2 11
10000000100001000010000101111111 5 2 5 2 7 2 5 2 11
10001000000001000010000101111111 5 2 5 2 7 2 5 2 11
10000000010010000010000101111111 5 2 5 2 7 2 5 2 11
10000100000010000010000101111111 5 2 5 2 7 2 5 2 11
11000000000010000010000101111111 5 2 5 2 7 2 5 2 11
10000000110000000010000101111111 5 2 5 2 7 2 5 2 11
10001000010000000010000101111111 5 2 5 2 7 2 5 2 11
10000100100000000010000101111111 5 2 5 2 7 2 5 2 11
11000000100000000010000101111111 5 2 5 2 7 2 5 2 11
10001100000000000010000101111111 5 2 5 2 7 2 5 2 11
11001000000000000010000101111111 5 2 5 2 7 2 5 2 11
10000000000000101100000101111111 5 2 5 2 7 2 5 2 11
10000000001000001100000101111111 5 2 5 2 7 2 5 2 11
10000010000000001100000101111111 5 2 5 2 7 2 5 2 11
10100000000000001100000101111111 5 2 5 2 7 2 5 2 11
10000000000010100100000101111111 5 2 5 2 7 2 5 2 11
10000000100000100100000101111111 5 2 5 2 7 2 5 2 11
10001000000000100100000101111111 5 2 5 2 7 2 5 2 11
10000000001010000100000101111111 5 2 5 2 7 2 5 2 11
10000010000010000100000101111111 5 2 5 2 7 2 5 2 11
10100000000010000100000101111111 5 2 5 2 7 2 5 2 11
10000000101000000100000101111111 5 2 5 2 7 2 5 2 11
10001000001000000100000101111111 5 2 5 2 7 2 5 2 11
10000010100000000100000101111111 5 2 5 2 7 2 5 2 11
10100000100000000100000101111111 5 2 5 2 7 2 5 2 11
10001010000000000100000101111111 5 2 5 2 7 2 5 2 11
10101000000000000100000101111111 5 2 5 2 7 2 5 2 11
10000000000001101000000101111111 5 2 5 2 7 2 5 2 11
10000000010000101000000101111111 5 2 5 2 7 2 5 2 11
10000100000000101000000101111111 5 2 5 2 7 2 5 2 11
11000000000000101000000101111111 5 2 5 2 7 2 5 2 11
10000000001001001000000101111111 5 2 5 2 7 2 5 2 11
10000010000001001000000101111111 5 2 5 2 7 2 5 2 11
10100000000001001000000101111111 5 2 5 2 7 2 5 2 11
10000000011000001000000101111111 5 2 5 2 7 2 5 2 11
10000100001000001000000101111111 5 2 5 2 7 2 5 2 11
11000000001000001000000101111111 5 2 5 2 7 2 5 2 11
10000010010000001000000101111111 5 2 5 2 7 2 5 2 11
10100000010000001000000101111111 5 2 5 2 7 2 5 2 11
10000110000000001000000101111111 5 2 5 2 7 2 5 2 11
11000010000000001000000101111111 5 2 5 2 7 2 5 2 11
10100100000000001000000101111111 5 2 5 2 7 2 5 2 11
11100000000000001000000101111111 5 2 5 2 7 2 5 2 11
10000000000011100000000101111111 5 2 5 2 7 2 5 2 11
10000000100001100000000101111111 5 2 5 2 7 2 5 2 11
10001000000001100000000101111111 5 2 5 2 7 2 5 2 11
10000000010010100000000101111111 5 2 5 2 7 2 5 2 11
10000100000010100000000101111111 5 2 5 2 7 2 5 2 11
11000000000010100000000101111111 5 2 5 2 7 2 5 2 11
10000000110000100000000101111111 5 2 5 2 7 2 5 2 11
10001000010000100000000101111111 5 2 5 2 7 2 5 2 11
10000100100000100000000101111111 5 2 5 2 7 2 5 2 11
11000000100000100000000101111111 5 2 5 2 7 2 5 2 11
10001100000000100000000101111111 5 2 5 2 7 2 5 2 11
11001000000000100000000101111111 5 2 5 2 7 2 5 2 11
10000000001011000000000101111111 5 2 5 2 7 2 5 2 11
10000010000011000000000101111111 5 2 5 2 7 2 5 2 11
10100000000011000000000101111111 5 2 5 2 7 2 5 2 11
10000000101001000000000101111111 5 2 5 2 7 2 5 2 11
10001000001001000000000101111111 5 2 5 2 7 2 5 2 11
10000010100001000000000101111111 5 2 5 2 7 2 5 2 11
10100000100001000000000101111111 5 2 5 2 7 2 5 2 11
10001010000001000000000101111111 5 2 5 2 7 2 5 2 11
10101000000001000000000101111111 5 2 5 2 7 2 5 2 11
10000000011010000000000101111111 5 2 5 2 7 2 5 2 11
10000100001010000000000101111111 5 2 5 2 7 2 5 2 11
11000000001010000000000101111111 5 2 5 2 7 2 5 2 11
10000010010010000000000101111111 5 2 5 2 7 2 5 2 11
10100000010010000000000101111111 5 2 5 2 7 2 5 2 11
10000110000010000000000101111111 5 2 5 2 7 2 5 2 11
11000010000010000000000101111111 5 2 5 2 7 2 5 2 11
10100100000010000000000101111111 5 2 5 2 7 2 5 2 11
11100000000010000000000101111111 5 2 5 2 7 2 5 2 11
10000000111000000000000101111111 5 2 5 2 7 2 5 2 11
10001000011000000000000101111111 5 2 5 2 7 2 5 2 11
10000100101000000000000101111111 5 2 5 2 7 2 5 2 11
11000000101000000000000101111111 5 2 5 2 7 2 5 2 11
10001100001000000000000101111111 5 2 5 2 7 2 5 2 11
11001000001000000000000101111111 5 2 5 2 7 2 5 2 11
10000010110000000000000101111111 5 2 5 2 7 2 5 2 11
10100000110000000000000101111111 5 2 5 2 7 2 5 2 11
10001010010000000000000101111111 5 2 5 2 7 2 5 2 11
10101000010000000000000101111111 5 2 5 2 7 2 5 2 11
10000110100000000000000101111111 5 2 5 2 7 2 5 2 11
11000010100000000000000101111111 5 2 5 2 7 2 5 2 11
10100100100000000000000101111111 5 2 5 2 7 2 5 2 11
11100000100000000000000101111111 5 2 5 2 7 2 5 2 11
10001110000000000000000101111111 5 2 5 2 7 2 5 2 11
11001010000000000000000101111111 5 2 5 2 7 2 5 2 11
10101100000000000000000101111111 5 2 5 2 7 2 5 2 11
11101000000000000000000101111111 5 2 5 2 7 2 5 2 11
10000000000000000001111001111111 5 2 5 2 7 2 5 2 11
10000000000000010000111001111111 5 2 5 2 7 2 5 2 11
10000000000100000000111001111111 5 2 5 2 7 2 5 2 11
10000001000000000000111001111111 5 2 5 2 7 2 5 2 11
10010000000000000000111001111111 5 2 5 2 7 2 5 2 11
10000000000000001001011001111111 5 2 5 2 7 2 5 2 11
10000000000010000001011001111111 5 2 5 2 7 2 5 2 11
10000000100000000001011001111111 5 2 5 2 7 2 5 2 11
10001000000000000001011001111111 5 2 5 2 7 2 5 2 11
10000000000000011000011001111111 5 2 5 2 7 2 5 2 11
10000000000100001000011001111111 5 2 5 2 7 2 5 2 11
10000001000000001000011001111111 5 2 5 2 7 2 5 2 11
10010000000000001000011001111111 5 2 5 2 7 2 5 2 11
10000000000010010000011001111111 5 2 5 2 7 2 5 2 11
10000000100000010000011001111111 5 2 5 2 7 2 5 2 11
10001000000000010000011001111111 5 2 5 2 7 2 5 2 11
10000000000110000000011001111111 5 2 5 2 7 2 5 2 11
10000001000010000000011001111111 5 2 5 2 7 2 5 2 11
10010000000010000000011001111111 5 2 5 2 7 2 5 2 11
10000000100100000000011001111111 5 2 5 2 7 2 5 2 11
10001000000100000000011001111111 5 2 5 2 7 2 5 2 11
10000001100000000000011001111111 5 2 5 2 7 2 5 2 11
10010000100000000000011001111111 5 2 5 2 7 2 5 2 11
10001001000000000000011001111111 5 2 5 2 7 2 5 2 11
10011000000000000000011001111111 5 2 5 2 7 2 5 2 11
10000000000000000101101001111111 5 2 5 2 7 2 5 2 11
10000000000001000001101001111111 5 2 5 2 7 2 5 2 11
10000000010000000001101001111111 5 2 5 2 7 2 5 2 11
10000100000000000001101001111111 5 2 5 2 7 2 5 2 11
11000000000000000001101001111111 5 2 5 2 7 2 5 2 11
10000000000000010100101001111111 5 2 5 2 7 2 5 2 11
10000000000100000100101001111111 5 2 5 2 7 2 5 2 11
10000001000000000100101001111111 5 2 5 2 7 2 5 2 11
10010000000000000100101001111111 5 2 5 2 7 2 5 2 11
10000000000001010000101001111111 5 2 5 2 7 2 5 2 11
10000000010000010000101001111111 5 2 5 2 7 2 5 2 11
10000100000000010000101001111111 5 2 5 2 7 2 5 2 11
11000000000000010000101001111111 5 2 5 2 7 2 5 2 11
10000000000101000000101001111111 5 2 5 2 7 2 5 2 11
10000001000001000000101001111111 5 2 5 2 7 2 5 2 11
10010000000001000000101001111111 5 2 5 2 7 2 5 2 11
10000000010100000000101001111111 5 2 5 2 7 2 5 2 11
10000100000100000000101001111111 5 2 5 2 7 2 5 2 11
11000000000100000000101001111111 5 2 5 2 7 2 5 2 11
10000001010000000000101001111111 5 2 5 2 7 2 5 2 11
10010000010000000000101001111111 5 2 5 2 7 2 5 2 11
10000101000000000000101001111111 5 2 5 2 7 2 5 2 11
11000001000000000000101001111111 5 2 5 2 7 2 5 2 11
10010100000000000000101001111111 5 2 5 2 7 2 5 2 11
11010000000000000000101001111111 5 2 5 2 7 2 5 2 11
10000000000000001101001001111111 5 2 5 2 7 2 5 2 11
10000000000010000101001001111111 5 2 5 2 7 2 5 2 11
10000000100000000101001001111111 5 2 5 2 7 2 5 2 11
10001000000000000101001001111111 5 2 5 2 7 2 5 2 11
10000000000001001001001001111111 5 2 5 2 7 2 5 2 11
10000000010000001001001001111111 5 2 5 2 7 2 5 2 11
10000100000000001001001001111111 5 2 5 2 7 2 5 2 11
11000000000000001001001001111111 5 2 5 2 7 2 5 2 11
10000000000011000001001001111111 5 2 5 2 7 2 5 2 11
10000000100001000001001001111111 5 2 5 2 7 2 5 2 11
10001000000001000001001001111111 5 2 5 2 7 2 5 2 11
10000000010010000001001001111111 5 2 5 2 7 2 5 2 11
10000100000010000001001001111111 5 2 5 2 7 2 5 2 11
11000000000010000001001001111111 5 2 5 2 7 2 5 2 11
10000000110000000001001001111111 5 2 5 2 7 2 5 2 11
10001000010000000001001001111111 5 2 5 2 7 2 5 2 11
10000100100000000001001001111111 5 2 5 2 7 2 5 2 11
11000000100000000001001001111111 5 2 5 2 7 2 5 2 11
10001100000000000001001001111111 5 2 5 2 7 2 5 2 11
11001000000000000001001001111111 5 2 5 2 7 2 5 2 11
10000000000000011100001001111111 5 2 5 2 7 2 5 2 11
10000000000100001100001001111111 5 2 5 2 7 2 5 2 11
10000001000000001100001001111111 5 2 5 2 7 2 5 2 11
10010000000000001100001001111111 5 2 5 2 7 2 5 2 11
10000000000010010100001001111111 5 2 5 2 7 2 5 2 11
10000000100000010100001001111111 5 2 5 2 7 2 5 2 11
10001000000000010100001001111111 5 2 5 2 7 2 5 2 11
10000000000110000100001001111111 5 2 5 2 7 2 5 2 11
10000001000010000100001001111111 5 2 5 2 7 2 5 2 11
10010000000010000100001001111111 5 2 5 2 7 2 5 2 11
10000000100100000100001001111111 5 2 5 2 7 2 5 2 11
10001000000100000100001001111111 5 2 5 2 7 2 5 2 11
10000001100000000100001001111111 5 2 5 2 7 2 5 2 11
10010000100000000100001001111111 5 2 5 2 7 2 5 2 11
10001001000000000100001001111111 5 2 5 2 7 2 5 2 11
10011000000000000100001001111111 5 2 5 2 7 2 5 2 11
10000000000001011000001001111111 5 2 5 2 7 2 5 2 11
10000000010000011000001001111111 5 2 5 2 7 2 5 2 11
10000100000000011000001001111111 5 2 5 2 7 2 5 2 11
11000000000000011000001001111111 5 2 5 2 7 2 5 2 11
10000000000101001000001001111111 5 2 5 2 7 2 5 2 11
10000001000001001000001001111111 5 2 5 2 7 2 5 2 11
10010000000001001000001001111111 5 2 5 2 7 2 5 2 11
10000000010100001000001001111111 5 2 5 2 7 2 5 2 11
10000100000100001000001001111111 5 2 5 2 7 2 5 2 11
11000000000100001000001001111111 5 2 5 2 7 2 5 2 11
10000001010000001000001001111111 5 2 5 2 7 2 5 2 11
10010000010000001000001001111111 5 2 5 2 7 2 5 2 11
10000101000000001000001001111111 5 2 5 2 7 2 5 2 11
11000001000000001000001001111111 5 2 5 2 7 2 5 2 11
10010100000000001000001001111111 5 2 5 2 7 2 5 2 11
11010000000000001000001001111111 5 2 5 2 7 2 5 2 11
10000000000011010000001001111111 5 2 5 2 7 2 5 2 11
10000000100001010000001001111111 5 2 5 2 7 2 5 2 11
