Case #1:
1000011111111111 5 2 5 2 7 2 5 2 11
1100001111111111 5 2 5 2 7 2 5 2 11
1010010111111111 5 2 5 2 7 2 5 2 11
1110000111111111 5 2 5 2 7 2 5 2 11
1001011011111111 5 2 5 2 7 2 5 2 11
1101001011111111 5 2 5 2 7 2 5 2 11
1011010011111111 5 2 5 2 7 2 5 2 11
1111000011111111 5 2 5 2 7 2 5 2 11
1000111101111111 5 2 5 2 7 2 5 2 11
1100101101111111 5 2 5 2 7 2 5 2 11
1010110101111111 5 2 5 2 7 2 5 2 11
1110100101111111 5 2 5 2 7 2 5 2 11
1001111001111111 5 2 5 2 7 2 5 2 11
1101101001111111 5 2 5 2 7 2 5 2 11
1011110001111111 5 2 5 2 7 2 5 2 11
1111100001111111 5 2 5 2 7 2 5 2 11
1100011110111111 5 2 5 2 7 2 5 2 11
1110010110111111 5 2 5 2 7 2 5 2 11
1101011010111111 5 2 5 2 7 2 5 2 11
1111010010111111 5 2 5 2 7 2 5 2 11
1100111100111111 5 2 5 2 7 2 5 2 11
1110110100111111 5 2 5 2 7 2 5 2 11
1101111000111111 5 2 5 2 7 2 5 2 11
1111110000111111 5 2 5 2 7 2 5 2 11
1010011111011111 5 2 5 2 7 2 5 2 11
1110001111011111 5 2 5 2 7 2 5 2 11
1011011011011111 5 2 5 2 7 2 5 2 11
1111001011011111 5 2 5 2 7 2 5 2 11
1010111101011111 5 2 5 2 7 2 5 2 11
1110101101011111 5 2 5 2 7 2 5 2 11
1011111001011111 5 2 5 2 7 2 5 2 11
1111101001011111 5 2 5 2 7 2 5 2 11
1110011110011111 5 2 5 2 7 2 5 2 11
1111011010011111 5 2 5 2 7 2 5 2 11
1110111100011111 5 2 5 2 7 2 5 2 11
1111111000011111 5 2 5 2 7 2 5 2 11
1001011111101111 5 2 5 2 7 2 5 2 11
1101001111101111 5 2 5 2 7 2 5 2 11
1011010111101111 5 2 5 2 7 2 5 2 11
1111000111101111 5 2 5 2 7 2 5 2 11
1001111101101111 5 2 5 2 7 2 5 2 11
1101101101101111 5 2 5 2 7 2 5 2 11
1011110101101111 5 2 5 2 7 2 5 2 11
1111100101101111 5 2 5 2 7 2 5 2 11
1101011110101111 5 2 5 2 7 2 5 2 11
1111010110101111 5 2 5 2 7 2 5 2 11
1101111100101111 5 2 5 2 7 2 5 2 11
1111110100101111 5 2 5 2 7 2 5 2 11
1011011111001111 5 2 5 2 7 2 5 2 11
1111001111001111 5 2 5 2 7 2 5 2 11
