Case #1: 3
Case #2: 1
Case #3: 1 2
Case #4: 2 7
Case #5: 1073741825
Case #6: 16
Case #7: 18794903041
Case #8: 22876
Case #9: 1 2 3 4 5 6 7 8 9 10 11 12 13 14
Case #10: 1
Case #11: 669 24001
Case #12: 2280217729 1167471476786 2332662735843 3497853994900 4663045253957 5828236513014 6993427772071 8158619031128 9323810290185 10489001549242 11654192397449
Case #13: 131073
Case #14: 2
Case #15: 16473631310453 11284437447659702 22552401264008951 33820365080358200 45088328896707449 56356292713056698 67624256529405947 78892220345755196 90160184126482779
Case #16: 403 29363 58323 87283 116224
Case #17: 1639847480 434559582000 867479316520 1300399051040 1731725750337
Case #18: 5811307336
Case #19: 102030405060709 91011121314151618 181920212223242527 272829303132333436 363738394041424345 454647484950515254 545556575859606163 636465666768697072 727374757677787981 818283848586878890 909192939495969799 990000000000000001
Case #20: 1
Case #21: 1
Case #22: 1 2 3
Case #23: 193011082 59640424079 119087837076 178535250073 237982663070 297430076067 356873293126
Case #24: 46
Case #25: 1 2 3 4 5 6 7 8 9 10 11 12 13 14 15 16 17 18 19 20 21 22 23 24 25 26 27 28 29 30 31 32 33 34 35 36 37 38 39 40 41 42 43 44 45 46 47 48 49 50 51 52 53 54 55 56 57 58 59 60 61 62 63 64 65 66 67 68 69 70 71 72 73 74 75 76 77 78 79 80 81 82 83 84 85 86
Case #26: 28
Case #27: 18 741 1464 2187 2910
Case #28: 5547 449252 892957 1331424
Case #29: 1
Case #30: 10596382 1790788439 3570980496 5351156251
Case #31: 2 56 110 164 218 272 326 380 434 488 542 596 650
Case #32: 7747 2672387 5337027 8001667 10666307 13330947 15995587 18660227 21324867 23989507 26654147 29318787 31983427 34648067 37312707 39977347 42641987 45306627 47971267 50635907 53300547 55965100
Case #33: 2386286637990 813723743554350 1625061200470710 2436398603275001
Case #34: 12345678900000001
Case #35: 32769
Case #36: 18024780049467 12509197354329486 25000369928609505 37491542502889524 49982715077169543 62473887651449562 74965060225729581 87456232800009600 99947405373808825
Case #37: 1235 56790
Case #38: 6244 1929104 3851964 5774824 7697684 9620544 11543404 13466264 15389124 17311984 19234844 21157704 23080564 25003424 26926284 28849144 30772004 32694864 34617724 36534421
Case #39: 154092184 45457194035 90760295886 136063397737 181366499588 226669601439 265497248059
Case #40: 1 2 3 4
Case #41: 2 204 406 608 810 1012 1214 1416 1618 1820 2022 2224 2426 2628 2830 3032 3234 3436 3638 3840 4042 4244 4446 4648 4850 5052 5254 5456 5658 5860 6062 6264 6466 6668 6870 7072 7274 7476 7678 7880 8082 8284 8486 8688 8890 9092 9294 9496 9698 9900
Case #42: 24358194339841
Case #43: 54480997
Case #44: 3265338 806538276 1609811214 2413084152 3216357090 4019630028 4822902966
Case #45: 30399297484750849
Case #46: 623749 57384866
Case #47: 28311553
Case #48: 1 2 3 4 5 6 7 8 9 10 11 12 13 14 15 16 17 18 19 20 21 22 23 24 25 26 27 28 29 30 31 32 33 34 35 36 37 38 39 40 41 42 43 44 45 46 47 48 49 50 51 52 53 54 55 56 57 58 59 60 61 62 63 64 65 66 67 68 69 70 71 72 73 74 75 76 77 78 79 80 81 82 83 84 85 86 87 88 89 90 91 92 93 94 95 96 97 98 99 100
Case #49: 83385908498332846
Case #50: 90 23061 46032 69003 91974 114945 137916 160887 183858 206829 229800 252771 275742 298713 321684 344655 367626 390597 413568 436539 459510 482481 505452 528423 551394 574365 597336 620307 643278
Case #51: 10204 4050608 8091012 12131416 16171820 20212224 24252628 28293032 32333436 36373840 40414244 44454648 48495052 52535456 56575860 60616264 64656668 68697072 72737476 76777880 80818284 84858688 88899092 92939496 96979900
Case #52: 24251
Case #53: 5
Case #54: 154659 40365764 80576869 120787974 160999079 201210184 241421289 281632394 321843499 362054604 402262846
Case #55: 1
Case #56: 113246209
Case #57: 2919 609879 1216839 1823799 2430759 3037719 3644679 4251639 4858599 5465559 6072519 6679479 7286439 7741605
Case #58: 1 2 3 4 5 6 7 8 9 10 11 12 13 14 15 16 17 18 19 20 21 22 23 24 25 26 27 28 29 30 31 32 33 34 35 36 37 38 39 40 41 42 43 44 45 46 47 48 49 50 51 52 53 54 55 56 57 58 59 60 61 62 63 64 65 66 67 68 69 70 71 72 73 74 75 76 77 78 79 80 81 82 83 84 85 86 87 88 89 90 91 92 93 94
Case #59: 4097
Case #60: 8284 2957048 5905812 8854576 11803340 14752104 17700868 20649632 23598396 26547160 29495924 32444688 35393452 38342216 41290980 44239744 47188508 50137272 53086036 56034800 58983564 61932328 64872901
Case #61: 1 2 3 4 5 6 7 8 9 10 11 12 13 14 15 16 17 18 19 20 21 22 23 24 25 26 27 28 29 30 31 32 33 34 35 36 37 38 39 40 41 42 43 44 45 46 47 48 49 50 51 52 53 54 55 56 57 58 59 60 61 62 63 64 65 66 67 68 69 70 71 72 73 74 75 76
Case #62: 26163 3688868 7351573 11014278 14676983 18339659
Case #63: 48910552834239 39226263373058958 78403616193283677 117580969013508396 156758321833733115 195935674653957834 235113027474182553 274290380294407272 313467733114631991 352645085934856710
Case #64: 49361 8687386 17325411 25963436 34601461 43239486 51877511 58786561
Case #65: 2199023255553
Case #66: 195
Case #67: 1
Case #68: 1 2 3 4 5 6 7 8 9 10 11 12 13 14 15 16 17 18 19 20 21 22 23 24 25 26 27 28 29 30 31 32 33 34 35 36 37 38 39 40 41 42 43 44 45 46 47 48 49 50 51
Case #69: 4503599627370497
Case #70: 12756577832 4809229842352 9605703106872 14402176371392 19198649635912 23995122900432
Case #71: 2 12
Case #72: 1261200 243411444 485561688 727711932 969862176 1211975326
Case #73: 103 30406 60709 91012 121315 151618 181921 212224 242527 272830 303133 333436 363739 394042 424345 454648 484951 515254 545557 575860 606163 636466 666769 697072 727375 757678 787981 818284 848587 878890 909193 939496 969799 990001
Case #74: 268822560488 170164680788336 340060539016184 509956397244032 679852255471880 849748113699728 1019643971927576 1189539830155424 1359435688383272 1529331546611120
Case #75: 2 200 398 596 794 992 1190 1388 1586 1784 1982 2180 2378 2576 2774 2972 3170 3368 3566 3764 3962 4160 4358 4556 4754 4952 5150 5348 5546 5744 5942 6140 6338 6536 6734 6932 7130 7328 7526 7724 7922 8120 8318 8516 8714 8912 9110 9308 9506
Case #76: 1234568 89000001
Case #77: 12345679 900000001
Case #78: 1 2 3 4 5 6 7 8 9 10 11 12 13 14 15 16 17 18 19 20 21 22 23 24 25 26 27 28 29 30 31 32 33 34 35 36 37 38 39 40 41 42 43 44 45 46 47 48 49 50 51 52 53 54 55 56 57 58 59 60 61 62 63 64 65 66 67 68 69 70 71 72 73 74 75 76 77
Case #79: 132595939334998 75712281360283388 151291966781231778 226871652202180168 302451337623128558 378031023044073525
Case #80: 920521275489999
Case #81: 355457590375447
Case #82: 8389162068846 3364053989606946 6719718817145046 10075383644683146 13095277375758441
Case #83: 95035324 25374431291 50653827258 75933223225 101212619192 126491954239
Case #84: 2118409 254209010 506293417
Case #85: 645700816
Case #86: 1 2 3 4 5 6 7 8 9 10 11 12 13 14 15 16 17 18 19 20 21 22 23 24 25 26 27 28 29 30 31 32 33 34 35 36 37 38 39 40 41 42 43 44 45 46 47 48 49 50 51 52 53 54 55 56 57 58 59 60 61 62 63 64 65 66 67
Case #87: 6
Case #88: 25739395280 10939242993640 21852746592000 32766250190360 43679753788720 54593257387080 65506760982469
Case #89: 1
Case #90: 7 49
Case #91: 175304193
Case #92: 1 2 3 4 5 6 7 8 9 10 11 12 13 14 15 16 17 18 19 20 21 22 23 24 25 26 27 28 29 30 31 32 33 34 35 36 37 38 39 40 41 42 43 44 45 46 47 48 49 50 51 52 53 54 55 56 57 58 59 60 61 62 63 64 65 66 67 68 69
Case #93: 144115188075855873
Case #94: 3139 680963 1358787 2036611 2714435 3392259 4070083 4747907 5425731 6103555 6781379 7459203 8137027 8814796
Case #95: 18508819 3516675470 7014842121 10513008772
Case #96: 364 25064 49764 74464 98821
Case #97: 5656141 837108770 1668561399 2380977985
Case #98: 2 48 94 140 186 232 278 324 370 416 462
Case #99: 1
Case #100: 1
