Case #1: CAB
Case #2: MJA
Case #3: OCDE
Case #4: BBAAA
Case #5: CCCABBBAB
Case #6: CCCBAABAB
Case #7: ZXCASDQWE
Case #8: CCCBABBAABABABA
Case #9: BBA
Case #10: ZTTPKNSPLBVMBQY
Case #11: CBBAAAAAAAAAA
Case #12: ZZNKPYTJBDXKKKB
Case #13: CCCCCAABAABBBBA
Case #14: VVSNLJHTMFRNGJL
Case #15: CCCCCCCBBBAAAAA
Case #16: BAA
Case #17: CCCCCCBAAAAABBA
Case #18: CCCCCABBBBAABBA
Case #19: ZADBC
Case #20: BAAA
Case #21: BBB
Case #22: CCCCCCCBABBBBAB
Case #23: BA
Case #24: OMLGCDKFHAJINBE
Case #25: DCBBAAAAAAABB
Case #26: AAA
Case #27: ZDABC
Case #28: CBAAAAAAABBAB
Case #29: OCNLKJFHDMEBGIA
Case #30: CCBBBBAAAAAAB
Case #31: CCCCCCABAABBBAA
Case #32: CCBBAABBABBBBBB
Case #33: CCCCCAAAABBBBBA
Case #34: MMADEFGIKALJHCB
Case #35: CCCCABBBBBBAABA
Case #36: A
Case #37: BA
Case #38: CBA
Case #39: MMAGJKALIHFEDCB
Case #40: CCCCCBBBBBAAAAA
Case #41: BAAA
Case #42: AA
Case #43: MMKJIDABCEFGHLA
Case #44: CCCCCCAABBBBBBB
Case #45: BB
Case #46: CCCCCBAAABBBBAA
Case #47: OGBAEFCHILDJMNK
Case #48: CBBBBAAAAAAAA
Case #49: YWWWBSKSKSPGVLB
Case #50: ZACBA
Case #51: CCCCCCCCBAABABB
Case #52: ZABYCXDWEU
Case #53: BAAA
Case #54: BAA
Case #55: CCCCCBBBBBAAAAA
Case #56: ONMIGHEJBDFLKAC
Case #57: ZAYBXCWDUE
Case #58: ZAAAA
Case #59: CBAAAAAAAAAAAA
Case #60: DDDCBBBBACBAA
Case #61: OMNIKJLEGFHDCBA
Case #62: MMKHFEABCDGIJLA
Case #63: CCCBBAABBBBABBA
Case #64: BBA
Case #65: DCCCBBAAABBAAB
Case #66: CCCCCBBBBBAAAAA
Case #67: Z
Case #68: ONELKJICAHFDMBG
Case #69: CCCCCBBBBBAAAAA
Case #70: ZQJMBGNHDRXPTPN
Case #71: CCCCCBBBBBAAAAA
Case #72: DCCBBAAAAAABBB
Case #73: ONACBDFKHELGJMI
Case #74: BBA
Case #75: CCCCCCBBAAABABB
Case #76: MMKAJHCABDEFGIL
Case #77: ONMKBADFGHIJCLE
Case #78: BBBBBAAAAAAAA
Case #79: CCCAAAAAABABBBB
Case #80: CBA
Case #81: CCCCCCCCBAABBAA
Case #82: CCBBABBBBBBABBA
Case #83: BAAA
Case #84: MMEHKALJIGFDCBA
Case #85: ZEDCBAYXWU
Case #86: CCCCCCBBAAAAABB
Case #87: RRBAACADABA
Case #88: OMNLCJHIGFEDKBA
Case #89: CCBBBAAAAAAABAB
Case #90: ZDCBA
Case #91: CBA
Case #92: ZABCD
Case #93: BAA
Case #94: ONIACBKJGMFHELD
Case #95: CCCCCBBABBABBAA
Case #96: CCCCCCCAAABBAAA
Case #97: CAB
Case #98: DCCCCBBBAABAC
Case #99: CBA
Case #100: CCCCCAABBABBBAA
