Case #1: 3 4 6
Case #2: 2 4 5
Case #3: 10 15 20 24 27 30 31 34 37
Case #4: 22 222
Case #5: 85 108 129 141
Case #6: 8 10 12 15
Case #7: 5 7 9 12
Case #8: 6 9 13 14 18 21 22
Case #9: 14 19 21 22 25 31 33 35
Case #10: 2 4
Case #11: 3 4 5
Case #12: 7 8 9 10 11 12 13
Case #13: 2 4
Case #14: 2 4 7 8 10 11 13 14 16 17
Case #15: 3 7
Case #16: 8 13 19 21 24 31 32 35 40 44
Case #17: 1 4 5 8
Case #18: 19 27 30 34 39 43 48 54 58 62
Case #19: 8 13 18 25 29 31 35 38 40 41
Case #20: 2 3 4
Case #21: 10 12 15 16 20 23 26 27 29 31
Case #22: 20 31 39 43 45 48 56 63 65 70
Case #23: 6 9 10 12 13 15 17 19 20 22
Case #24: 2 22
Case #25: 16 18 22 25 32 37 40 41 45 48
Case #26: 115 159 166 177 219 238 256 281 299 313
Case #27: 8 9 10 11 12 13 14 15 16 17
Case #28: 8 11 17 21 25 28 32 34
Case #29: 22 23 24 25 26 27 28
Case #30: 4 5 7
Case #31: 2 6 9 11 13 15 16
Case #32: 3 5 8 9 11 12 14 17 19 20
Case #33: 9 10 11 14 15 16 20 22 24
Case #34: 91 92 93 94 95 96 97 98 99 100
Case #35: 61 93 113 128 166 189 212
Case #36: 15 18 21 24 26 28 30
Case #37: 2 6
Case #38: 8 10 11 12 14 15 18
Case #39: 1 3 5 6 8 12 13 16 19 21
Case #40: 3 4 7 8
Case #41: 6 8
Case #42: 1 2 3 8
Case #43: 4 8
Case #44: 1 2 3 4
Case #45: 2 4
Case #46: 1 2 3 4
Case #47: 5 8 12 16 17 19 20 23 24 25
Case #48: 1 2 3 4 5 6 23
Case #49: 2 10 11 12 13 14 15 16 17 48
Case #50: 1 2 3
