 i 0 j 1
 K EH 2
2 1 | 1 2 | 1 1 | 2 2 |  DST EH 3.82843
 K EH 2
2 1 | 2 1 | 1 2 | 1 1 | 2 2 |  DST EH 2.41421
 K EH 2
2 1 | 2 1 | 2 1 | 1 2 | 1 1 | 2 2 |  DST EH 1.41421
 K EH 2
2 1 | 2 1 | 2 1 | 2 1 | 1 2 | 1 1 | 2 2 |  DST EH 0
 K EH 2
2 1 | 2 1 | 1 2 | 2 1 | 2 1 | 2 1 | 1 2 | 1 1 | 2 2 |  DST EH 2.82843
 K EH 2
2 1 | 2 1 | 2 1 | 1 2 | 2 1 | 2 1 | 2 1 | 1 2 | 1 1 | 2 2 |  DST EH 1.41421
 K EH 2
2 1 | 2 1 | 2 1 | 2 1 | 1 2 | 2 1 | 2 1 | 2 1 | 1 2 | 1 1 | 2 2 |  DST EH 0
 K EH 2
2 1 | 2 1 | 2 1 | 2 1 | 2 1 | 1 2 | 2 1 | 2 1 | 2 1 | 1 2 | 1 1 | 2 2 |  DST EH 0
 K EH 2
2 1 | 2 1 | 2 1 | 1 2 | 2 1 | 2 1 | 2 1 | 1 2 | 2 1 | 2 1 | 2 1 | 1 2 | 1 1 | 2 2 |  DST EH 1.41421
 K EH 2
2 1 | 2 1 | 2 1 | 2 1 | 1 2 | 2 1 | 2 1 | 2 1 | 1 2 | 2 1 | 2 1 | 2 1 | 1 2 | 1 1 | 2 2 |  DST EH 0
 K EH 2
2 1 | 2 1 | 2 1 | 2 1 | 2 1 | 1 2 | 2 1 | 2 1 | 2 1 | 1 2 | 2 1 | 2 1 | 2 1 | 1 2 | 1 1 | 2 2 |  DST EH 0
 K EH 2
2 1 | 2 1 | 2 1 | 2 1 | 2 1 | 2 1 | 1 2 | 2 1 | 2 1 | 2 1 | 1 2 | 2 1 | 2 1 | 2 1 | 1 2 | 1 1 | 2 2 |  DST EH 0
3.82843
