Case #1: 
Impossible
Case #2: 
.....
.....
.....
.....
.....
Case #3: 
Impossible
Case #4: 
.
.
.
.
.
Case #5: 
.....
.....
.....
.....
.....
Case #6: 
...
...
...
Case #7: 
..
..
..
..
..
Case #8: 
....
....
....
Case #9: 
.....
.....
.....
.....
Case #10: 
....
....
....
....
Case #11: 
....
Case #12: 
.....
.....
.....
.....
.....
Case #13: 
.....
.....
.....
.....
.....
Case #14: 
Impossible
Case #15: 
Impossible
Case #16: 
....
....
....
....
....
Case #17: 
....
....
....
....
....
Case #18: 
.
.
.
.
Case #19: 
.....
.....
.....
.....
.....
Case #20: 
....
....
....
Case #21: 
.....
.....
.....
.....
Case #22: 
Impossible
Case #23: 
.....
.....
.....
Case #24: 
Impossible
Case #25: 
.....
.....
.....
.....
Case #26: 
Impossible
Case #27: 
.
.
.
Case #28: 
..
..
..
..
..
Case #29: 
Impossible
Case #30: 
...
...
...
...
Case #31: 
.....
.....
.....
.....
.....
Case #32: 
...
...
...
...
...
Case #33: 
.....
.....
.....
.....
Case #34: 
.....
.....
.....
.....
.....
Case #35: 
..
..
Case #36: 
..
..
..
Case #37: 
Impossible
Case #38: 
..
..
..
..
Case #39: 
.....
Case #40: 
Impossible
Case #41: 
Impossible
Case #42: 
Impossible
Case #43: 
Impossible
Case #44: 
.
Case #45: 
...
...
...
...
Case #46: 
.....
Case #47: 
....
Case #48: 
.
.
.
.
.
Case #49: 
Impossible
Case #50: 
...
...
...
...
...
Case #51: 
.....
.....
.....
.....
.....
Case #52: 
....
....
....
....
....
Case #53: 
Impossible
Case #54: 
Impossible
Case #55: 
Impossible
Case #56: 
....
....
....
Case #57: 
Impossible
Case #58: 
Impossible
Case #59: 
..
..
..
..
..
Case #60: 
....
Case #61: 
Impossible
Case #62: 
....
....
....
....
....
Case #63: 
....
....
Case #64: 
Impossible
Case #65: 
...
...
...
...
Case #66: 
Impossible
Case #67: 
...
...
...
Case #68: 
.....
.....
.....
.....
Case #69: 
....
....
....
Case #70: 
....
....
....
Case #71: 
....
....
Case #72: 
....
....
....
....
....
Case #73: 
Impossible
Case #74: 
...
...
...
...
...
Case #75: 
Impossible
Case #76: 
..
..
..
Case #77: 
Impossible
Case #78: 
.....
.....
.....
.....
Case #79: 
.....
.....
.....
.....
Case #80: 
.
.
.
.
.
Case #81: 
Impossible
Case #82: 
Impossible
Case #83: 
...
...
...
...
...
Case #84: 
.....
.....
.....
Case #85: 
.....
.....
.....
.....
Case #86: 
Impossible
Case #87: 
Impossible
Case #88: 
...
...
...
...
...
Case #89: 
Impossible
Case #90: 
...
...
...
...
Case #91: 
Impossible
Case #92: 
Impossible
Case #93: 
.....
.....
.....
.....
.....
Case #94: 
.....
.....
.....
Case #95: 
..
..
..
..
Case #96: 
Impossible
Case #97: 
....
....
Case #98: 
....
....
....
....
....
Case #99: 
....
....
....
....
....
Case #100: 
.....
Case #101: 
Impossible
Case #102: 
.....
.....
.....
.....
.....
Case #103: 
...
...
Case #104: 
.
.
.
.
.
Case #105: 
...
...
...
...
...
Case #106: 
..
..
..
Case #107: 
....
....
....
....
Case #108: 
....
....
....
....
....
Case #109: 
.....
.....
.....
.....
.....
Case #110: 
Impossible
Case #111: 
...
...
...
...
Case #112: 
....
....
....
Case #113: 
....
Case #114: 
...
...
Case #115: 
....
....
....
....
Case #116: 
.....
.....
.....
.....
Case #117: 
.....
.....
.....
.....
Case #118: 
.
.
Case #119: 
...
...
...
...
...
Case #120: 
....
....
....
....
....
Case #121: 
..
..
..
..
..
Case #122: 
Impossible
Case #123: 
...
...
...
...
Case #124: 
....
....
....
....
....
Case #125: 
.....
.....
.....
.....
.....
Case #126: 
....
....
....
Case #127: 
Impossible
Case #128: 
...
...
...
...
...
Case #129: 
...
...
...
Case #130: 
..
..
Case #131: 
.....
.....
Case #132: 
....
....
....
....
Case #133: 
....
....
....
....
Case #134: 
.....
.....
.....
Case #135: 
.....
.....
.....
.....
.....
Case #136: 
..
Case #137: 
....
....
....
....
Case #138: 
.....
.....
.....
Case #139: 
.
.
Case #140: 
Impossible
Case #141: 
Impossible
Case #142: 
Impossible
Case #143: 
Impossible
Case #144: 
Impossible
Case #145: 
Impossible
Case #146: 
Impossible
Case #147: 
..
..
..
..
Case #148: 
...
Case #149: 
...
...
...
...
Case #150: 
Impossible
Case #151: 
...
...
...
Case #152: 
.
.
.
Case #153: 
...
Case #154: 
Impossible
Case #155: 
..
..
..
..
..
Case #156: 
.
.
.
.
Case #157: 
.....
.....
Case #158: 
.....
.....
.....
Case #159: 
.....
.....
.....
Case #160: 
Impossible
Case #161: 
.....
.....
.....
.....
.....
Case #162: 
...
...
...
...
...
Case #163: 
.....
.....
.....
Case #164: 
.
.
.
Case #165: 
Impossible
Case #166: 
..
Case #167: 
.....
Case #168: 
...
...
...
...
...
Case #169: 
.....
.....
.....
.....
Case #170: 
....
....
....
....
....
Case #171: 
.....
Case #172: 
Impossible
Case #173: 
.....
.....
Case #174: 
...
...
Case #175: 
....
....
....
....
....
Case #176: 
....
....
....
....
....
Case #177: 
....
....
....
....
Case #178: 
.....
.....
.....
.....
.....
Case #179: 
Impossible
Case #180: 
Impossible
Case #181: 
Impossible
Case #182: 
Impossible
Case #183: 
Impossible
Case #184: 
Impossible
Case #185: 
.....
.....
.....
.....
Case #186: 
....
....
....
....
Case #187: 
...
Case #188: 
Impossible
Case #189: 
...
...
...
Case #190: 
Impossible
Case #191: 
Impossible
Case #192: 
.....
.....
.....
.....
Case #193: 
.....
.....
Case #194: 
.....
.....
.....
Case #195: 
Impossible
Case #196: 
....
....
....
....
....
Case #197: 
....
....
....
....
....
Case #198: 
...
...
...
...
Case #199: 
.
.
.
.
Case #200: 
....
....
....
....
Case #201: 
....
....
....
Case #202: 
.....
.....
.....
.....
Case #203: 
....
....
....
....
....
Case #204: 
.....
.....
.....
.....
.....
Case #205: 
Impossible
Case #206: 
.....
.....
.....
.....
.....
Case #207: 
Impossible
Case #208: 
.....
.....
.....
Case #209: 
.....
.....
.....
.....
.....
Case #210: 
.....
.....
.....
.....
.....
Case #211: 
....
....
....
....
Case #212: 
.....
.....
Case #213: 
...
...
...
...
...
Case #214: 
.
.
.
.
Case #215: 
Impossible
Case #216: 
Impossible
Case #217: 
.....
.....
.....
Case #218: 
....
....
....
....
Case #219: 
....
....
Case #220: 
.....
.....
.....
.....
.....
Case #221: 
.....
.....
.....
.....
Case #222: 
.
.
.
.
.
Case #223: 
Impossible
Case #224: 
.....
.....
.....
.....
Case #225: 
..
..
..
..
