 MSK 8388607
*****
*****
*****
*****
***..
 MSK 12582911
*****
*****
*****
*****
**.*.
 MSK 14680063
*****
*****
*****
*****
*.**.
 MSK 15728639
*****
*****
*****
*****
.***.
 MSK 16252927
*****
*****
*****
****.
****.
 MSK 16515071
*****
*****
*****
***.*
****.
 MSK 16646143
*****
*****
*****
**.**
****.
 MSK 16711679
*****
*****
*****
*.***
****.
 MSK 16744447
*****
*****
*****
.****
****.
 MSK 16760831
*****
*****
****.
*****
****.
 MSK 16769023
*****
*****
***.*
*****
****.
 MSK 16773119
*****
*****
**.**
*****
****.
 MSK 16775167
*****
*****
*.***
*****
****.
 MSK 16776191
*****
*****
.****
*****
****.
 MSK 16776703
*****
****.
*****
*****
****.
 MSK 16776959
*****
***.*
*****
*****
****.
 MSK 16777087
*****
**.**
*****
*****
****.
 MSK 16777151
*****
*.***
*****
*****
****.
 MSK 16777183
*****
.****
*****
*****
****.
 MSK 16777199
****.
*****
*****
*****
****.
 MSK 16777207
***.*
*****
*****
*****
****.
 MSK 16777211
**.**
*****
*****
*****
****.
 MSK 16777213
*.***
*****
*****
*****
****.
 MSK 16777214
.****
*****
*****
*****
****.
 MSK 20971519
*****
*****
*****
*****
**..*
 MSK 23068671
*****
*****
*****
*****
*.*.*
 MSK 24117247
*****
*****
*****
*****
.**.*
 MSK 24641535
*****
*****
*****
****.
***.*
 MSK 24903679
*****
*****
*****
***.*
***.*
 MSK 25034751
*****
*****
*****
**.**
***.*
 MSK 25100287
*****
*****
*****
*.***
***.*
 MSK 25133055
*****
*****
*****
.****
***.*
 MSK 25149439
*****
*****
****.
*****
***.*
 MSK 25157631
*****
*****
***.*
*****
***.*
 MSK 25161727
*****
*****
**.**
*****
***.*
 MSK 25163775
*****
*****
*.***
*****
***.*
 MSK 25164799
*****
*****
.****
*****
***.*
 MSK 25165311
*****
****.
*****
*****
***.*
 MSK 25165567
*****
***.*
*****
*****
***.*
 MSK 25165695
*****
**.**
*****
*****
***.*
 MSK 25165759
*****
*.***
*****
*****
***.*
 MSK 25165791
*****
.****
*****
*****
***.*
 MSK 25165807
****.
*****
*****
*****
***.*
 MSK 25165815
***.*
*****
*****
*****
***.*
 MSK 25165819
**.**
*****
*****
*****
***.*
 MSK 25165821
*.***
*****
*****
*****
***.*
 MSK 25165822
.****
*****
*****
*****
***.*
 MSK 27262975
*****
*****
*****
*****
*..**
 MSK 28311551
*****
*****
*****
*****
.*.**
 MSK 28835839
*****
*****
*****
****.
**.**
 MSK 29097983
*****
*****
*****
***.*
**.**
 MSK 29229055
*****
*****
*****
**.**
**.**
 MSK 29294591
*****
*****
*****
*.***
**.**
 MSK 29327359
*****
*****
*****
.****
**.**
 MSK 29343743
*****
*****
****.
*****
**.**
 MSK 29351935
*****
*****
***.*
*****
**.**
 MSK 29356031
*****
*****
**.**
*****
**.**
 MSK 29358079
*****
*****
*.***
*****
**.**
 MSK 29359103
*****
*****
.****
*****
**.**
 MSK 29359615
*****
****.
*****
*****
**.**
 MSK 29359871
*****
***.*
*****
*****
**.**
 MSK 29359999
*****
**.**
*****
*****
**.**
 MSK 29360063
*****
*.***
*****
*****
**.**
 MSK 29360095
*****
.****
*****
*****
**.**
 MSK 29360111
****.
*****
*****
*****
**.**
 MSK 29360119
***.*
*****
*****
*****
**.**
 MSK 29360123
**.**
*****
*****
*****
**.**
 MSK 29360125
*.***
*****
*****
*****
**.**
 MSK 29360126
.****
*****
*****
*****
**.**
 MSK 30408703
*****
*****
*****
*****
..***
 MSK 30932991
*****
*****
*****
****.
*.***
 MSK 31195135
*****
*****
*****
***.*
*.***
 MSK 31326207
*****
*****
*****
**.**
*.***
 MSK 31391743
*****
*****
*****
*.***
*.***
 MSK 31424511
*****
*****
*****
.****
*.***
 MSK 31440895
*****
*****
****.
*****
*.***
 MSK 31449087
*****
*****
***.*
*****
*.***
 MSK 31453183
*****
*****
**.**
*****
*.***
 MSK 31455231
*****
*****
*.***
*****
*.***
 MSK 31456255
*****
*****
.****
*****
*.***
 MSK 31456767
*****
****.
*****
*****
*.***
 MSK 31457023
*****
***.*
*****
*****
*.***
 MSK 31457151
*****
**.**
*****
*****
*.***
 MSK 31457215
*****
*.***
*****
*****
*.***
 MSK 31457247
*****
.****
*****
*****
*.***
 MSK 31457263
****.
*****
*****
*****
*.***
 MSK 31457271
***.*
*****
*****
*****
*.***
 MSK 31457275
**.**
*****
*****
*****
*.***
 MSK 31457277
*.***
*****
*****
*****
*.***
 MSK 31457278
.****
*****
*****
*****
*.***
 MSK 31981567
*****
*****
*****
****.
.****
 MSK 32243711
*****
*****
*****
***.*
.****
 MSK 32374783
*****
*****
*****
**.**
.****
 MSK 32440319
*****
*****
*****
*.***
.****
 MSK 32473087
*****
*****
*****
.****
.****
 MSK 32489471
*****
*****
****.
*****
.****
 MSK 32497663
*****
*****
***.*
*****
.****
 MSK 32501759
*****
*****
**.**
*****
.****
 MSK 32503807
*****
*****
*.***
*****
.****
 MSK 32504831
*****
*****
.****
*****
.****
 MSK 32505343
*****
****.
*****
*****
.****
 MSK 32505599
*****
***.*
*****
*****
.****
 MSK 32505727
*****
**.**
*****
*****
.****
 MSK 32505791
*****
*.***
*****
*****
.****
 MSK 32505823
*****
.****
*****
*****
.****
 MSK 32505839
****.
*****
*****
*****
.****
 MSK 32505847
***.*
*****
*****
*****
.****
 MSK 32505851
**.**
*****
*****
*****
.****
 MSK 32505853
*.***
*****
*****
*****
.****
 MSK 32505854
.****
*****
*****
*****
.****
 MSK 32767999
*****
*****
*****
***..
*****
 MSK 32899071
*****
*****
*****
**.*.
*****
 MSK 32964607
*****
*****
*****
*.**.
*****
 MSK 32997375
*****
*****
*****
.***.
*****
 MSK 33013759
*****
*****
****.
****.
*****
 MSK 33021951
*****
*****
***.*
****.
*****
 MSK 33026047
*****
*****
**.**
****.
*****
 MSK 33028095
*****
*****
*.***
****.
*****
 MSK 33029119
*****
*****
.****
****.
*****
 MSK 33029631
*****
****.
*****
****.
*****
 MSK 33029887
*****
***.*
*****
****.
*****
 MSK 33030015
*****
**.**
*****
****.
*****
 MSK 33030079
*****
*.***
*****
****.
*****
 MSK 33030111
*****
.****
*****
****.
*****
 MSK 33030127
****.
*****
*****
****.
*****
 MSK 33030135
***.*
*****
*****
****.
*****
 MSK 33030139
**.**
*****
*****
****.
*****
 MSK 33030141
*.***
*****
*****
****.
*****
 MSK 33030142
.****
*****
*****
****.
*****
 MSK 33161215
*****
*****
*****
**..*
*****
 MSK 33226751
*****
*****
*****
*.*.*
*****
 MSK 33259519
*****
*****
*****
.**.*
*****
 MSK 33275903
*****
*****
****.
***.*
*****
 MSK 33284095
*****
*****
***.*
***.*
*****
 MSK 33288191
*****
*****
**.**
***.*
*****
 MSK 33290239
*****
*****
*.***
***.*
*****
 MSK 33291263
*****
*****
.****
***.*
*****
 MSK 33291775
*****
****.
*****
***.*
*****
 MSK 33292031
*****
***.*
*****
***.*
*****
 MSK 33292159
*****
**.**
*****
***.*
*****
 MSK 33292223
*****
*.***
*****
***.*
*****
 MSK 33292255
*****
.****
*****
***.*
*****
 MSK 33292271
****.
*****
*****
***.*
*****
 MSK 33292279
***.*
*****
*****
***.*
*****
 MSK 33292283
**.**
*****
*****
***.*
*****
 MSK 33292285
*.***
*****
*****
***.*
*****
 MSK 33292286
.****
*****
*****
***.*
*****
 MSK 33357823
*****
*****
*****
*..**
*****
 MSK 33390591
*****
*****
*****
.*.**
*****
 MSK 33406975
*****
*****
****.
**.**
*****
 MSK 33415167
*****
*****
***.*
**.**
*****
 MSK 33419263
*****
*****
**.**
**.**
*****
 MSK 33421311
*****
*****
*.***
**.**
*****
 MSK 33422335
*****
*****
.****
**.**
*****
 MSK 33422847
*****
****.
*****
**.**
*****
 MSK 33423103
*****
***.*
*****
**.**
*****
 MSK 33423231
*****
**.**
*****
**.**
*****
 MSK 33423295
*****
*.***
*****
**.**
*****
 MSK 33423327
*****
.****
*****
**.**
*****
 MSK 33423343
****.
*****
*****
**.**
*****
 MSK 33423351
***.*
*****
*****
**.**
*****
 MSK 33423355
**.**
*****
*****
**.**
*****
 MSK 33423357
*.***
*****
*****
**.**
*****
 MSK 33423358
.****
*****
*****
**.**
*****
 MSK 33456127
*****
*****
*****
..***
*****
 MSK 33472511
*****
*****
****.
*.***
*****
 MSK 33480703
*****
*****
***.*
*.***
*****
 MSK 33484799
*****
*****
**.**
*.***
*****
 MSK 33486847
*****
*****
*.***
*.***
*****
 MSK 33487871
*****
*****
.****
*.***
*****
 MSK 33488383
*****
****.
*****
*.***
*****
 MSK 33488639
*****
***.*
*****
*.***
*****
 MSK 33488767
*****
**.**
*****
*.***
*****
 MSK 33488831
*****
*.***
*****
*.***
*****
 MSK 33488863
*****
.****
*****
*.***
*****
 MSK 33488879
****.
*****
*****
*.***
*****
 MSK 33488887
***.*
*****
*****
*.***
*****
 MSK 33488891
**.**
*****
*****
*.***
*****
 MSK 33488893
*.***
*****
*****
*.***
*****
 MSK 33488894
.****
*****
*****
*.***
*****
 MSK 33505279
*****
*****
****.
.****
*****
 MSK 33513471
*****
*****
***.*
.****
*****
 MSK 33517567
*****
*****
**.**
.****
*****
 MSK 33519615
*****
*****
*.***
.****
*****
 MSK 33520639
*****
*****
.****
.****
*****
 MSK 33521151
*****
****.
*****
.****
*****
 MSK 33521407
*****
***.*
*****
.****
*****
 MSK 33521535
*****
**.**
*****
.****
*****
 MSK 33521599
*****
*.***
*****
.****
*****
 MSK 33521631
*****
.****
*****
.****
*****
 MSK 33521647
****.
*****
*****
.****
*****
 MSK 33521655
***.*
*****
*****
.****
*****
 MSK 33521659
**.**
*****
*****
.****
*****
 MSK 33521661
*.***
*****
*****
.****
*****
 MSK 33521662
.****
*****
*****
.****
*****
 MSK 33529855
*****
*****
***..
*****
*****
 MSK 33533951
*****
*****
**.*.
*****
*****
 MSK 33535999
*****
*****
*.**.
*****
*****
 MSK 33537023
*****
*****
.***.
*****
*****
 MSK 33537535
*****
****.
****.
*****
*****
 MSK 33537791
*****
***.*
****.
*****
*****
 MSK 33537919
*****
**.**
****.
*****
*****
 MSK 33537983
*****
*.***
****.
*****
*****
 MSK 33538015
*****
.****
****.
*****
*****
 MSK 33538031
****.
*****
****.
*****
*****
 MSK 33538039
***.*
*****
****.
*****
*****
 MSK 33538043
**.**
*****
****.
*****
*****
 MSK 33538045
*.***
*****
****.
*****
*****
 MSK 33538046
.****
*****
****.
*****
*****
 MSK 33542143
*****
*****
**..*
*****
*****
 MSK 33544191
*****
*****
*.*.*
*****
*****
 MSK 33545215
*****
*****
.**.*
*****
*****
 MSK 33545727
*****
****.
***.*
*****
*****
 MSK 33545983
*****
***.*
***.*
*****
*****
 MSK 33546111
*****
**.**
***.*
*****
*****
 MSK 33546175
*****
*.***
***.*
*****
*****
 MSK 33546207
*****
.****
***.*
*****
*****
 MSK 33546223
****.
*****
***.*
*****
*****
 MSK 33546231
***.*
*****
***.*
*****
*****
 MSK 33546235
**.**
*****
***.*
*****
*****
 MSK 33546237
*.***
*****
***.*
*****
*****
 MSK 33546238
.****
*****
***.*
*****
*****
 MSK 33548287
*****
*****
*..**
*****
*****
 MSK 33549311
*****
*****
.*.**
*****
*****
 MSK 33549823
*****
****.
**.**
*****
*****
 MSK 33550079
*****
***.*
**.**
*****
*****
 MSK 33550207
*****
**.**
**.**
*****
*****
 MSK 33550271
*****
*.***
**.**
*****
*****
 MSK 33550303
*****
.****
**.**
*****
*****
 MSK 33550319
****.
*****
**.**
*****
*****
 MSK 33550327
***.*
*****
**.**
*****
*****
 MSK 33550331
**.**
*****
**.**
*****
*****
 MSK 33550333
*.***
*****
**.**
*****
*****
 MSK 33550334
.****
*****
**.**
*****
*****
 MSK 33551359
*****
*****
..***
*****
*****
 MSK 33551871
*****
****.
*.***
*****
*****
 MSK 33552127
*****
***.*
*.***
*****
*****
 MSK 33552255
*****
**.**
*.***
*****
*****
 MSK 33552319
*****
*.***
*.***
*****
*****
 MSK 33552351
*****
.****
*.***
*****
*****
 MSK 33552367
****.
*****
*.***
*****
*****
 MSK 33552375
***.*
*****
*.***
*****
*****
 MSK 33552379
**.**
*****
*.***
*****
*****
 MSK 33552381
*.***
*****
*.***
*****
*****
 MSK 33552382
.****
*****
*.***
*****
*****
 MSK 33552895
*****
****.
.****
*****
*****
 MSK 33553151
*****
***.*
.****
*****
*****
 MSK 33553279
*****
**.**
.****
*****
*****
 MSK 33553343
*****
*.***
.****
*****
*****
 MSK 33553375
*****
.****
.****
*****
*****
 MSK 33553391
****.
*****
.****
*****
*****
 MSK 33553399
***.*
*****
.****
*****
*****
 MSK 33553403
**.**
*****
.****
*****
*****
 MSK 33553405
*.***
*****
.****
*****
*****
 MSK 33553406
.****
*****
.****
*****
*****
 MSK 33553663
*****
***..
*****
*****
*****
 MSK 33553791
*****
**.*.
*****
*****
*****
 MSK 33553855
*****
*.**.
*****
*****
*****
 MSK 33553887
*****
.***.
*****
*****
*****
 MSK 33553903
****.
****.
*****
*****
*****
 MSK 33553911
***.*
****.
*****
*****
*****
 MSK 33553915
**.**
****.
*****
*****
*****
 MSK 33553917
*.***
****.
*****
*****
*****
 MSK 33553918
.****
****.
*****
*****
*****
 MSK 33554047
*****
**..*
*****
*****
*****
 MSK 33554111
*****
*.*.*
*****
*****
*****
 MSK 33554143
*****
.**.*
*****
*****
*****
 MSK 33554159
****.
***.*
*****
*****
*****
 MSK 33554167
***.*
***.*
*****
*****
*****
 MSK 33554171
**.**
***.*
*****
*****
*****
 MSK 33554173
*.***
***.*
*****
*****
*****
 MSK 33554174
.****
***.*
*****
*****
*****
 MSK 33554239
*****
*..**
*****
*****
*****
 MSK 33554271
*****
.*.**
*****
*****
*****
 MSK 33554287
****.
**.**
*****
*****
*****
 MSK 33554295
***.*
**.**
*****
*****
*****
 MSK 33554299
**.**
**.**
*****
*****
*****
 MSK 33554301
*.***
**.**
*****
*****
*****
 MSK 33554302
.****
**.**
*****
*****
*****
 MSK 33554335
*****
..***
*****
*****
*****
 MSK 33554351
****.
*.***
*****
*****
*****
 MSK 33554359
***.*
*.***
*****
*****
*****
 MSK 33554363
**.**
*.***
*****
*****
*****
 MSK 33554365
*.***
*.***
*****
*****
*****
 MSK 33554366
.****
*.***
*****
*****
*****
 MSK 33554383
****.
.****
*****
*****
*****
 MSK 33554391
***.*
.****
*****
*****
*****
 MSK 33554395
**.**
.****
*****
*****
*****
 MSK 33554397
*.***
.****
*****
*****
*****
 MSK 33554398
.****
.****
*****
*****
*****
 MSK 33554407
***..
*****
*****
*****
*****
 MSK 33554411
**.*.
*****
*****
*****
*****
 MSK 33554413
*.**.
*****
*****
*****
*****
 MSK 33554414
.***.
*****
*****
*****
*****
 MSK 33554419
**..*
*****
*****
*****
*****
 MSK 33554421
*.*.*
*****
*****
*****
*****
 MSK 33554422
.**.*
*****
*****
*****
*****
 MSK 33554425
*..**
*****
*****
*****
*****
 MSK 33554426
.*.**
*****
*****
*****
*****
 MSK 33554428
..***
*****
*****
*****
*****
Case #1: 
Impossible
..***
*****
*****
*****
*****
 MSK 1
*
.
.
Case #2: 
*
.
c
*
.
c
 MSK 1
*.
..
 MSK 2
.*
..
 MSK 4
..
*.
 MSK 8
..
.*
Case #3: 
Impossible
..
.*
 MSK 7
***....
.......
.......
.......
Case #4: 
***.c..
.......
.......
.......
***.c..
.......
.......
.......
 MSK 7
***....
.......
.......
.......
Case #5: 
***.c..
.......
.......
.......
***.c..
.......
.......
.......
