IND ATUAL 1 IND PROX 2
IND ATUAL 0 IND PROX 1
Case 1 e 5 r 1

1 1 2000000000 
 SP 0 EH 1
 SP 1 EH 1
 SP 2 EH 5
Case #1: 18
IND ATUAL 0 IND PROX 2
Case 2 e 5 r 1

2 2000000000 2000000000 
 SP 0 EH 2
 SP 1 EH 4
 SP 2 EH 1
Case #2: 16
IND ATUAL 1 IND PROX 2
IND ATUAL 0 IND PROX 2
Case 3 e 5 r 1

2 1 2000000000 
 SP 0 EH 2
 SP 2 EH 5
Case #3: 19
IND ATUAL 0 IND PROX 1
Case 4 e 5 r 1

1 2000000000 2000000000 
 SP 0 EH 1
 SP 1 EH 5
 SP 2 EH 1
Case #4: 18
IND ATUAL 1 IND PROX 2
Case 5 e 5 r 1

2000000000 1 2000000000 
 SP 0 EH 5
 SP 2 EH 2
Case #5: 19
Case 6 e 5 r 1

2000000000 2000000000 2000000000 
 SP 0 EH 5
 SP 1 EH 1
 SP 2 EH 1
Case #6: 18
IND ATUAL 1 IND PROX 2
IND ATUAL 0 IND PROX 2
Case 7 e 2 r 1

2 1 2000000000 
 SP 0 EH 2
 SP 2 EH 2
Case #7: 12
IND ATUAL 1 IND PROX 3
IND ATUAL 0 IND PROX 4
Case 8 e 3 r 1

4 2 2000000000 2000000000 2000000000 
 SP 0 EH 3
 SP 2 EH 2
 SP 3 EH 1
 SP 4 EH 1
Case #8: 12
IND ATUAL 3 IND PROX 4
IND ATUAL 2 IND PROX 3
IND ATUAL 1 IND PROX 3
IND ATUAL 0 IND PROX 4
Case 9 e 3 r 1

4 2 1 1 2000000000 
 SP 0 EH 3
 SP 3 EH 1
 SP 4 EH 3
Case #9: 20
Case 10 e 5 r 1

2000000000 
 SP 0 EH 5
Case #10: 10
IND ATUAL 8 IND PROX 9
IND ATUAL 7 IND PROX 8
IND ATUAL 6 IND PROX 7
IND ATUAL 5 IND PROX 6
IND ATUAL 4 IND PROX 5
IND ATUAL 3 IND PROX 4
IND ATUAL 2 IND PROX 3
IND ATUAL 1 IND PROX 2
IND ATUAL 0 IND PROX 1
Case 11 e 5 r 5

1 1 1 1 1 1 1 1 1 2000000000 
 SP 0 EH 5
 SP 1 EH 5
 SP 2 EH 5
 SP 3 EH 5
 SP 4 EH 5
 SP 5 EH 5
 SP 6 EH 5
 SP 7 EH 5
 SP 8 EH 5
 SP 9 EH 5
Case #11: 500
IND ATUAL 7 IND PROX 9
IND ATUAL 6 IND PROX 8
IND ATUAL 5 IND PROX 7
IND ATUAL 4 IND PROX 6
IND ATUAL 3 IND PROX 5
IND ATUAL 2 IND PROX 4
IND ATUAL 1 IND PROX 3
IND ATUAL 0 IND PROX 2
Case 12 e 5 r 1

2 2 2 2 2 2 2 2 2000000000 2000000000 
 SP 0 EH 2
 SP 1 EH 1
 SP 2 EH 1
 SP 3 EH 1
 SP 4 EH 1
 SP 5 EH 1
 SP 6 EH 1
 SP 7 EH 1
 SP 8 EH 4
 SP 9 EH 1
Case #12: 95
IND ATUAL 8 IND PROX 9
IND ATUAL 7 IND PROX 9
IND ATUAL 6 IND PROX 8
IND ATUAL 5 IND PROX 7
IND ATUAL 4 IND PROX 6
IND ATUAL 3 IND PROX 5
IND ATUAL 2 IND PROX 4
IND ATUAL 1 IND PROX 3
IND ATUAL 0 IND PROX 2
Case 13 e 5 r 1

2 2 2 2 2 2 2 2 1 2000000000 
 SP 0 EH 2
 SP 1 EH 1
 SP 2 EH 1
 SP 3 EH 1
 SP 4 EH 1
 SP 5 EH 1
 SP 6 EH 1
 SP 7 EH 1
 SP 9 EH 5
Case #13: 95
IND ATUAL 8 IND PROX 9
IND ATUAL 7 IND PROX 8
IND ATUAL 6 IND PROX 7
IND ATUAL 5 IND PROX 6
IND ATUAL 4 IND PROX 5
IND ATUAL 3 IND PROX 4
IND ATUAL 2 IND PROX 3
IND ATUAL 1 IND PROX 2
IND ATUAL 0 IND PROX 1
Case 14 e 5 r 1

1 1 1 1 1 1 1 1 1 2000000000 
 SP 0 EH 1
 SP 1 EH 1
 SP 2 EH 1
 SP 3 EH 1
 SP 4 EH 1
 SP 5 EH 1
 SP 6 EH 1
 SP 7 EH 1
 SP 8 EH 1
 SP 9 EH 5
Case #14: 95
Case 15 e 5 r 1

2000000000 2000000000 2000000000 2000000000 2000000000 2000000000 2000000000 2000000000 2000000000 2000000000 
 SP 0 EH 5
 SP 1 EH 1
 SP 2 EH 1
 SP 3 EH 1
 SP 4 EH 1
 SP 5 EH 1
 SP 6 EH 1
 SP 7 EH 1
 SP 8 EH 1
 SP 9 EH 1
Case #15: 95
IND ATUAL 8 IND PROX 9
IND ATUAL 6 IND PROX 8
IND ATUAL 4 IND PROX 6
IND ATUAL 2 IND PROX 4
IND ATUAL 0 IND PROX 2
Case 16 e 5 r 1

2 2000000000 2 2000000000 2 2000000000 2 2000000000 1 2000000000 
 SP 0 EH 2
 SP 1 EH 4
 SP 3 EH 2
 SP 5 EH 2
 SP 7 EH 2
 SP 9 EH 2
Case #16: 102
IND ATUAL 7 IND PROX 9
IND ATUAL 5 IND PROX 7
IND ATUAL 3 IND PROX 5
IND ATUAL 1 IND PROX 3
Case 17 e 5 r 1

2000000000 2 2000000000 2 2000000000 2 2000000000 2 2000000000 2000000000 
 SP 0 EH 5
 SP 2 EH 2
 SP 4 EH 2
 SP 6 EH 2
 SP 8 EH 2
 SP 9 EH 1
Case #17: 115
Case 18 e 3 r 3

2000000000 
 SP 0 EH 3
Case #18: 12
Case 19 e 4 r 3

2000000000 
 SP 0 EH 4
Case #19: 4
Case 20 e 3 r 2

2000000000 
 SP 0 EH 3
Case #20: 27
Case 21 e 4 r 2

2000000000 
 SP 0 EH 4
Case #21: 8
Case 22 e 5 r 3

2000000000 
 SP 0 EH 5
Case #22: 15
Case 23 e 2 r 2

2000000000 
 SP 0 EH 2
Case #23: 6
Case 24 e 3 r 3

2000000000 
 SP 0 EH 3
Case #24: 30
Case 25 e 5 r 3

2000000000 
 SP 0 EH 5
Case #25: 35
Case 26 e 5 r 3

2000000000 
 SP 0 EH 5
Case #26: 25
Case 27 e 3 r 1

2000000000 
 SP 0 EH 3
Case #27: 27
Case 28 e 3 r 1

2000000000 
 SP 0 EH 3
Case #28: 15
Case 29 e 4 r 1

2000000000 
 SP 0 EH 4
Case #29: 24
Case 30 e 3 r 3

2000000000 
 SP 0 EH 3
Case #30: 24
Case 31 e 4 r 3

2000000000 
 SP 0 EH 4
Case #31: 4
Case 32 e 4 r 3

2000000000 
 SP 0 EH 4
Case #32: 40
Case 33 e 5 r 4

2000000000 
 SP 0 EH 5
Case #33: 5
Case 34 e 2 r 2

2000000000 
 SP 0 EH 2
Case #34: 6
Case 35 e 4 r 2

2000000000 
 SP 0 EH 4
Case #35: 40
Case 36 e 2 r 1

2000000000 
 SP 0 EH 2
Case #36: 14
Case 37 e 3 r 1

2000000000 
 SP 0 EH 3
Case #37: 3
Case 38 e 5 r 2

2000000000 
 SP 0 EH 5
Case #38: 10
Case 39 e 2 r 1

2000000000 
 SP 0 EH 2
Case #39: 2
Case 40 e 5 r 4

2000000000 
 SP 0 EH 5
Case #40: 35
Case 41 e 3 r 3

2000000000 
 SP 0 EH 3
Case #41: 15
Case 42 e 1 r 1

2000000000 
 SP 0 EH 1
Case #42: 7
Case 43 e 2 r 2

2000000000 
 SP 0 EH 2
Case #43: 16
Case 44 e 5 r 2

2000000000 
 SP 0 EH 5
Case #44: 30
Case 45 e 1 r 1

2000000000 
 SP 0 EH 1
Case #45: 2
Case 46 e 1 r 1

2000000000 
 SP 0 EH 1
Case #46: 3
Case 47 e 2 r 2

2000000000 
 SP 0 EH 2
Case #47: 18
Case 48 e 4 r 1

2000000000 
 SP 0 EH 4
Case #48: 36
Case 49 e 1 r 1

2000000000 
 SP 0 EH 1
Case #49: 7
Case 50 e 5 r 4

2000000000 
 SP 0 EH 5
Case #50: 40
Case 51 e 5 r 3

2000000000 
 SP 0 EH 5
Case #51: 35
Case 52 e 4 r 1

2000000000 
 SP 0 EH 4
Case #52: 28
Case 53 e 4 r 3

2000000000 
 SP 0 EH 4
Case #53: 24
Case 54 e 4 r 4

2000000000 
 SP 0 EH 4
Case #54: 28
Case 55 e 1 r 1

2000000000 
 SP 0 EH 1
Case #55: 10
Case 56 e 3 r 3

2000000000 
 SP 0 EH 3
Case #56: 3
Case 57 e 2 r 1

2000000000 
 SP 0 EH 2
Case #57: 20
Case 58 e 4 r 2

2000000000 
 SP 0 EH 4
Case #58: 4
Case 59 e 1 r 1

2000000000 
 SP 0 EH 1
Case #59: 10
Case 60 e 3 r 1

2000000000 
 SP 0 EH 3
Case #60: 27
Case 61 e 4 r 3

2000000000 
 SP 0 EH 4
Case #61: 32
Case 62 e 3 r 2

2000000000 
 SP 0 EH 3
Case #62: 6
Case 63 e 2 r 2

2000000000 
 SP 0 EH 2
Case #63: 12
Case 64 e 4 r 4

2000000000 
 SP 0 EH 4
Case #64: 4
Case 65 e 5 r 2

2000000000 
 SP 0 EH 5
Case #65: 15
Case 66 e 5 r 2

2000000000 
 SP 0 EH 5
Case #66: 20
Case 67 e 5 r 5

2000000000 
 SP 0 EH 5
Case #67: 5
Case 68 e 4 r 4

2000000000 
 SP 0 EH 4
Case #68: 24
Case 69 e 5 r 1

2000000000 
 SP 0 EH 5
Case #69: 40
Case 70 e 3 r 3

2000000000 
 SP 0 EH 3
Case #70: 9
Case 71 e 2 r 1

2000000000 
 SP 0 EH 2
Case #71: 8
Case 72 e 1 r 1

2000000000 
 SP 0 EH 1
Case #72: 1
Case 73 e 5 r 5

2000000000 
 SP 0 EH 5
Case #73: 25
Case 74 e 4 r 3

2000000000 
 SP 0 EH 4
Case #74: 36
Case 75 e 3 r 3

2000000000 
 SP 0 EH 3
Case #75: 9
Case 76 e 1 r 1

2000000000 
 SP 0 EH 1
Case #76: 4
Case 77 e 1 r 1

2000000000 
 SP 0 EH 1
Case #77: 1
Case 78 e 5 r 2

2000000000 
 SP 0 EH 5
Case #78: 40
Case 79 e 1 r 1

2000000000 
 SP 0 EH 1
Case #79: 1
Case 80 e 4 r 3

2000000000 
 SP 0 EH 4
Case #80: 36
Case 81 e 1 r 1

2000000000 
 SP 0 EH 1
Case #81: 5
Case 82 e 4 r 2

2000000000 
 SP 0 EH 4
Case #82: 16
Case 83 e 4 r 3

2000000000 
 SP 0 EH 4
Case #83: 28
Case 84 e 4 r 1

2000000000 
 SP 0 EH 4
Case #84: 8
Case 85 e 1 r 1

2000000000 
 SP 0 EH 1
Case #85: 2
Case 86 e 1 r 1

2000000000 
 SP 0 EH 1
Case #86: 3
Case 87 e 3 r 2

2000000000 
 SP 0 EH 3
Case #87: 21
Case 88 e 4 r 4

2000000000 
 SP 0 EH 4
Case #88: 28
Case 89 e 2 r 1

2000000000 
 SP 0 EH 2
Case #89: 8
Case 90 e 5 r 5

2000000000 
 SP 0 EH 5
Case #90: 5
Case 91 e 5 r 5

2000000000 
 SP 0 EH 5
Case #91: 50
IND ATUAL 0 IND PROX 1
Case 92 e 5 r 1

1 2000000000 
 SP 0 EH 1
 SP 1 EH 5
Case #92: 60
IND ATUAL 0 IND PROX 1
Case 93 e 5 r 3

1 2000000000 
 SP 0 EH 3
 SP 1 EH 5
Case #93: 56
IND ATUAL 0 IND PROX 1
Case 94 e 5 r 2

1 2000000000 
 SP 0 EH 2
 SP 1 EH 5
Case #94: 68
IND ATUAL 1 IND PROX 2
IND ATUAL 0 IND PROX 1
Case 95 e 5 r 2

1 1 2000000000 
 SP 0 EH 2
 SP 1 EH 2
 SP 2 EH 5
Case #95: 76
IND ATUAL 0 IND PROX 1
Case 96 e 5 r 1

1 2000000000 2000000000 2000000000 
 SP 0 EH 1
 SP 1 EH 5
 SP 2 EH 1
 SP 3 EH 1
Case #96: 62
IND ATUAL 3 IND PROX 4
IND ATUAL 1 IND PROX 4
IND ATUAL 0 IND PROX 1
Case 97 e 5 r 1

1 3 2000000000 1 2000000000 
 SP 0 EH 1
 SP 1 EH 3
 SP 2 EH 3
 SP 4 EH 2
Case #97: 80
IND ATUAL 3 IND PROX 4
IND ATUAL 1 IND PROX 5
IND ATUAL 0 IND PROX 2
Case 98 e 5 r 4

2 4 2000000000 1 2000000000 2000000000 
 SP 0 EH 5
 SP 1 EH 4
 SP 2 EH 4
 SP 3 EH 3
 SP 4 EH 5
 SP 5 EH 4
Case #98: 178
IND ATUAL 4 IND PROX 6
IND ATUAL 3 IND PROX 5
IND ATUAL 2 IND PROX 3
IND ATUAL 1 IND PROX 3
IND ATUAL 0 IND PROX 5
Case 99 e 5 r 1

5 2 1 2 2 2000000000 2000000000 
 SP 0 EH 5
 SP 4 EH 1
 SP 5 EH 4
 SP 6 EH 1
Case #99: 94
IND ATUAL 8 IND PROX 9
IND ATUAL 5 IND PROX 9
IND ATUAL 4 IND PROX 5
IND ATUAL 3 IND PROX 4
IND ATUAL 2 IND PROX 8
IND ATUAL 1 IND PROX 7
IND ATUAL 0 IND PROX 5
Case 100 e 5 r 4

5 6 6 1 1 4 2000000000 2000000000 1 2000000000 
 SP 0 EH 5
 SP 1 EH 4
 SP 2 EH 4
 SP 3 EH 3
 SP 4 EH 4
 SP 5 EH 5
 SP 6 EH 4
 SP 7 EH 4
 SP 8 EH 3
 SP 9 EH 5
Case #100: 257
