10 1
20 2
30 3
40 4
50 5
60 6
70 7
80 8
90 9
100 10
100 10
101 11
102 12
103 13
104 14
105 15
106 16
107 17
108 18
109 19
110 20
120 21
130 22
140 23
150 24
160 25
170 26
180 27
190 28
200 29
200 29
201 30
202 31
203 32
204 33
205 34
206 35
207 36
208 37
209 38
210 39
220 40
230 41
240 42
250 43
260 44
270 45
280 46
290 47
300 48
300 48
301 49
302 50
303 51
304 52
305 53
306 54
307 55
308 56
309 57
310 58
320 59
330 60
340 61
350 62
360 63
370 64
380 65
390 66
400 67
400 67
401 68
402 69
403 70
404 71
405 72
406 73
407 74
408 75
409 76
410 77
420 78
430 79
440 80
450 81
460 82
470 83
480 84
490 85
500 86
500 86
501 87
502 88
503 89
504 90
505 91
506 92
507 93
508 94
509 95
510 96
520 97
530 98
540 99
550 100
560 101
570 102
580 103
590 104
600 105
600 105
601 106
602 107
603 108
604 109
605 110
606 111
607 112
608 113
609 114
610 115
620 116
630 117
640 118
650 119
660 120
670 121
680 122
690 123
700 124
700 124
701 125
702 126
703 127
704 128
705 129
706 130
707 131
708 132
709 133
710 134
720 135
730 136
740 137
750 138
760 139
770 140
780 141
790 142
800 143
800 143
801 144
802 145
803 146
804 147
805 148
806 149
807 150
808 151
809 152
810 153
820 154
830 155
840 156
850 157
860 158
870 159
880 160
890 161
900 162
900 162
901 163
902 164
903 165
904 166
905 167
906 168
907 169
908 170
909 171
910 172
920 173
930 174
940 175
950 176
960 177
970 178
980 179
990 180
1000 181
1000 181
1000 181
1001 182
1001 182
1002 183
1002 183
1003 184
1003 184
1004 185
1004 185
1005 186
1005 186
1006 187
1006 187
1007 188
1007 188
1008 189
1008 189
1009 190
1009 190
1010 191
1010 191
1011 192
1012 193
1013 194
1014 195
1015 196
1016 197
1017 198
1018 199
1019 200
1020 201
1020 201
1021 202
1022 203
1023 204
1024 205
1025 206
1026 207
1027 208
1028 209
1029 210
1030 211
1030 211
1031 212
1032 213
1033 214
1034 215
1035 216
1036 217
1037 218
1038 219
1039 220
1040 221
1040 221
1041 222
1042 223
1043 224
1044 225
1045 226
1046 227
1047 228
1048 229
1049 230
1050 231
1050 231
1051 232
1052 233
1053 234
1054 235
1055 236
1056 237
1057 238
1058 239
1059 240
1060 241
1060 241
1061 242
1062 243
1063 244
1064 245
1065 246
1066 247
1067 248
1068 249
1069 250
1070 251
1070 251
1071 252
1072 253
1073 254
1074 255
1075 256
1076 257
1077 258
1078 259
1079 260
1080 261
1080 261
1081 262
1082 263
1083 264
1084 265
1085 266
1086 267
1087 268
1088 269
1089 270
1090 271
1090 271
1091 272
1092 273
1093 274
1094 275
1095 276
1096 277
1097 278
1098 279
1099 280
1100 281
1100 281
1101 282
1102 283
1103 284
1104 285
1105 286
1106 287
1107 288
1108 289
1109 290
1110 291
1120 292
1130 293
1140 294
1150 295
1160 296
1170 297
1180 298
1190 299
1200 300
1200 300
1201 301
1202 302
1203 303
1204 304
1205 305
1206 306
1207 307
1208 308
1209 309
1210 310
1220 311
1230 312
1240 313
1250 314
1260 315
1270 316
1280 317
1290 318
1300 319
1300 319
1301 320
1302 321
1303 322
1304 323
1305 324
1306 325
1307 326
1308 327
1309 328
1310 329
1320 330
1330 331
1340 332
1350 333
1360 334
1370 335
1380 336
1390 337
1400 338
1400 338
1401 339
1402 340
1403 341
1404 342
1405 343
1406 344
1407 345
1408 346
1409 347
1410 348
1420 349
1430 350
1440 351
1450 352
1460 353
1470 354
1480 355
1490 356
1500 357
1500 357
1501 358
1502 359
1503 360
1504 361
1505 362
1506 363
1507 364
1508 365
1509 366
1510 367
1520 368
1530 369
1540 370
1550 371
1560 372
1570 373
1580 374
1590 375
1600 376
1600 376
1601 377
1602 378
1603 379
1604 380
1605 381
1606 382
1607 383
1608 384
1609 385
1610 386
1620 387
1630 388
1640 389
1650 390
1660 391
1670 392
1680 393
1690 394
1700 395
1700 395
1701 396
1702 397
1703 398
1704 399
1705 400
1706 401
1707 402
1708 403
1709 404
1710 405
1720 406
1730 407
1740 408
1750 409
1760 410
1770 411
1780 412
1790 413
1800 414
1800 414
1801 415
1802 416
1803 417
1804 418
1805 419
1806 420
1807 421
1808 422
1809 423
1810 424
1820 425
1830 426
1840 427
1850 428
1860 429
1870 430
1880 431
1890 432
1900 433
1900 433
1901 434
1902 435
1903 436
1904 437
1905 438
1906 439
1907 440
1908 441
1909 442
1910 443
1920 444
1930 445
1940 446
1950 447
1960 448
1970 449
1980 450
1990 451
2000 452
2000 452
2000 452
2001 453
2001 453
2002 454
2002 454
2003 455
2003 455
2004 456
2004 456
2005 457
2005 457
2006 458
2006 458
2007 459
2007 459
2008 460
2008 460
2009 461
2009 461
2010 462
2010 462
2011 463
2012 464
2013 465
2014 466
2015 467
2016 468
2017 469
2018 470
2019 471
2020 472
2020 472
2021 473
2022 474
2023 475
2024 476
2025 477
2026 478
2027 479
2028 480
2029 481
2030 482
2030 482
2031 483
2032 484
2033 485
2034 486
2035 487
2036 488
2037 489
2038 490
2039 491
2040 492
2040 492
2041 493
2042 494
2043 495
2044 496
2045 497
2046 498
2047 499
2048 500
2049 501
2050 502
2050 502
2051 503
2052 504
2053 505
2054 506
2055 507
2056 508
2057 509
2058 510
2059 511
2060 512
2060 512
2061 513
2062 514
2063 515
2064 516
2065 517
2066 518
2067 519
2068 520
2069 521
2070 522
2070 522
2071 523
2072 524
2073 525
2074 526
2075 527
2076 528
2077 529
2078 530
2079 531
2080 532
2080 532
2081 533
2082 534
2083 535
2084 536
2085 537
2086 538
2087 539
2088 540
2089 541
2090 542
2090 542
2091 543
2092 544
2093 545
2094 546
2095 547
2096 548
2097 549
2098 550
2099 551
2100 552
2100 552
2101 553
2102 554
2103 555
2104 556
2105 557
2106 558
2107 559
2108 560
2109 561
2110 562
2120 563
2130 564
2140 565
2150 566
2160 567
2170 568
2180 569
2190 570
2200 571
2200 571
2201 572
2202 573
2203 574
2204 575
2205 576
2206 577
2207 578
2208 579
2209 580
2210 581
2220 582
2230 583
2240 584
2250 585
2260 586
2270 587
2280 588
2290 589
2300 590
2300 590
2301 591
2302 592
2303 593
2304 594
2305 595
2306 596
2307 597
2308 598
2309 599
2310 600
2320 601
2330 602
2340 603
2350 604
2360 605
2370 606
2380 607
2390 608
2400 609
2400 609
2401 610
2402 611
2403 612
2404 613
2405 614
2406 615
2407 616
2408 617
2409 618
2410 619
2420 620
2430 621
2440 622
2450 623
2460 624
2470 625
2480 626
2490 627
2500 628
2500 628
2501 629
2502 630
2503 631
2504 632
2505 633
2506 634
2507 635
2508 636
2509 637
2510 638
2520 639
2530 640
2540 641
2550 642
2560 643
2570 644
2580 645
2590 646
2600 647
2600 647
2601 648
2602 649
2603 650
2604 651
2605 652
2606 653
2607 654
2608 655
2609 656
2610 657
2620 658
2630 659
2640 660
2650 661
2660 662
2670 663
2680 664
2690 665
2700 666
2700 666
2701 667
2702 668
2703 669
2704 670
2705 671
2706 672
2707 673
2708 674
2709 675
2710 676
2720 677
2730 678
2740 679
2750 680
2760 681
2770 682
2780 683
2790 684
2800 685
2800 685
2801 686
2802 687
2803 688
2804 689
2805 690
2806 691
2807 692
2808 693
2809 694
2810 695
2820 696
2830 697
2840 698
2850 699
2860 700
2870 701
2880 702
2890 703
2900 704
2900 704
2901 705
2902 706
2903 707
2904 708
2905 709
2906 710
2907 711
2908 712
2909 713
2910 714
2920 715
2930 716
2940 717
2950 718
2960 719
2970 720
2980 721
2990 722
3000 723
3000 723
3000 723
3001 724
3001 724
3002 725
3002 725
3003 726
3003 726
3004 727
3004 727
3005 728
3005 728
3006 729
3006 729
3007 730
3007 730
3008 731
3008 731
3009 732
3009 732
3010 733
3010 733
3011 734
3012 735
3013 736
3014 737
3015 738
3016 739
3017 740
3018 741
3019 742
3020 743
3020 743
3021 744
3022 745
3023 746
3024 747
3025 748
3026 749
3027 750
3028 751
3029 752
3030 753
3030 753
3031 754
3032 755
3033 756
3034 757
3035 758
3036 759
3037 760
3038 761
3039 762
3040 763
3040 763
3041 764
3042 765
3043 766
3044 767
3045 768
3046 769
3047 770
3048 771
3049 772
3050 773
3050 773
3051 774
3052 775
3053 776
3054 777
3055 778
3056 779
3057 780
3058 781
3059 782
3060 783
3060 783
3061 784
3062 785
3063 786
3064 787
3065 788
3066 789
3067 790
3068 791
3069 792
3070 793
3070 793
3071 794
3072 795
3073 796
3074 797
3075 798
3076 799
3077 800
3078 801
3079 802
3080 803
3080 803
3081 804
3082 805
3083 806
3084 807
3085 808
3086 809
3087 810
3088 811
3089 812
3090 813
3090 813
3091 814
3092 815
3093 816
3094 817
3095 818
3096 819
3097 820
3098 821
3099 822
3100 823
3100 823
3101 824
3102 825
3103 826
3104 827
3105 828
3106 829
3107 830
3108 831
3109 832
3110 833
3120 834
3130 835
3140 836
3150 837
3160 838
3170 839
3180 840
3190 841
3200 842
3200 842
3201 843
3202 844
3203 845
3204 846
3205 847
3206 848
3207 849
3208 850
3209 851
3210 852
3220 853
3230 854
3240 855
3250 856
3260 857
3270 858
3280 859
3290 860
3300 861
3300 861
3301 862
3302 863
3303 864
3304 865
3305 866
3306 867
3307 868
3308 869
3309 870
3310 871
3320 872
3330 873
3340 874
3350 875
3360 876
3370 877
3380 878
3390 879
3400 880
3400 880
3401 881
3402 882
3403 883
3404 884
3405 885
3406 886
3407 887
3408 888
3409 889
3410 890
3420 891
3430 892
3440 893
3450 894
3460 895
3470 896
3480 897
3490 898
3500 899
3500 899
3501 900
3502 901
3503 902
3504 903
3505 904
3506 905
3507 906
3508 907
3509 908
3510 909
3520 910
3530 911
3540 912
3550 913
3560 914
3570 915
3580 916
3590 917
3600 918
3600 918
3601 919
3602 920
3603 921
3604 922
3605 923
3606 924
3607 925
3608 926
3609 927
3610 928
3620 929
3630 930
3640 931
3650 932
3660 933
3670 934
3680 935
3690 936
3700 937
3700 937
3701 938
3702 939
3703 940
3704 941
3705 942
3706 943
3707 944
3708 945
3709 946
3710 947
3720 948
3730 949
3740 950
3750 951
3760 952
3770 953
3780 954
3790 955
3800 956
3800 956
3801 957
3802 958
3803 959
3804 960
3805 961
3806 962
3807 963
3808 964
3809 965
3810 966
3820 967
3830 968
3840 969
3850 970
3860 971
3870 972
3880 973
3890 974
3900 975
3900 975
3901 976
3902 977
3903 978
3904 979
3905 980
3906 981
3907 982
3908 983
3909 984
3910 985
3920 986
3930 987
3940 988
3950 989
3960 990
3970 991
3980 992
3990 993
4000 994
4000 994
4000 994
4001 995
4001 995
4002 996
4002 996
4003 997
4003 997
4004 998
4004 998
4005 999
4005 999
4006 1000
4006 1000
4007 1001
4007 1001
4008 1002
4008 1002
4009 1003
4009 1003
4010 1004
4010 1004
4011 1005
4012 1006
4013 1007
4014 1008
4015 1009
4016 1010
4017 1011
4018 1012
4019 1013
4020 1014
4020 1014
4021 1015
4022 1016
4023 1017
4024 1018
4025 1019
4026 1020
4027 1021
4028 1022
4029 1023
4030 1024
4030 1024
4031 1025
4032 1026
4033 1027
4034 1028
4035 1029
4036 1030
4037 1031
4038 1032
4039 1033
4040 1034
4040 1034
4041 1035
4042 1036
4043 1037
4044 1038
4045 1039
4046 1040
4047 1041
4048 1042
4049 1043
4050 1044
4050 1044
4051 1045
4052 1046
4053 1047
4054 1048
4055 1049
4056 1050
4057 1051
4058 1052
4059 1053
4060 1054
4060 1054
4061 1055
4062 1056
4063 1057
4064 1058
4065 1059
4066 1060
4067 1061
4068 1062
4069 1063
4070 1064
4070 1064
4071 1065
4072 1066
4073 1067
4074 1068
4075 1069
4076 1070
4077 1071
4078 1072
4079 1073
4080 1074
4080 1074
4081 1075
4082 1076
4083 1077
4084 1078
4085 1079
4086 1080
4087 1081
4088 1082
4089 1083
4090 1084
4090 1084
4091 1085
4092 1086
4093 1087
4094 1088
4095 1089
4096 1090
4097 1091
4098 1092
4099 1093
4100 1094
4100 1094
4101 1095
4102 1096
4103 1097
4104 1098
4105 1099
4106 1100
4107 1101
4108 1102
4109 1103
4110 1104
4120 1105
4130 1106
4140 1107
4150 1108
4160 1109
4170 1110
4180 1111
4190 1112
4200 1113
4200 1113
4201 1114
4202 1115
4203 1116
4204 1117
4205 1118
4206 1119
4207 1120
4208 1121
4209 1122
4210 1123
4220 1124
4230 1125
4240 1126
4250 1127
4260 1128
4270 1129
4280 1130
4290 1131
4300 1132
4300 1132
4301 1133
4302 1134
4303 1135
4304 1136
4305 1137
4306 1138
4307 1139
4308 1140
4309 1141
4310 1142
4320 1143
4330 1144
4340 1145
4350 1146
4360 1147
4370 1148
4380 1149
4390 1150
4400 1151
4400 1151
4401 1152
4402 1153
4403 1154
4404 1155
4405 1156
4406 1157
4407 1158
4408 1159
4409 1160
4410 1161
4420 1162
4430 1163
4440 1164
4450 1165
4460 1166
4470 1167
4480 1168
4490 1169
4500 1170
4500 1170
4501 1171
4502 1172
4503 1173
4504 1174
4505 1175
4506 1176
4507 1177
4508 1178
4509 1179
4510 1180
4520 1181
4530 1182
4540 1183
4550 1184
4560 1185
4570 1186
4580 1187
4590 1188
4600 1189
4600 1189
4601 1190
4602 1191
4603 1192
4604 1193
4605 1194
4606 1195
4607 1196
4608 1197
4609 1198
4610 1199
4620 1200
4630 1201
4640 1202
4650 1203
4660 1204
4670 1205
4680 1206
4690 1207
4700 1208
4700 1208
4701 1209
4702 1210
4703 1211
4704 1212
4705 1213
4706 1214
4707 1215
4708 1216
4709 1217
4710 1218
4720 1219
4730 1220
4740 1221
4750 1222
4760 1223
4770 1224
4780 1225
4790 1226
4800 1227
4800 1227
4801 1228
4802 1229
4803 1230
4804 1231
4805 1232
4806 1233
4807 1234
4808 1235
4809 1236
4810 1237
4820 1238
4830 1239
4840 1240
4850 1241
4860 1242
4870 1243
4880 1244
4890 1245
4900 1246
4900 1246
4901 1247
4902 1248
4903 1249
4904 1250
4905 1251
4906 1252
4907 1253
4908 1254
4909 1255
4910 1256
4920 1257
4930 1258
4940 1259
4950 1260
4960 1261
4970 1262
4980 1263
4990 1264
5000 1265
5000 1265
5000 1265
5001 1266
5001 1266
5002 1267
5002 1267
5003 1268
5003 1268
5004 1269
5004 1269
5005 1270
5005 1270
5006 1271
5006 1271
5007 1272
5007 1272
5008 1273
5008 1273
5009 1274
5009 1274
5010 1275
5010 1275
5011 1276
5012 1277
5013 1278
5014 1279
5015 1280
5016 1281
5017 1282
5018 1283
5019 1284
5020 1285
5020 1285
5021 1286
5022 1287
5023 1288
5024 1289
5025 1290
5026 1291
5027 1292
5028 1293
5029 1294
5030 1295
5030 1295
5031 1296
5032 1297
5033 1298
5034 1299
5035 1300
5036 1301
5037 1302
5038 1303
5039 1304
5040 1305
5040 1305
5041 1306
5042 1307
5043 1308
5044 1309
5045 1310
5046 1311
5047 1312
5048 1313
5049 1314
5050 1315
5050 1315
5051 1316
5052 1317
5053 1318
5054 1319
5055 1320
5056 1321
5057 1322
5058 1323
5059 1324
5060 1325
5060 1325
5061 1326
5062 1327
5063 1328
5064 1329
5065 1330
5066 1331
5067 1332
5068 1333
5069 1334
5070 1335
5070 1335
5071 1336
5072 1337
5073 1338
5074 1339
5075 1340
5076 1341
5077 1342
5078 1343
5079 1344
5080 1345
5080 1345
5081 1346
5082 1347
5083 1348
5084 1349
5085 1350
5086 1351
5087 1352
5088 1353
5089 1354
5090 1355
5090 1355
5091 1356
5092 1357
5093 1358
5094 1359
5095 1360
5096 1361
5097 1362
5098 1363
5099 1364
5100 1365
5100 1365
5101 1366
5102 1367
5103 1368
5104 1369
5105 1370
5106 1371
5107 1372
5108 1373
5109 1374
5110 1375
5120 1376
5130 1377
5140 1378
5150 1379
5160 1380
5170 1381
5180 1382
5190 1383
5200 1384
5200 1384
5201 1385
5202 1386
5203 1387
5204 1388
5205 1389
5206 1390
5207 1391
5208 1392
5209 1393
5210 1394
5220 1395
5230 1396
5240 1397
5250 1398
5260 1399
5270 1400
5280 1401
5290 1402
5300 1403
5300 1403
5301 1404
5302 1405
5303 1406
5304 1407
5305 1408
5306 1409
5307 1410
5308 1411
5309 1412
5310 1413
5320 1414
5330 1415
5340 1416
5350 1417
5360 1418
0 1418
1 2238
2 2238
3 2206
4 2157
5 1720
6 1423
7 1418
8 1418
9 1418
---------------------------------------------------------------
 F 3 181
 K 0  ans 181
 F 3 181
 K 1  ans 362
 F 3 181
 K 2  ans 543
 F 3 181
 K 3  ans 724
 F 3 181
 K 4  ans 905
 I 0 ans 905
 F 2 10
 K 0  ans 1005
 F 2 10
 K 1  ans 1015
 F 2 10
 K 2  ans 1025
 I 1 ans 1025
 F 1 1
 K 0  ans 1035
 F 1 1
 K 1  ans 1036
 F 1 1
 K 2  ans 1037
 F 1 1
 K 3  ans 1038
 F 1 1
 K 4  ans 1039
 F 1 1
 K 5  ans 1040
 I 2 ans 1040
 F 0 0
 K 0  ans 1041
 F 0 0
 K 1  ans 1041
 F 0 0
 K 2  ans 1041
 F 0 0
 K 3  ans 1041
 I 3 ans 1041
