5.0990
7268 10000 7263 9999
3.1623
1193 34130 1192 34127
3.6056
5987 39619 5985 39622
2.0000
24969 31266 24967 31266
2.2361
39112 36655 39111 36657
2.2361
6492 26949 6490 26948
2.2361
5499 6408 5497 6407
1.0000
12773 8361 12772 8361
2.2361
18686 18802 18684 18803
1.0000
646 23793 645 23793
4.4721
33578 24254 33574 24256
1.4142
2341 39446 2340 39447
2.0000
3703 36070 3701 36070
1.0000
1613 28319 1612 28319
0.0000
4416 10375 4416 10375
2.0000
37231 21288 37231 21286
2.0000
12760 10983 12760 10981
2.0000
16997 23590 16997 23588
3.0000
33635 31510 33635 31507
5.0990
18987 1927 18982 1928
1.0000
12241 29098 12240 29098
1.4142
15782 38884 15781 38883
0.0000
931 35124 931 35124
3.1623
31603 31225 31602 31222
2.2361
1746 14992 1744 14991
3.6056
10150 35229 10148 35226
3.0000
26053 22365 26053 22362
4.1231
33881 37655 33877 37654
0.0000
6451 32163 6451 32163
3.6056
36705 28306 36703 28309
4.0000
4744 36937 4740 36937
4.1231
1255 10598 1251 10599
3.1623
37461 30021 37460 30018
5.6569
8562 33164 8558 33160
2.8284
8780 32012 8778 32014
2.8284
29451 34539 29449 34537
2.8284
20461 21855 20459 21853
3.6056
8884 22410 8882 22407
2.0000
16417 16168 16415 16168
2.0000
20773 10773 20773 10771
3.1623
31068 23010 31067 23007
2.0000
3523 13479 3523 13477
5.0000
13131 27837 13131 27832
2.2361
16521 27701 16520 27703
1.4142
19289 31078 19288 31077
3.6056
28737 4204 28734 4206
2.2361
26591 22101 26589 22102
2.2361
8002 23669 8000 23670
1.4142
13614 4555 13613 4554
3.1623
21179 32707 21178 32710
2.8284
31869 39763 31867 39765
1.4142
18877 12469 18876 12468
1.4142
37845 36712 37844 36713
4.1231
509 2909 505 2908
2.8284
29790 32513 29788 32511
3.1623
12212 32526 12211 32529
0.0000
25286 1269 25286 1269
4.2426
9614 21349 9611 21346
3.6056
28933 18815 28931 18812
2.0000
4692 30254 4690 30254
3.1623
1688 32073 1687 32070
2.0000
5767 17038 5765 17038
1.4142
34719 27798 34718 27797
1.0000
1275 23123 1275 23122
1.0000
33769 1443 33769 1442
3.0000
38498 21522 38498 21519
5.0000
18867 22445 18864 22441
1.0000
18540 14679 18540 14678
3.1623
3347 2884 3344 2885
3.6056
10412 32216 10410 32213
3.6056
4282 7751 4280 7748
5.8310
23824 34207 23819 34204
0.0000
38915 830 38915 830
3.1623
28949 39002 28948 39005
2.0000
19114 28084 19114 28082
1.0000
36071 16406 36071 16405
3.6056
12382 4903 12379 4901
2.8284
38211 23630 38209 23628
3.1623
37232 1871 37231 1874
2.2361
21408 651 21406 650
3.0000
18513 17985 18510 17985
1.0000
29207 23583 29207 23582
3.6056
27650 18359 27648 18356
1.4142
13931 2268 13930 2269
1.0000
22244 2113 22243 2113
1.0000
23764 7844 23763 7844
4.2426
17917 19058 17914 19055
4.1231
28532 17767 28528 17768
3.0000
21984 5430 21984 5427
1.0000
3468 31622 3468 31621
0.0000
5847 2674 5847 2674
2.2361
34 12510 33 12508
2.0000
6122 18276 6122 18274
3.1623
14233 21836 14232 21839
4.4721
16626 26638 16624 26642
4.4721
5821 34069 5819 34073
2.0000
4635 7929 4633 7929
0.0000
14251 16795 14251 16795
1.0000
11990 25318 11990 25317
2.2361
24223 3482 24222 3480
4.1231
20537 22737 20533 22738
3.6056
29510 1224 29507 1226
2.0000
12412 11003 12410 11003
0.0000
18426 8273 18426 8273
3.1623
23762 4333 23759 4332
3.0000
38860 27568 38857 27568
2.8284
18782 33673 18780 33671
2.8284
39643 1159 39641 1161
1.4142
26197 7159 26196 7160
4.0000
17883 18166 17879 18166
1.0000
15028 6856 15028 6855
1.4142
25115 28451 25114 28450
2.8284
19287 21006 19285 21004
2.2361
16700 16642 16699 16644
1.4142
7685 7881 7684 7880
2.0000
27166 29366 27166 29364
4.4721
31188 8834 31184 8836
2.0000
17549 6842 17547 6842
3.0000
36197 12837 36197 12834
2.2361
26559 8449 26558 8447
1.0000
25978 19236 25977 19236
2.0000
7756 22134 7754 22134
2.0000
28089 10692 28089 10690
2.2361
23386 11386 23385 11384
3.1623
34102 9023 34101 9026
1.0000
124 23213 123 23213
4.1231
15346 6778 15342 6779
0.0000
27309 34348 27309 34348
2.2361
24600 10337 24598 10338
6.3246
12698 13985 12692 13987
2.0000
33491 37793 33489 37793
2.8284
33839 25603 33837 25601
3.0000
8588 30091 8588 30088
5.0990
17367 27205 17366 27210
2.2361
25980 15970 25978 15969
3.1623
34571 33209 34568 33208
2.2361
6441 8346 6440 8344
3.0000
4084 33381 4081 33381
3.0000
17235 1531 17232 1531
1.0000
32315 8815 32315 8814
2.8284
17700 10502 17698 10500
3.0000
31166 8265 31166 8262
3.6056
34614 26435 34612 26438
0.0000
14160 872 14160 872
2.2361
23503 20631 23502 20633
1.4142
7633 8216 7632 8215
4.0000
26227 13032 26227 13028
2.8284
38389 29880 38387 29882
2.2361
3638 3747 3636 3748
2.0000
30752 9860 30750 9860
2.2361
19494 21068 19492 21067
3.1623
15377 26738 15376 26741
5.0000
24983 28867 24978 28867
4.0000
4666 3070 4666 3066
6.0000
20020 15302 20020 15296
2.2361
22080 34415 22079 34417
3.1623
35328 22695 35325 22694
6.0828
2339 35060 2338 35054
2.8284
39580 34695 39578 34697
3.0000
6657 27137 6654 27137
2.0000
11059 29868 11057 29868
4.0000
11029 12398 11025 12398
2.0000
27985 5426 27983 5426
5.0000
16560 36401 16560 36396
2.2361
12201 27746 12200 27744
2.8284
5299 4781 5297 4779
1.0000
2368 34625 2368 34624
5.0990
28625 35042 28624 35037
3.6056
25236 9580 25233 9578
2.2361
28211 6818 28210 6816
1.4142
70 21935 69 21936
1.0000
3158 33279 3158 33278
2.8284
4388 3487 4386 3485
1.0000
21913 2144 21912 2144
4.1231
7892 30113 7888 30114
1.4142
4955 39143 4954 39142
2.0000
17289 32530 17289 32528
2.0000
36260 35933 36258 35933
2.8284
11107 12175 11105 12177
2.2361
10127 33048 10125 33049
2.2361
17808 34521 17807 34523
2.2361
17855 10757 17853 10758
3.1623
24369 13612 24366 13613
4.4721
23607 15785 23605 15789
2.2361
18778 33133 18777 33131
3.0000
17412 15645 17412 15642
3.6056
11231 28696 11228 28694
2.2361
23122 23739 23120 23740
4.4721
35241 13845 35239 13849
1.0000
37425 2906 37424 2906
3.6056
38326 26043 38323 26041
3.1623
21732 29613 21729 29612
1.0000
0 25887 0 25886
2.8284
23182 6638 23180 6640
0.0000
18898 20088 18898 20088
1.0000
7214 34042 7214 34041
2.2361
20769 32633 20768 32635
5.0000
11157 13882 11154 13886
4.1231
4402 6426 4398 6427
2.2361
35366 24912 35364 24913
5.3852
30500 34442 30495 34440
4.0000
23379 29929 23379 29925
2.0000
11524 26336 11522 26336
1.0000
9297 2628 9297 2627
3.1623
6800 14905 6799 14902
2.2361
32128 29474 32127 29472
5.0000
19232 31100 19227 31100
4.1231
12132 7393 12131 7397
2.0000
10043 34443 10041 34443
3.6056
11984 30750 11982 30753
1.0000
6784 31826 6783 31826
4.1231
5174 16257 5173 16253
4.4721
7020 29467 7016 29469
3.0000
923 39445 920 39445
