5.0990
3.1623
3.6056
2.0000
2.2361
2.2361
2.2361
1.0000
2.2361
1.0000
4.4721
1.4142
2.0000
1.0000
0.0000
2.0000
2.0000
2.0000
3.0000
5.0990
1.0000
1.4142
0.0000
3.1623
2.2361
3.6056
3.0000
4.1231
0.0000
3.6056
4.0000
4.1231
3.1623
5.6569
2.8284
2.8284
2.8284
3.6056
2.0000
2.0000
3.1623
2.0000
5.0000
2.2361
1.4142
3.6056
2.2361
2.2361
1.4142
3.1623
2.8284
1.4142
1.4142
4.1231
2.8284
3.1623
0.0000
4.2426
3.6056
2.0000
3.1623
2.0000
1.4142
1.0000
1.0000
3.0000
5.0000
1.0000
3.1623
3.6056
3.6056
5.8310
0.0000
3.1623
2.0000
1.0000
3.6056
2.8284
3.1623
2.2361
3.0000
1.0000
3.6056
1.4142
1.0000
1.0000
4.2426
4.1231
3.0000
1.0000
0.0000
2.2361
2.0000
3.1623
4.4721
4.4721
2.0000
0.0000
1.0000
2.2361
4.1231
3.6056
2.0000
0.0000
3.1623
3.0000
2.8284
2.8284
1.4142
4.0000
1.0000
1.4142
2.8284
2.2361
1.4142
2.0000
4.4721
2.0000
3.0000
2.2361
1.0000
2.0000
2.0000
2.2361
3.1623
1.0000
4.1231
0.0000
2.2361
6.3246
2.0000
2.8284
3.0000
5.0990
2.2361
3.1623
2.2361
3.0000
3.0000
1.0000
2.8284
3.0000
3.6056
0.0000
2.2361
1.4142
4.0000
2.8284
2.2361
2.0000
2.2361
3.1623
5.0000
4.0000
6.0000
2.2361
3.1623
6.0828
2.8284
3.0000
2.0000
4.0000
2.0000
5.0000
2.2361
2.8284
1.0000
5.0990
3.6056
2.2361
1.4142
1.0000
2.8284
1.0000
4.1231
1.4142
2.0000
2.0000
2.8284
2.2361
2.2361
2.2361
3.1623
4.4721
2.2361
3.0000
3.6056
2.2361
4.4721
1.0000
3.6056
3.1623
1.0000
2.8284
0.0000
1.0000
2.2361
5.0000
4.1231
2.2361
5.3852
4.0000
2.0000
1.0000
3.1623
2.2361
5.0000
4.1231
2.0000
3.6056
1.0000
4.1231
4.4721
3.1623
1.0000
2.8284
4.1231
3.0000
1.4142
5.3852
5.8310
4.0000
1.4142
1.0000
2.0000
0.0000
1.0000
2.0000
6.3246
2.2361
6.0000
1.4142
3.1623
1.0000
3.1623
4.2426
4.1231
3.0000
2.0000
2.0000
2.8284
3.6056
2.0000
1.4142
2.2361
3.6056
2.2361
2.2361
1.0000
2.2361
4.0000
2.2361
3.1623
3.6056
2.2361
6.4031
1.4142
3.1623
6.4031
3.0000
3.0000
2.8284
2.0000
3.0000
4.2426
1.4142
3.0000
3.1623
3.6056
1.4142
1.4142
1.4142
2.2361
5.0000
1.4142
3.1623
0.0000
1.0000
3.0000
1.0000
2.0000
5.0000
1.0000
1.4142
2.0000
0.0000
2.0000
5.0000
2.2361
1.0000
1.0000
1.4142
1.0000
3.0000
2.0000
2.0000
1.0000
5.0000
1.0000
2.0000
3.1623
3.0000
6.0828
5.3852
2.2361
3.1623
3.1623
2.2361
4.0000
0.0000
2.8284
2.0000
1.0000
1.4142
3.0000
4.1231
1.4142
2.0000
2.0000
1.0000
1.4142
1.0000
2.2361
2.2361
2.0000
5.0000
3.0000
2.8284
2.8284
2.8284
3.0000
1.0000
3.6056
3.0000
2.2361
1.4142
4.0000
3.1623
2.2361
1.0000
3.0000
3.6056
1.0000
3.0000
3.6056
2.2361
1.4142
4.0000
4.4721
1.0000
8.0623
1.4142
3.0000
5.3852
2.2361
3.6056
3.6056
2.0000
3.6056
3.0000
7.0711
5.0000
2.2361
2.2361
2.0000
2.2361
6.3246
5.0990
1.4142
1.4142
6.3246
4.4721
3.1623
4.2426
3.6056
3.6056
2.2361
1.4142
3.1623
2.2361
2.8284
3.1623
2.8284
4.4721
1.0000
3.0000
5.0000
3.1623
2.2361
1.4142
2.0000
1.4142
1.0000
4.0000
1.0000
1.0000
7.0711
2.2361
5.3852
1.4142
2.0000
1.4142
3.1623
3.1623
1.0000
2.0000
4.2426
1.4142
1.4142
4.4721
3.0000
2.2361
3.1623
3.0000
2.2361
1.0000
2.0000
2.0000
5.0990
4.4721
2.0000
4.1231
2.2361
2.2361
5.0990
0.0000
2.2361
2.2361
3.1623
3.6056
3.1623
6.0000
1.0000
2.8284
4.1231
2.0000
1.0000
2.2361
2.2361
1.4142
3.1623
5.3852
2.2361
5.0000
2.2361
3.1623
2.2361
4.1231
4.1231
3.1623
3.1623
3.6056
5.0000
2.2361
1.4142
5.3852
1.0000
2.2361
2.2361
2.2361
2.2361
3.1623
2.0000
2.2361
1.4142
3.1623
3.1623
1.0000
2.0000
3.6056
4.4721
2.8284
2.2361
0.0000
4.1231
2.2361
3.6056
3.1623
3.1623
2.0000
5.8310
3.1623
3.1623
1.0000
2.2361
5.6569
4.0000
7.2111
2.0000
3.1623
3.1623
4.0000
1.0000
1.0000
1.0000
2.2361
3.1623
2.2361
4.2426
2.0000
3.6056
2.0000
2.0000
4.4721
2.8284
4.0000
2.8284
2.0000
3.6056
5.0000
2.8284
3.6056
1.0000
1.0000
1.4142
5.0000
0.0000
2.8284
1.0000
1.0000
2.0000
3.1623
2.8284
2.2361
6.0828
1.4142
2.2361
2.8284
2.2361
1.0000
3.6056
2.8284
3.6056
5.0990
3.0000
2.2361
0.0000
4.0000
2.2361
2.2361
5.3852
5.3852
1.4142
3.6056
5.8310
3.6056
3.0000
3.0000
0.0000
1.0000
2.2361
2.2361
3.1623
2.0000
1.0000
3.6056
4.2426
2.0000
3.6056
5.0000
3.6056
3.1623
4.1231
3.0000
3.6056
4.2426
4.4721
2.2361
2.2361
4.1231
1.0000
4.0000
1.4142
2.2361
2.0000
3.1623
2.2361
1.4142
4.0000
1.0000
2.2361
2.2361
1.0000
3.6056
5.0000
3.1623
1.0000
2.2361
2.0000
3.1623
4.2426
2.0000
4.4721
5.0000
2.2361
3.1623
3.1623
3.0000
2.2361
5.0990
1.4142
1.4142
1.0000
1.4142
4.1231
3.1623
3.1623
4.0000
1.0000
5.0000
3.6056
2.8284
2.2361
2.8284
2.0000
2.2361
2.2361
3.1623
1.4142
4.1231
1.4142
2.0000
2.2361
4.1231
1.4142
0.0000
2.8284
4.1231
4.4721
5.3852
2.0000
1.0000
5.0990
0.0000
2.0000
1.0000
2.0000
3.6056
2.8284
2.2361
1.4142
6.4031
6.0000
4.1231
2.2361
6.4031
2.2361
4.4721
4.4721
4.1231
2.2361
4.0000
3.1623
7.2801
1.0000
2.2361
1.0000
0.0000
3.6056
5.3852
3.0000
2.2361
2.2361
0.0000
3.1623
2.0000
2.0000
2.8284
1.0000
1.4142
4.0000
3.1623
4.2426
4.2426
5.0990
4.2426
5.0990
1.4142
4.4721
3.1623
3.0000
2.8284
0.0000
2.8284
3.6056
2.2361
3.0000
3.1623
1.0000
2.2361
4.1231
1.4142
4.4721
5.0000
4.1231
1.0000
1.0000
0.0000
1.0000
4.4721
2.0000
0.0000
6.7082
2.8284
3.6056
5.0000
3.6056
5.0990
3.6056
2.2361
3.1623
4.1231
3.0000
2.8284
4.1231
3.6056
5.0000
2.0000
1.0000
7.0711
5.0990
4.1231
2.0000
3.1623
5.3852
1.4142
1.4142
1.4142
3.6056
7.0711
2.2361
2.2361
2.8284
1.4142
3.1623
3.0000
2.8284
2.0000
0.0000
1.0000
1.4142
2.2361
2.0000
1.0000
2.2361
4.0000
3.1623
3.6056
1.4142
3.1623
2.2361
1.0000
1.4142
3.0000
3.6056
2.2361
1.4142
3.6056
2.8284
2.2361
1.0000
3.1623
4.1231
3.6056
3.1623
2.8284
7.0711
5.0990
2.8284
1.4142
2.2361
3.6056
3.1623
1.4142
2.0000
3.0000
2.0000
1.4142
1.0000
3.1623
2.0000
3.6056
1.0000
4.4721
1.4142
3.0000
3.1623
2.0000
0.0000
2.2361
2.0000
2.8284
2.2361
4.1231
5.0000
1.4142
1.0000
4.1231
5.0000
5.0000
1.0000
3.6056
1.4142
0.0000
3.1623
4.1231
3.1623
2.2361
1.0000
2.0000
2.2361
4.1231
5.3852
1.4142
4.0000
3.6056
5.0000
3.0000
4.4721
5.8310
0.0000
4.1231
2.2361
5.0000
0.0000
1.0000
3.6056
3.1623
3.1623
3.0000
5.0000
4.1231
1.0000
5.3852
3.0000
3.1623
1.4142
4.4721
1.0000
5.3852
1.0000
5.0000
3.6056
5.0990
2.0000
3.6056
5.0000
2.2361
3.1623
3.1623
2.8284
2.2361
1.0000
3.1623
2.2361
7.0711
3.0000
1.4142
5.3852
1.4142
4.2426
1.0000
4.4721
1.0000
1.4142
2.2361
2.0000
4.0000
5.0000
2.0000
1.0000
2.0000
3.1623
0.0000
4.0000
2.0000
4.4721
2.0000
6.7082
3.1623
2.2361
3.6056
6.3246
3.6056
2.2361
4.1231
1.0000
1.4142
5.0990
3.1623
4.0000
3.0000
4.1231
5.8310
2.8284
1.4142
5.0000
2.2361
3.0000
1.4142
5.0990
1.0000
5.0990
5.0990
2.2361
2.2361
5.0000
1.0000
2.8284
0.0000
3.0000
2.2361
5.0990
3.0000
5.0000
1.4142
4.1231
1.0000
3.1623
1.4142
4.4721
5.0000
1.0000
1.0000
3.6056
1.4142
2.0000
3.6056
2.2361
1.4142
3.0000
3.6056
2.2361
7.0711
1.4142
1.0000
4.4721
2.8284
2.2361
2.2361
4.4721
2.0000
3.0000
2.8284
5.6569
2.2361
5.0990
3.0000
2.0000
4.1231
5.8310
4.1231
1.4142
10.4403
2.0000
2.2361
2.2361
0.0000
4.4721
2.2361
4.1231
5.8310
3.0000
4.1231
2.2361
1.4142
4.1231
3.6056
4.0000
0.0000
1.0000
2.2361
3.0000
3.1623
2.8284
1.0000
5.0000
3.0000
0.0000
3.1623
4.2426
3.0000
1.4142
1.4142
4.0000
5.0990
1.0000
2.0000
4.4721
3.0000
2.2361
1.0000
1.4142
3.1623
2.2361
4.4721
5.0000
3.6056
2.0000
2.2361
