423 6
1133 0
4123 7
4134 2
4213 1
11233 5
12123 4
31336 3
53123 8
ORDEM DE VINDA DO VERT 1

NOVO VERT

1129 11
8353 13
12434 10
15322 14
69810 16
81311 9
123365 15
12332323 12
ORDEM DE VINDA DO VERT 2
0 
NOVO VERT

1234 18
1237 19
3334 23
4182 22
6334 21
22334 17
22423 20
ORDEM DE VINDA DO VERT 3
1 9 
NOVO VERT

1237 29
1346 27
2123 26
29234 28
42434 25
2423323 24
ORDEM DE VINDA DO VERT 4
2 10 17 
NOVO VERT

1127 31
31241 34
33133 30
335234 32
341124 33
ORDEM DE VINDA DO VERT 5
11 18 3 24 
NOVO VERT

33 38
31336 36
34361 35
233245 37
ORDEM DE VINDA DO VERT 6
19 4 30 25 12 
NOVO VERT

1236 39
45125 41
416132 40
ORDEM DE VINDA DO VERT 7
31 26 13 5 20 35 
NOVO VERT

1434 43
4312 42
ORDEM DE VINDA DO VERT 8
6 39 27 21 14 36 32 
NOVO VERT

414142 44
ORDEM DE VINDA DO VERT 9
7 22 42 28 15 37 33 40 
NOVO VERT

ORDEM DE VINDA DO VERT 10
38 29 43 23 34 41 8 16 44 
NOVO VERT

 TO NA ARESTA 0 ENTRE 1 E 2 COM PESO 1133
 ARESTA 0 SERA PROCURADA NA LISTA DE ENTRADA DO VERTICE 2:
0
 CONFIRMANDO ARESTA 0 COM PESO 1133
 ESTOU CONSIDERANDO A ARESTA 8353 13
 TO NA ARESTA 13 ENTRE 2 E 7 COM PESO 8353
 ARESTA 13 SERA PROCURADA NA LISTA DE ENTRADA DO VERTICE 7:
31
26
13
5
20
35
 CONFIRMANDO ARESTA 13 COM PESO 8353
 TO NA ARESTA 5 ENTRE 1 E 7 COM PESO 11233
 ARESTA 5 SERA PROCURADA NA LISTA DE ENTRADA DO VERTICE 7:
31
26
13
5
20
35
 CONFIRMANDO ARESTA 5 COM PESO 11233
 TO NA ARESTA 20 ENTRE 3 E 7 COM PESO 22423
 ARESTA 20 SERA PROCURADA NA LISTA DE ENTRADA DO VERTICE 7:
31
26
13
5
20
35
 CONFIRMANDO ARESTA 20 COM PESO 22423
 TO NA ARESTA 35 ENTRE 6 E 7 COM PESO 34361
 ARESTA 35 SERA PROCURADA NA LISTA DE ENTRADA DO VERTICE 7:
31
26
13
5
20
35
 CONFIRMANDO ARESTA 35 COM PESO 34361
 ESTOU CONSIDERANDO A ARESTA 45125 41
 TO NA ARESTA 41 ENTRE 7 E 10 COM PESO 45125
 ARESTA 41 SERA PROCURADA NA LISTA DE ENTRADA DO VERTICE 10:
38
29
43
23
34
41
8
16
44
 CONFIRMANDO ARESTA 41 COM PESO 45125
 TO NA ARESTA 8 ENTRE 1 E 10 COM PESO 53123
 ARESTA 8 SERA PROCURADA NA LISTA DE ENTRADA DO VERTICE 10:
38
29
43
23
34
41
8
16
44
 CONFIRMANDO ARESTA 8 COM PESO 53123
 TO NA ARESTA 16 ENTRE 2 E 10 COM PESO 69810
 ARESTA 16 SERA PROCURADA NA LISTA DE ENTRADA DO VERTICE 10:
38
29
43
23
34
41
8
16
44
 CONFIRMANDO ARESTA 16 COM PESO 69810
 TO NA ARESTA 44 ENTRE 9 E 10 COM PESO 414142
 ARESTA 44 SERA PROCURADA NA LISTA DE ENTRADA DO VERTICE 10:
38
29
43
23
34
41
8
16
44
 CONFIRMANDO ARESTA 44 COM PESO 414142
SAINDO 
 POSSO PEGAR A RESPOSTA DA PROXIMA Q EH A ARESTA 44 DE VALOR 0
SAINDO 
 POSSO PEGAR A RESPOSTA DA PROXIMA Q EH A ARESTA 16 DE VALOR 0
SAINDO 
 POSSO PEGAR A RESPOSTA DA PROXIMA Q EH A ARESTA 8 DE VALOR 0
SAINDO 
 ESTOU CONSIDERANDO A ARESTA 416132 40
 TO NA ARESTA 40 ENTRE 7 E 9 COM PESO 416132
 ARESTA 40 SERA PROCURADA NA LISTA DE ENTRADA DO VERTICE 9:
7
22
42
28
15
37
33
40
 CONFIRMANDO ARESTA 40 COM PESO 416132
SAINDO 
SAINDO 
 POSSO PEGAR A RESPOSTA DA PROXIMA Q EH A ARESTA 35 DE VALOR 1
SAINDO 
 POSSO PEGAR A RESPOSTA DA PROXIMA Q EH A ARESTA 20 DE VALOR 1
SAINDO 
 POSSO PEGAR A RESPOSTA DA PROXIMA Q EH A ARESTA 5 DE VALOR 1
SAINDO 
 ESTOU CONSIDERANDO A ARESTA 12434 10
 TO NA ARESTA 10 ENTRE 2 E 4 COM PESO 12434
 ARESTA 10 SERA PROCURADA NA LISTA DE ENTRADA DO VERTICE 4:
2
10
17
 CONFIRMANDO ARESTA 10 COM PESO 12434
 TO NA ARESTA 17 ENTRE 3 E 4 COM PESO 22334
 ARESTA 17 SERA PROCURADA NA LISTA DE ENTRADA DO VERTICE 4:
2
10
17
 CONFIRMANDO ARESTA 17 COM PESO 22334
 ESTOU CONSIDERANDO A ARESTA 29234 28
 TO NA ARESTA 28 ENTRE 4 E 9 COM PESO 29234
 ARESTA 28 SERA PROCURADA NA LISTA DE ENTRADA DO VERTICE 9:
7
22
42
28
15
37
33
40
 CONFIRMANDO ARESTA 28 COM PESO 29234
 TO NA ARESTA 15 ENTRE 2 E 9 COM PESO 123365
 ARESTA 15 SERA PROCURADA NA LISTA DE ENTRADA DO VERTICE 9:
7
22
42
28
15
37
33
40
 CONFIRMANDO ARESTA 15 COM PESO 123365
 TO NA ARESTA 37 ENTRE 6 E 9 COM PESO 233245
 ARESTA 37 SERA PROCURADA NA LISTA DE ENTRADA DO VERTICE 9:
7
22
42
28
15
37
33
40
 CONFIRMANDO ARESTA 37 COM PESO 233245
 TO NA ARESTA 33 ENTRE 5 E 9 COM PESO 341124
 ARESTA 33 SERA PROCURADA NA LISTA DE ENTRADA DO VERTICE 9:
7
22
42
28
15
37
33
40
 CONFIRMANDO ARESTA 33 COM PESO 341124
 POSSO PEGAR A RESPOSTA DA PROXIMA Q EH A ARESTA 40 DE VALOR 0
 ESTOU CONSIDERANDO A ARESTA 414142 44
SAINDO 
 POSSO PEGAR A RESPOSTA DA PROXIMA Q EH A ARESTA 33 DE VALOR 1
SAINDO 
 POSSO PEGAR A RESPOSTA DA PROXIMA Q EH A ARESTA 37 DE VALOR 1
SAINDO 
 POSSO PEGAR A RESPOSTA DA PROXIMA Q EH A ARESTA 15 DE VALOR 1
SAINDO 
 ESTOU CONSIDERANDO A ARESTA 42434 25
 TO NA ARESTA 25 ENTRE 4 E 6 COM PESO 42434
 ARESTA 25 SERA PROCURADA NA LISTA DE ENTRADA DO VERTICE 6:
19
4
30
25
12
 CONFIRMANDO ARESTA 25 COM PESO 42434
 TO NA ARESTA 12 ENTRE 2 E 6 COM PESO 12332323
 ARESTA 12 SERA PROCURADA NA LISTA DE ENTRADA DO VERTICE 6:
19
4
30
25
12
 CONFIRMANDO ARESTA 12 COM PESO 12332323
SAINDO 
 POSSO PEGAR A RESPOSTA DA PROXIMA Q EH A ARESTA 12 DE VALOR 0
 ESTOU CONSIDERANDO A ARESTA 233245 37
SAINDO 
 ESTOU CONSIDERANDO A ARESTA 2423323 24
 TO NA ARESTA 24 ENTRE 4 E 5 COM PESO 2423323
 ARESTA 24 SERA PROCURADA NA LISTA DE ENTRADA DO VERTICE 5:
11
18
3
24
 CONFIRMANDO ARESTA 24 COM PESO 2423323
SAINDO 
SAINDO 
 POSSO PEGAR A RESPOSTA DA PROXIMA Q EH A ARESTA 17 DE VALOR 3
SAINDO 
 ESTOU CONSIDERANDO A ARESTA 15322 14
 TO NA ARESTA 14 ENTRE 2 E 8 COM PESO 15322
 ARESTA 14 SERA PROCURADA NA LISTA DE ENTRADA DO VERTICE 8:
6
39
27
21
14
36
32
 CONFIRMANDO ARESTA 14 COM PESO 15322
 TO NA ARESTA 36 ENTRE 6 E 8 COM PESO 31336
 ARESTA 36 SERA PROCURADA NA LISTA DE ENTRADA DO VERTICE 8:
6
39
27
21
14
36
32
 CONFIRMANDO ARESTA 36 COM PESO 31336
 TO NA ARESTA 32 ENTRE 5 E 8 COM PESO 335234
 ARESTA 32 SERA PROCURADA NA LISTA DE ENTRADA DO VERTICE 8:
6
39
27
21
14
36
32
 CONFIRMANDO ARESTA 32 COM PESO 335234
SAINDO 
 POSSO PEGAR A RESPOSTA DA PROXIMA Q EH A ARESTA 32 DE VALOR 0
SAINDO 
 POSSO PEGAR A RESPOSTA DA PROXIMA Q EH A ARESTA 36 DE VALOR 0
SAINDO 
 ESTOU CONSIDERANDO A ARESTA 69810 16
 ESTOU CONSIDERANDO A ARESTA 81311 9
 TO NA ARESTA 9 ENTRE 2 E 3 COM PESO 81311
 ARESTA 9 SERA PROCURADA NA LISTA DE ENTRADA DO VERTICE 3:
1
9
 CONFIRMANDO ARESTA 9 COM PESO 81311
SAINDO 
 ESTOU CONSIDERANDO A ARESTA 123365 15
 ESTOU CONSIDERANDO A ARESTA 12332323 12
SAINDO 
 ans 0 5
 TO NA ARESTA 1 ENTRE 1 E 3 COM PESO 4213
 ARESTA 1 SERA PROCURADA NA LISTA DE ENTRADA DO VERTICE 3:
1
9
 CONFIRMANDO ARESTA 1 COM PESO 4213
 POSSO PEGAR A RESPOSTA DA PROXIMA Q EH A ARESTA 9 DE VALOR 0
 ESTOU CONSIDERANDO A ARESTA 6334 21
 TO NA ARESTA 21 ENTRE 3 E 8 COM PESO 6334
 ARESTA 21 SERA PROCURADA NA LISTA DE ENTRADA DO VERTICE 8:
6
39
27
21
14
36
32
 CONFIRMANDO ARESTA 21 COM PESO 6334
 POSSO PEGAR A RESPOSTA DA PROXIMA Q EH A ARESTA 14 DE VALOR 0
SAINDO 
 ESTOU CONSIDERANDO A ARESTA 22334 17
 ESTOU CONSIDERANDO A ARESTA 22423 20
SAINDO 
 ans 1 5
 TO NA ARESTA 2 ENTRE 1 E 4 COM PESO 4134
 ARESTA 2 SERA PROCURADA NA LISTA DE ENTRADA DO VERTICE 4:
2
10
17
 CONFIRMANDO ARESTA 2 COM PESO 4134
 POSSO PEGAR A RESPOSTA DA PROXIMA Q EH A ARESTA 10 DE VALOR 3
SAINDO 
 ans 2 4
 TO NA ARESTA 3 ENTRE 1 E 5 COM PESO 31336
 ARESTA 3 SERA PROCURADA NA LISTA DE ENTRADA DO VERTICE 5:
11
18
3
24
 CONFIRMANDO ARESTA 3 COM PESO 31336
 POSSO PEGAR A RESPOSTA DA PROXIMA Q EH A ARESTA 24 DE VALOR 0
 ESTOU CONSIDERANDO A ARESTA 33133 30
 TO NA ARESTA 30 ENTRE 5 E 6 COM PESO 33133
 ARESTA 30 SERA PROCURADA NA LISTA DE ENTRADA DO VERTICE 6:
19
4
30
25
12
 CONFIRMANDO ARESTA 30 COM PESO 33133
 POSSO PEGAR A RESPOSTA DA PROXIMA Q EH A ARESTA 25 DE VALOR 2
 ESTOU CONSIDERANDO A ARESTA 34361 35
SAINDO 
 ESTOU CONSIDERANDO A ARESTA 335234 32
 ESTOU CONSIDERANDO A ARESTA 341124 33
SAINDO 
 ans 3 4
 TO NA ARESTA 4 ENTRE 1 E 6 COM PESO 12123
 ARESTA 4 SERA PROCURADA NA LISTA DE ENTRADA DO VERTICE 6:
19
4
30
25
12
 CONFIRMANDO ARESTA 4 COM PESO 12123
 POSSO PEGAR A RESPOSTA DA PROXIMA Q EH A ARESTA 30 DE VALOR 2
 ESTOU CONSIDERANDO A ARESTA 31336 36
SAINDO 
 ans 4 3
 ans 5 2
 TO NA ARESTA 6 ENTRE 1 E 8 COM PESO 423
 ARESTA 6 SERA PROCURADA NA LISTA DE ENTRADA DO VERTICE 8:
6
39
27
21
14
36
32
 CONFIRMANDO ARESTA 6 COM PESO 423
 TO NA ARESTA 39 ENTRE 7 E 8 COM PESO 1236
 ARESTA 39 SERA PROCURADA NA LISTA DE ENTRADA DO VERTICE 8:
6
39
27
21
14
36
32
 CONFIRMANDO ARESTA 39 COM PESO 1236
 TO NA ARESTA 27 ENTRE 4 E 8 COM PESO 1346
 ARESTA 27 SERA PROCURADA NA LISTA DE ENTRADA DO VERTICE 8:
6
39
27
21
14
36
32
 CONFIRMANDO ARESTA 27 COM PESO 1346
 POSSO PEGAR A RESPOSTA DA PROXIMA Q EH A ARESTA 21 DE VALOR 0
 ESTOU CONSIDERANDO A ARESTA 1434 43
 TO NA ARESTA 43 ENTRE 8 E 10 COM PESO 1434
 ARESTA 43 SERA PROCURADA NA LISTA DE ENTRADA DO VERTICE 10:
38
29
43
23
34
41
8
16
44
 CONFIRMANDO ARESTA 43 COM PESO 1434
 TO NA ARESTA 23 ENTRE 3 E 10 COM PESO 3334
 ARESTA 23 SERA PROCURADA NA LISTA DE ENTRADA DO VERTICE 10:
38
29
43
23
34
41
8
16
44
 CONFIRMANDO ARESTA 23 COM PESO 3334
 TO NA ARESTA 34 ENTRE 5 E 10 COM PESO 31241
 ARESTA 34 SERA PROCURADA NA LISTA DE ENTRADA DO VERTICE 10:
38
29
43
23
34
41
8
16
44
 CONFIRMANDO ARESTA 34 COM PESO 31241
 POSSO PEGAR A RESPOSTA DA PROXIMA Q EH A ARESTA 41 DE VALOR 0
SAINDO 
 POSSO PEGAR A RESPOSTA DA PROXIMA Q EH A ARESTA 34 DE VALOR 0
SAINDO 
 POSSO PEGAR A RESPOSTA DA PROXIMA Q EH A ARESTA 23 DE VALOR 0
SAINDO 
 ESTOU CONSIDERANDO A ARESTA 4312 42
 TO NA ARESTA 42 ENTRE 8 E 9 COM PESO 4312
 ARESTA 42 SERA PROCURADA NA LISTA DE ENTRADA DO VERTICE 9:
7
22
42
28
15
37
33
40
 CONFIRMANDO ARESTA 42 COM PESO 4312
 POSSO PEGAR A RESPOSTA DA PROXIMA Q EH A ARESTA 28 DE VALOR 1
SAINDO 
SAINDO 
 POSSO PEGAR A RESPOSTA DA PROXIMA Q EH A ARESTA 27 DE VALOR 2
SAINDO 
 POSSO PEGAR A RESPOSTA DA PROXIMA Q EH A ARESTA 39 DE VALOR 2
SAINDO 
 ans 6 3
 TO NA ARESTA 7 ENTRE 1 E 9 COM PESO 4123
 ARESTA 7 SERA PROCURADA NA LISTA DE ENTRADA DO VERTICE 9:
7
22
42
28
15
37
33
40
 CONFIRMANDO ARESTA 7 COM PESO 4123
 TO NA ARESTA 22 ENTRE 3 E 9 COM PESO 4182
 ARESTA 22 SERA PROCURADA NA LISTA DE ENTRADA DO VERTICE 9:
7
22
42
28
15
37
33
40
 CONFIRMANDO ARESTA 22 COM PESO 4182
 POSSO PEGAR A RESPOSTA DA PROXIMA Q EH A ARESTA 42 DE VALOR 1
SAINDO 
 POSSO PEGAR A RESPOSTA DA PROXIMA Q EH A ARESTA 22 DE VALOR 1
SAINDO 
 ans 7 2
 ans 8 1
 ans 9 1
 ans 10 4
 TO NA ARESTA 11 ENTRE 2 E 5 COM PESO 1129
 ARESTA 11 SERA PROCURADA NA LISTA DE ENTRADA DO VERTICE 5:
11
18
3
24
 CONFIRMANDO ARESTA 11 COM PESO 1129
 TO NA ARESTA 18 ENTRE 3 E 5 COM PESO 1234
 ARESTA 18 SERA PROCURADA NA LISTA DE ENTRADA DO VERTICE 5:
11
18
3
24
 CONFIRMANDO ARESTA 18 COM PESO 1234
 POSSO PEGAR A RESPOSTA DA PROXIMA Q EH A ARESTA 3 DE VALOR 3
 ESTOU CONSIDERANDO A ARESTA 31241 34
SAINDO 
 POSSO PEGAR A RESPOSTA DA PROXIMA Q EH A ARESTA 18 DE VALOR 3
SAINDO 
 ans 11 4
 ans 12 1
 ans 13 2
 ans 14 1
 ans 15 2
 ans 16 1
 ans 17 4
 ans 18 4
 TO NA ARESTA 19 ENTRE 3 E 6 COM PESO 1237
 ARESTA 19 SERA PROCURADA NA LISTA DE ENTRADA DO VERTICE 6:
19
4
30
25
12
 CONFIRMANDO ARESTA 19 COM PESO 1237
 POSSO PEGAR A RESPOSTA DA PROXIMA Q EH A ARESTA 4 DE VALOR 2
SAINDO 
 ans 19 3
 ans 20 2
 ans 21 1
 ans 22 2
 ans 23 1
 ans 24 1
 ans 25 3
 TO NA ARESTA 26 ENTRE 4 E 7 COM PESO 2123
 ARESTA 26 SERA PROCURADA NA LISTA DE ENTRADA DO VERTICE 7:
31
26
13
5
20
35
 CONFIRMANDO ARESTA 26 COM PESO 2123
 POSSO PEGAR A RESPOSTA DA PROXIMA Q EH A ARESTA 13 DE VALOR 1
SAINDO 
 ans 26 2
 ans 27 3
 ans 28 2
 TO NA ARESTA 29 ENTRE 4 E 10 COM PESO 1237
 ARESTA 29 SERA PROCURADA NA LISTA DE ENTRADA DO VERTICE 10:
38
29
43
23
34
41
8
16
44
 CONFIRMANDO ARESTA 29 COM PESO 1237
 POSSO PEGAR A RESPOSTA DA PROXIMA Q EH A ARESTA 43 DE VALOR 0
SAINDO 
 ans 29 1
 ans 30 3
 TO NA ARESTA 31 ENTRE 5 E 7 COM PESO 1127
 ARESTA 31 SERA PROCURADA NA LISTA DE ENTRADA DO VERTICE 7:
31
26
13
5
20
35
 CONFIRMANDO ARESTA 31 COM PESO 1127
 POSSO PEGAR A RESPOSTA DA PROXIMA Q EH A ARESTA 26 DE VALOR 1
 ESTOU CONSIDERANDO A ARESTA 1236 39
SAINDO 
 ans 31 4
 ans 32 1
 ans 33 2
 ans 34 1
 ans 35 2
 ans 36 1
 ans 37 2
 TO NA ARESTA 38 ENTRE 6 E 10 COM PESO 33
 ARESTA 38 SERA PROCURADA NA LISTA DE ENTRADA DO VERTICE 10:
38
29
43
23
34
41
8
16
44
 CONFIRMANDO ARESTA 38 COM PESO 33
 POSSO PEGAR A RESPOSTA DA PROXIMA Q EH A ARESTA 29 DE VALOR 0
SAINDO 
 ans 38 1
 ans 39 3
 ans 40 1
 ans 41 1
 ans 42 2
 ans 43 1
 ans 44 1
5
